[18:19:14 - AWT-EventQueue-0] [Cooja.java:2856] [INFO] - External tools default settings: /external_tools_linux_64.config
[18:19:14 - AWT-EventQueue-0] [Cooja.java:2886] [INFO] - External tools user settings: /home/user/.cooja.user.properties
[18:19:19 - Thread-0] [Simulation.java:422] [INFO] - Simulation random seed: 123456
[18:19:19 - Thread-0] [CompileContiki.java:140] [INFO] - > make udp-server.z1 TARGET=z1 
[18:19:19 - Thread-0] [CompileContiki.java:140] [INFO] - > make udp-client.z1 TARGET=z1 
[18:19:19 - Thread-0] [CompileContiki.java:140] [INFO] - > make udp-malicious-client.z1 TARGET=z1 
[18:19:20 - Thread-0] [MspMote.java:235] [INFO] - Loading firmware from: /home/user/contiki/examples/ipv6/rpl-udp-fresh/udp-server.z1
[18:19:20 - Thread-0] [MspMote.java:235] [INFO] - Loading firmware from: /home/user/contiki/examples/ipv6/rpl-udp-fresh/udp-client.z1
[18:19:20 - Thread-0] [MspMote.java:235] [INFO] - Loading firmware from: /home/user/contiki/examples/ipv6/rpl-udp-fresh/udp-client.z1
[18:19:20 - Thread-0] [MspMote.java:235] [INFO] - Loading firmware from: /home/user/contiki/examples/ipv6/rpl-udp-fresh/udp-client.z1
[18:19:20 - Thread-0] [MspMote.java:235] [INFO] - Loading firmware from: /home/user/contiki/examples/ipv6/rpl-udp-fresh/udp-client.z1
[18:19:20 - Thread-0] [MspMote.java:235] [INFO] - Loading firmware from: /home/user/contiki/examples/ipv6/rpl-udp-fresh/udp-client.z1
[18:19:20 - Thread-0] [MspMote.java:235] [INFO] - Loading firmware from: /home/user/contiki/examples/ipv6/rpl-udp-fresh/udp-client.z1
[18:19:20 - Thread-0] [MspMote.java:235] [INFO] - Loading firmware from: /home/user/contiki/examples/ipv6/rpl-udp-fresh/udp-client.z1
[18:19:20 - Thread-0] [MspMote.java:235] [INFO] - Loading firmware from: /home/user/contiki/examples/ipv6/rpl-udp-fresh/udp-client.z1
[18:19:20 - Thread-0] [MspMote.java:235] [INFO] - Loading firmware from: /home/user/contiki/examples/ipv6/rpl-udp-fresh/udp-client.z1
[18:19:20 - Thread-0] [MspMote.java:235] [INFO] - Loading firmware from: /home/user/contiki-malicious/examples/ipv6/rpl-udp-controller-data/udp-malicious-client.z1
[18:19:21 - Thread-0] [Visualizer.java:256] [INFO] - Registered external visualizer: org.contikios.cooja.plugins.skins.DGRMVisualizerSkin
[18:19:21 - Thread-1] [SerialPortDiscoveryServer.java:20] [INFO] - Creating server for serial2pty serial port discovery. Listening on port 6100
[18:19:24 - Thread-4] [Simulation.java:253] [INFO] - Simulation main loop started, system time: 1578410364107
[18:22:08 - Thread-4] [Simulation.java:312] [INFO] - Simulation main loop stopped, system time: 1578410528385	Duration: 164278 ms	Simulated time 4137463 ms	Ratio 25.1857400260534
[18:30:56 - Thread-5] [Simulation.java:422] [INFO] - Simulation random seed: 123456
[18:30:56 - Thread-5] [CompileContiki.java:140] [INFO] - > make udp-server.z1 TARGET=z1 
[18:30:56 - Thread-5] [CompileContiki.java:140] [INFO] - > make udp-client.z1 TARGET=z1 
[18:30:56 - Thread-5] [CompileContiki.java:140] [INFO] - > make udp-malicious-client.z1 TARGET=z1 
[18:30:57 - Thread-5] [MspMote.java:235] [INFO] - Loading firmware from: /home/user/contiki/examples/ipv6/rpl-udp-fresh/udp-server.z1
[18:30:57 - Thread-5] [MspMote.java:235] [INFO] - Loading firmware from: /home/user/contiki/examples/ipv6/rpl-udp-fresh/udp-client.z1
[18:30:57 - Thread-5] [MspMote.java:235] [INFO] - Loading firmware from: /home/user/contiki/examples/ipv6/rpl-udp-fresh/udp-client.z1
[18:30:57 - Thread-5] [MspMote.java:235] [INFO] - Loading firmware from: /home/user/contiki/examples/ipv6/rpl-udp-fresh/udp-client.z1
[18:30:57 - Thread-5] [MspMote.java:235] [INFO] - Loading firmware from: /home/user/contiki/examples/ipv6/rpl-udp-fresh/udp-client.z1
[18:30:57 - Thread-5] [MspMote.java:235] [INFO] - Loading firmware from: /home/user/contiki/examples/ipv6/rpl-udp-fresh/udp-client.z1
[18:30:57 - Thread-5] [MspMote.java:235] [INFO] - Loading firmware from: /home/user/contiki/examples/ipv6/rpl-udp-fresh/udp-client.z1
[18:30:57 - Thread-5] [MspMote.java:235] [INFO] - Loading firmware from: /home/user/contiki/examples/ipv6/rpl-udp-fresh/udp-client.z1
[18:30:57 - Thread-5] [MspMote.java:235] [INFO] - Loading firmware from: /home/user/contiki/examples/ipv6/rpl-udp-fresh/udp-client.z1
[18:30:57 - Thread-5] [MspMote.java:235] [INFO] - Loading firmware from: /home/user/contiki/examples/ipv6/rpl-udp-fresh/udp-client.z1
[18:30:57 - Thread-5] [MspMote.java:235] [INFO] - Loading firmware from: /home/user/contiki-malicious/examples/ipv6/rpl-udp-controller-data/udp-malicious-client.z1
[10:12:07 - Thread-3] [Serial2Pty.java:202] [FATAL] - Error while reading from in pipe: java.io.IOException: Input/output error
[10:12:43 - Thread-8] [Simulation.java:253] [INFO] - Simulation main loop started, system time: 1578467563504
[10:12:51 - Thread-8] [Simulation.java:312] [INFO] - Simulation main loop stopped, system time: 1578467571456	Duration: 7952 ms	Simulated time 77416 ms	Ratio 9.735412474849095
[10:12:53 - Thread-7] [Serial2Pty.java:202] [FATAL] - Error while reading from in pipe: java.io.IOException: Input/output error
[10:12:55 - Thread-9] [Simulation.java:422] [INFO] - Simulation random seed: 123456
[10:12:55 - Thread-9] [CompileContiki.java:140] [INFO] - > make udp-server.z1 TARGET=z1 
[10:12:56 - Thread-9] [CompileContiki.java:140] [INFO] - > make udp-client.z1 TARGET=z1 
[10:12:56 - Thread-9] [CompileContiki.java:140] [INFO] - > make udp-malicious-client.z1 TARGET=z1 
[10:12:56 - Thread-9] [MspMote.java:235] [INFO] - Loading firmware from: /home/user/contiki/examples/ipv6/rpl-udp-fresh/udp-server.z1
[10:12:56 - Thread-9] [MspMote.java:235] [INFO] - Loading firmware from: /home/user/contiki/examples/ipv6/rpl-udp-fresh/udp-client.z1
[10:12:57 - Thread-9] [MspMote.java:235] [INFO] - Loading firmware from: /home/user/contiki/examples/ipv6/rpl-udp-fresh/udp-client.z1
[10:12:57 - Thread-9] [MspMote.java:235] [INFO] - Loading firmware from: /home/user/contiki/examples/ipv6/rpl-udp-fresh/udp-client.z1
[10:12:57 - Thread-9] [MspMote.java:235] [INFO] - Loading firmware from: /home/user/contiki/examples/ipv6/rpl-udp-fresh/udp-client.z1
[10:12:57 - Thread-9] [MspMote.java:235] [INFO] - Loading firmware from: /home/user/contiki/examples/ipv6/rpl-udp-fresh/udp-client.z1
[10:12:57 - Thread-9] [MspMote.java:235] [INFO] - Loading firmware from: /home/user/contiki/examples/ipv6/rpl-udp-fresh/udp-client.z1
[10:12:57 - Thread-9] [MspMote.java:235] [INFO] - Loading firmware from: /home/user/contiki/examples/ipv6/rpl-udp-fresh/udp-client.z1
[10:12:57 - Thread-9] [MspMote.java:235] [INFO] - Loading firmware from: /home/user/contiki/examples/ipv6/rpl-udp-fresh/udp-client.z1
[10:12:57 - Thread-9] [MspMote.java:235] [INFO] - Loading firmware from: /home/user/contiki/examples/ipv6/rpl-udp-fresh/udp-client.z1
[10:12:57 - Thread-9] [MspMote.java:235] [INFO] - Loading firmware from: /home/user/contiki-malicious/examples/ipv6/rpl-udp-controller-data/udp-malicious-client.z1
[10:13:01 - Thread-12] [Simulation.java:253] [INFO] - Simulation main loop started, system time: 1578467581214
[10:14:43 - Thread-12] [Simulation.java:312] [INFO] - Simulation main loop stopped, system time: 1578467683275	Duration: 102061 ms	Simulated time 2575823 ms	Ratio 25.23807330909946
[14:15:04 - Thread-13] [Simulation.java:253] [INFO] - Simulation main loop started, system time: 1578482104472
[14:20:15 - Thread-13] [Simulation.java:312] [INFO] - Simulation main loop stopped, system time: 1578482415132	Duration: 310660 ms	Simulated time 10155625 ms	Ratio 32.690481555398186
[14:27:32 - Thread-11] [Serial2Pty.java:202] [FATAL] - Error while reading from in pipe: java.io.IOException: Input/output error
[14:27:32 - Thread-14] [Simulation.java:422] [INFO] - Simulation random seed: 123456
[14:27:32 - Thread-14] [CompileContiki.java:140] [INFO] - > make udp-server.z1 TARGET=z1 
[14:27:32 - Thread-14] [CompileContiki.java:140] [INFO] - > make udp-client.z1 TARGET=z1 
[14:27:33 - Thread-14] [CompileContiki.java:140] [INFO] - > make udp-malicious-client.z1 TARGET=z1 
[14:27:33 - Thread-14] [MspMote.java:235] [INFO] - Loading firmware from: /home/user/contiki/examples/ipv6/rpl-udp-fresh/udp-server.z1
[14:27:33 - Thread-14] [MspMote.java:235] [INFO] - Loading firmware from: /home/user/contiki/examples/ipv6/rpl-udp-fresh/udp-client.z1
[14:27:33 - Thread-14] [MspMote.java:235] [INFO] - Loading firmware from: /home/user/contiki/examples/ipv6/rpl-udp-fresh/udp-client.z1
[14:27:33 - Thread-14] [MspMote.java:235] [INFO] - Loading firmware from: /home/user/contiki/examples/ipv6/rpl-udp-fresh/udp-client.z1
[14:27:33 - Thread-14] [MspMote.java:235] [INFO] - Loading firmware from: /home/user/contiki/examples/ipv6/rpl-udp-fresh/udp-client.z1
[14:27:33 - Thread-14] [MspMote.java:235] [INFO] - Loading firmware from: /home/user/contiki/examples/ipv6/rpl-udp-fresh/udp-client.z1
[14:27:33 - Thread-14] [MspMote.java:235] [INFO] - Loading firmware from: /home/user/contiki/examples/ipv6/rpl-udp-fresh/udp-client.z1
[14:27:33 - Thread-14] [MspMote.java:235] [INFO] - Loading firmware from: /home/user/contiki/examples/ipv6/rpl-udp-fresh/udp-client.z1
[14:27:33 - Thread-14] [MspMote.java:235] [INFO] - Loading firmware from: /home/user/contiki/examples/ipv6/rpl-udp-fresh/udp-client.z1
[14:27:33 - Thread-14] [MspMote.java:235] [INFO] - Loading firmware from: /home/user/contiki/examples/ipv6/rpl-udp-fresh/udp-client.z1
[14:27:33 - Thread-14] [MspMote.java:235] [INFO] - Loading firmware from: /home/user/contiki-malicious/examples/ipv6/rpl-udp-controller-data/udp-malicious-client.z1
[14:27:45 - Thread-17] [Simulation.java:253] [INFO] - Simulation main loop started, system time: 1578482865241
[14:35:33 - Thread-17] [Simulation.java:312] [INFO] - Simulation main loop stopped, system time: 1578483333036	Duration: 467795 ms	Simulated time 3547191 ms	Ratio 7.582789469746364
[14:35:33 - Thread-18] [Simulation.java:422] [INFO] - Simulation random seed: 123456
[14:35:33 - Thread-18] [CompileContiki.java:140] [INFO] - > make udp-server.z1 TARGET=z1 
[14:35:33 - Thread-18] [CompileContiki.java:140] [INFO] - > make udp-client.z1 TARGET=z1 
[14:35:33 - Thread-18] [CompileContiki.java:140] [INFO] - > make udp-malicious-client.z1 TARGET=z1 
[14:35:33 - Thread-18] [MspMote.java:235] [INFO] - Loading firmware from: /home/user/contiki/examples/ipv6/rpl-udp-fresh/udp-server.z1
[14:35:33 - Thread-18] [MspMote.java:235] [INFO] - Loading firmware from: /home/user/contiki/examples/ipv6/rpl-udp-fresh/udp-client.z1
[14:35:33 - Thread-18] [MspMote.java:235] [INFO] - Loading firmware from: /home/user/contiki/examples/ipv6/rpl-udp-fresh/udp-client.z1
[14:35:34 - Thread-18] [MspMote.java:235] [INFO] - Loading firmware from: /home/user/contiki/examples/ipv6/rpl-udp-fresh/udp-client.z1
[14:35:34 - Thread-18] [MspMote.java:235] [INFO] - Loading firmware from: /home/user/contiki/examples/ipv6/rpl-udp-fresh/udp-client.z1
[14:35:34 - Thread-18] [MspMote.java:235] [INFO] - Loading firmware from: /home/user/contiki/examples/ipv6/rpl-udp-fresh/udp-client.z1
[14:35:34 - Thread-18] [MspMote.java:235] [INFO] - Loading firmware from: /home/user/contiki/examples/ipv6/rpl-udp-fresh/udp-client.z1
[14:35:34 - Thread-18] [MspMote.java:235] [INFO] - Loading firmware from: /home/user/contiki/examples/ipv6/rpl-udp-fresh/udp-client.z1
[14:35:34 - Thread-18] [MspMote.java:235] [INFO] - Loading firmware from: /home/user/contiki/examples/ipv6/rpl-udp-fresh/udp-client.z1
[14:35:34 - Thread-18] [MspMote.java:235] [INFO] - Loading firmware from: /home/user/contiki/examples/ipv6/rpl-udp-fresh/udp-client.z1
[14:35:34 - Thread-18] [MspMote.java:235] [INFO] - Loading firmware from: /home/user/contiki-malicious/examples/ipv6/rpl-udp-controller-data/udp-malicious-client.z1
[14:35:34 - Thread-21] [Simulation.java:253] [INFO] - Simulation main loop started, system time: 1578483334615
[15:06:58 - Thread-20] [Serial2Pty.java:202] [FATAL] - Error while reading from in pipe: java.io.IOException: Input/output error
[15:06:58 - Thread-21] [Simulation.java:312] [INFO] - Simulation main loop stopped, system time: 1578485218334	Duration: 1883719 ms	Simulated time 8537117 ms	Ratio 4.532054409389086
[15:06:58 - Thread-22] [Simulation.java:422] [INFO] - Simulation random seed: 123456
[15:06:58 - Thread-22] [CompileContiki.java:140] [INFO] - > make udp-server.z1 TARGET=z1 
[15:06:58 - Thread-22] [CompileContiki.java:140] [INFO] - > make udp-client.z1 TARGET=z1 
[15:06:58 - Thread-22] [CompileContiki.java:140] [INFO] - > make udp-malicious-client.z1 TARGET=z1 
[15:06:59 - Thread-22] [MspMote.java:235] [INFO] - Loading firmware from: /home/user/contiki/examples/ipv6/rpl-udp-fresh/udp-server.z1
[15:06:59 - Thread-22] [MspMote.java:235] [INFO] - Loading firmware from: /home/user/contiki/examples/ipv6/rpl-udp-fresh/udp-client.z1
[15:06:59 - Thread-22] [MspMote.java:235] [INFO] - Loading firmware from: /home/user/contiki/examples/ipv6/rpl-udp-fresh/udp-client.z1
[15:06:59 - Thread-22] [MspMote.java:235] [INFO] - Loading firmware from: /home/user/contiki/examples/ipv6/rpl-udp-fresh/udp-client.z1
[15:06:59 - Thread-22] [MspMote.java:235] [INFO] - Loading firmware from: /home/user/contiki/examples/ipv6/rpl-udp-fresh/udp-client.z1
[15:06:59 - Thread-22] [MspMote.java:235] [INFO] - Loading firmware from: /home/user/contiki/examples/ipv6/rpl-udp-fresh/udp-client.z1
[15:06:59 - Thread-22] [MspMote.java:235] [INFO] - Loading firmware from: /home/user/contiki/examples/ipv6/rpl-udp-fresh/udp-client.z1
[15:06:59 - Thread-22] [MspMote.java:235] [INFO] - Loading firmware from: /home/user/contiki/examples/ipv6/rpl-udp-fresh/udp-client.z1
[15:06:59 - Thread-22] [MspMote.java:235] [INFO] - Loading firmware from: /home/user/contiki/examples/ipv6/rpl-udp-fresh/udp-client.z1
[15:06:59 - Thread-22] [MspMote.java:235] [INFO] - Loading firmware from: /home/user/contiki/examples/ipv6/rpl-udp-fresh/udp-client.z1
[15:06:59 - Thread-22] [MspMote.java:235] [INFO] - Loading firmware from: /home/user/contiki-malicious/examples/ipv6/rpl-udp-controller-data/udp-malicious-client.z1
[15:07:00 - Thread-25] [Simulation.java:253] [INFO] - Simulation main loop started, system time: 1578485220021
[15:07:04 - Thread-25] [Simulation.java:312] [INFO] - Simulation main loop stopped, system time: 1578485224523	Duration: 4502 ms	Simulated time 45 ms	Ratio 0.009995557529986673
[15:07:09 - Thread-16] [Serial2Pty.java:202] [FATAL] - Error while reading from in pipe: java.io.IOException: Input/output error
[15:07:16 - Thread-26] [Simulation.java:253] [INFO] - Simulation main loop started, system time: 1578485236418
[15:10:32 - Thread-26] [Simulation.java:312] [INFO] - Simulation main loop stopped, system time: 1578485432552	Duration: 196134 ms	Simulated time 4894440 ms	Ratio 24.954571874330814
[15:47:48 - Thread-28] [Simulation.java:422] [INFO] - Simulation random seed: 123456
[15:47:48 - Thread-28] [CompileContiki.java:140] [INFO] - > make udp-server.z1 TARGET=z1 
[15:47:49 - Thread-28] [CompileContiki.java:140] [INFO] - > make udp-client.z1 TARGET=z1 
[15:47:49 - Thread-28] [CompileContiki.java:140] [INFO] - > make udp-malicious-client.z1 TARGET=z1 
[15:47:49 - Thread-28] [MspMote.java:235] [INFO] - Loading firmware from: /home/user/contiki/examples/ipv6/rpl-udp-fresh/udp-server.z1
[15:47:49 - Thread-28] [MspMote.java:235] [INFO] - Loading firmware from: /home/user/contiki/examples/ipv6/rpl-udp-fresh/udp-client.z1
[15:47:50 - Thread-28] [MspMote.java:235] [INFO] - Loading firmware from: /home/user/contiki/examples/ipv6/rpl-udp-fresh/udp-client.z1
[15:47:50 - Thread-28] [MspMote.java:235] [INFO] - Loading firmware from: /home/user/contiki/examples/ipv6/rpl-udp-fresh/udp-client.z1
[15:47:50 - Thread-28] [MspMote.java:235] [INFO] - Loading firmware from: /home/user/contiki/examples/ipv6/rpl-udp-fresh/udp-client.z1
[15:47:50 - Thread-28] [MspMote.java:235] [INFO] - Loading firmware from: /home/user/contiki/examples/ipv6/rpl-udp-fresh/udp-client.z1
[15:47:50 - Thread-28] [MspMote.java:235] [INFO] - Loading firmware from: /home/user/contiki/examples/ipv6/rpl-udp-fresh/udp-client.z1
[15:47:50 - Thread-28] [MspMote.java:235] [INFO] - Loading firmware from: /home/user/contiki/examples/ipv6/rpl-udp-fresh/udp-client.z1
[15:47:50 - Thread-28] [MspMote.java:235] [INFO] - Loading firmware from: /home/user/contiki/examples/ipv6/rpl-udp-fresh/udp-client.z1
[15:47:50 - Thread-28] [MspMote.java:235] [INFO] - Loading firmware from: /home/user/contiki/examples/ipv6/rpl-udp-fresh/udp-client.z1
[15:47:50 - Thread-28] [MspMote.java:235] [INFO] - Loading firmware from: /home/user/contiki-malicious/examples/ipv6/rpl-udp-controller-data/udp-malicious-client.z1
[15:47:56 - Thread-31] [Simulation.java:253] [INFO] - Simulation main loop started, system time: 1578487676874
[15:52:45 - Thread-31] [Simulation.java:312] [INFO] - Simulation main loop stopped, system time: 1578487965123	Duration: 288249 ms	Simulated time 3147925 ms	Ratio 10.92085315126852
[15:53:50 - Thread-30] [Serial2Pty.java:202] [FATAL] - Error while reading from in pipe: java.io.IOException: Input/output error
[15:53:51 - Thread-32] [Simulation.java:422] [INFO] - Simulation random seed: 123456
[15:53:51 - Thread-32] [CompileContiki.java:140] [INFO] - > make udp-server.z1 TARGET=z1 
[15:53:51 - Thread-32] [CompileContiki.java:140] [INFO] - > make udp-client.z1 TARGET=z1 
[15:53:51 - Thread-32] [CompileContiki.java:140] [INFO] - > make udp-malicious-client.z1 TARGET=z1 
[15:53:51 - Thread-32] [MspMote.java:235] [INFO] - Loading firmware from: /home/user/contiki/examples/ipv6/rpl-udp-fresh/udp-server.z1
[15:53:51 - Thread-32] [MspMote.java:235] [INFO] - Loading firmware from: /home/user/contiki/examples/ipv6/rpl-udp-fresh/udp-client.z1
[15:53:52 - Thread-32] [MspMote.java:235] [INFO] - Loading firmware from: /home/user/contiki/examples/ipv6/rpl-udp-fresh/udp-client.z1
[15:53:52 - Thread-32] [MspMote.java:235] [INFO] - Loading firmware from: /home/user/contiki/examples/ipv6/rpl-udp-fresh/udp-client.z1
[15:53:52 - Thread-32] [MspMote.java:235] [INFO] - Loading firmware from: /home/user/contiki/examples/ipv6/rpl-udp-fresh/udp-client.z1
[15:53:52 - Thread-32] [MspMote.java:235] [INFO] - Loading firmware from: /home/user/contiki/examples/ipv6/rpl-udp-fresh/udp-client.z1
[15:53:52 - Thread-32] [MspMote.java:235] [INFO] - Loading firmware from: /home/user/contiki/examples/ipv6/rpl-udp-fresh/udp-client.z1
[15:53:52 - Thread-32] [MspMote.java:235] [INFO] - Loading firmware from: /home/user/contiki/examples/ipv6/rpl-udp-fresh/udp-client.z1
[15:53:52 - Thread-32] [MspMote.java:235] [INFO] - Loading firmware from: /home/user/contiki/examples/ipv6/rpl-udp-fresh/udp-client.z1
[15:53:52 - Thread-32] [MspMote.java:235] [INFO] - Loading firmware from: /home/user/contiki/examples/ipv6/rpl-udp-fresh/udp-client.z1
[15:53:52 - Thread-32] [MspMote.java:235] [INFO] - Loading firmware from: /home/user/contiki-malicious/examples/ipv6/rpl-udp-controller-data/udp-malicious-client.z1
[15:54:02 - Thread-24] [Serial2Pty.java:202] [FATAL] - Error while reading from in pipe: java.io.IOException: Input/output error
[15:54:15 - Thread-35] [Simulation.java:253] [INFO] - Simulation main loop started, system time: 1578488055893
[16:07:53 - Thread-35] [Simulation.java:312] [INFO] - Simulation main loop stopped, system time: 1578488873540	Duration: 817647 ms	Simulated time 4067483 ms	Ratio 4.974619854289198
[16:07:53 - Thread-36] [Simulation.java:422] [INFO] - Simulation random seed: 123456
[16:07:53 - Thread-36] [CompileContiki.java:140] [INFO] - > make udp-server.z1 TARGET=z1 
[16:07:53 - Thread-36] [CompileContiki.java:140] [INFO] - > make udp-client.z1 TARGET=z1 
[16:07:53 - Thread-36] [CompileContiki.java:140] [INFO] - > make udp-malicious-client.z1 TARGET=z1 
[16:07:54 - Thread-36] [MspMote.java:235] [INFO] - Loading firmware from: /home/user/contiki/examples/ipv6/rpl-udp-fresh/udp-server.z1
[16:07:54 - Thread-36] [MspMote.java:235] [INFO] - Loading firmware from: /home/user/contiki/examples/ipv6/rpl-udp-fresh/udp-client.z1
[16:07:54 - Thread-36] [MspMote.java:235] [INFO] - Loading firmware from: /home/user/contiki/examples/ipv6/rpl-udp-fresh/udp-client.z1
[16:07:54 - Thread-36] [MspMote.java:235] [INFO] - Loading firmware from: /home/user/contiki/examples/ipv6/rpl-udp-fresh/udp-client.z1
[16:07:54 - Thread-36] [MspMote.java:235] [INFO] - Loading firmware from: /home/user/contiki/examples/ipv6/rpl-udp-fresh/udp-client.z1
[16:07:54 - Thread-36] [MspMote.java:235] [INFO] - Loading firmware from: /home/user/contiki/examples/ipv6/rpl-udp-fresh/udp-client.z1
[16:07:54 - Thread-36] [MspMote.java:235] [INFO] - Loading firmware from: /home/user/contiki/examples/ipv6/rpl-udp-fresh/udp-client.z1
[16:07:54 - Thread-36] [MspMote.java:235] [INFO] - Loading firmware from: /home/user/contiki/examples/ipv6/rpl-udp-fresh/udp-client.z1
[16:07:54 - Thread-36] [MspMote.java:235] [INFO] - Loading firmware from: /home/user/contiki/examples/ipv6/rpl-udp-fresh/udp-client.z1
[16:07:54 - Thread-36] [MspMote.java:235] [INFO] - Loading firmware from: /home/user/contiki/examples/ipv6/rpl-udp-fresh/udp-client.z1
[16:07:54 - Thread-36] [MspMote.java:235] [INFO] - Loading firmware from: /home/user/contiki-malicious/examples/ipv6/rpl-udp-controller-data/udp-malicious-client.z1
[16:07:55 - Thread-39] [Simulation.java:253] [INFO] - Simulation main loop started, system time: 1578488875114
[16:25:18 - Thread-39] [Simulation.java:312] [INFO] - Simulation main loop stopped, system time: 1578489918912	Duration: 1043798 ms	Simulated time 8019668 ms	Ratio 7.683160918108676
[16:25:21 - Thread-40] [Simulation.java:422] [INFO] - Simulation random seed: 123456
[16:25:21 - Thread-40] [CompileContiki.java:140] [INFO] - > make udp-server.z1 TARGET=z1 
[16:25:21 - Thread-40] [CompileContiki.java:140] [INFO] - > make udp-client.z1 TARGET=z1 
[16:25:21 - Thread-40] [CompileContiki.java:140] [INFO] - > make udp-malicious-client.z1 TARGET=z1 
[16:25:21 - Thread-40] [MspMote.java:235] [INFO] - Loading firmware from: /home/user/contiki/examples/ipv6/rpl-udp-fresh/udp-server.z1
[16:25:21 - Thread-40] [MspMote.java:235] [INFO] - Loading firmware from: /home/user/contiki/examples/ipv6/rpl-udp-fresh/udp-client.z1
[16:25:22 - Thread-40] [MspMote.java:235] [INFO] - Loading firmware from: /home/user/contiki/examples/ipv6/rpl-udp-fresh/udp-client.z1
[16:25:22 - Thread-40] [MspMote.java:235] [INFO] - Loading firmware from: /home/user/contiki/examples/ipv6/rpl-udp-fresh/udp-client.z1
[16:25:22 - Thread-40] [MspMote.java:235] [INFO] - Loading firmware from: /home/user/contiki/examples/ipv6/rpl-udp-fresh/udp-client.z1
[16:25:22 - Thread-40] [MspMote.java:235] [INFO] - Loading firmware from: /home/user/contiki/examples/ipv6/rpl-udp-fresh/udp-client.z1
[16:25:22 - Thread-40] [MspMote.java:235] [INFO] - Loading firmware from: /home/user/contiki/examples/ipv6/rpl-udp-fresh/udp-client.z1
[16:25:22 - Thread-40] [MspMote.java:235] [INFO] - Loading firmware from: /home/user/contiki/examples/ipv6/rpl-udp-fresh/udp-client.z1
[16:25:22 - Thread-40] [MspMote.java:235] [INFO] - Loading firmware from: /home/user/contiki/examples/ipv6/rpl-udp-fresh/udp-client.z1
[16:25:22 - Thread-40] [MspMote.java:235] [INFO] - Loading firmware from: /home/user/contiki/examples/ipv6/rpl-udp-fresh/udp-client.z1
[16:25:22 - Thread-40] [MspMote.java:235] [INFO] - Loading firmware from: /home/user/contiki-malicious/examples/ipv6/rpl-udp-controller-data/udp-malicious-client.z1
[16:25:25 - Thread-38] [Serial2Pty.java:202] [FATAL] - Error while reading from in pipe: java.io.IOException: Input/output error
[16:25:28 - Thread-34] [Serial2Pty.java:202] [FATAL] - Error while reading from in pipe: java.io.IOException: Input/output error
[16:25:38 - Thread-43] [Simulation.java:253] [INFO] - Simulation main loop started, system time: 1578489938507
[16:26:17 - Thread-43] [Simulation.java:312] [INFO] - Simulation main loop stopped, system time: 1578489977720	Duration: 39213 ms	Simulated time 513925 ms	Ratio 13.105985259990309
[16:26:42 - Thread-44] [Simulation.java:253] [INFO] - Simulation main loop started, system time: 1578490002644
[16:34:06 - Thread-44] [Simulation.java:312] [INFO] - Simulation main loop stopped, system time: 1578490446940	Duration: 444296 ms	Simulated time 3581088 ms	Ratio 8.060140086788987
[16:34:11 - Thread-45] [AbstractRadioMedium.java:196] [FATAL] - Connection source turned off radio: org.contikios.cooja.mspmote.interfaces.Msp802154Radio@299d7252
[16:34:11 - Thread-45] [Simulation.java:422] [INFO] - Simulation random seed: 123456
[16:34:11 - Thread-45] [CompileContiki.java:140] [INFO] - > make udp-server.z1 TARGET=z1 
[16:34:11 - Thread-45] [CompileContiki.java:140] [INFO] - > make udp-client.z1 TARGET=z1 
[16:34:11 - Thread-45] [CompileContiki.java:140] [INFO] - > make udp-malicious-client.z1 TARGET=z1 
[16:34:12 - Thread-45] [MspMote.java:235] [INFO] - Loading firmware from: /home/user/contiki/examples/ipv6/rpl-udp-fresh/udp-server.z1
[16:34:12 - Thread-45] [MspMote.java:235] [INFO] - Loading firmware from: /home/user/contiki/examples/ipv6/rpl-udp-fresh/udp-client.z1
[16:34:12 - Thread-45] [MspMote.java:235] [INFO] - Loading firmware from: /home/user/contiki/examples/ipv6/rpl-udp-fresh/udp-client.z1
[16:34:12 - Thread-45] [MspMote.java:235] [INFO] - Loading firmware from: /home/user/contiki/examples/ipv6/rpl-udp-fresh/udp-client.z1
[16:34:12 - Thread-45] [MspMote.java:235] [INFO] - Loading firmware from: /home/user/contiki/examples/ipv6/rpl-udp-fresh/udp-client.z1
[16:34:12 - Thread-45] [MspMote.java:235] [INFO] - Loading firmware from: /home/user/contiki/examples/ipv6/rpl-udp-fresh/udp-client.z1
[16:34:12 - Thread-45] [MspMote.java:235] [INFO] - Loading firmware from: /home/user/contiki/examples/ipv6/rpl-udp-fresh/udp-client.z1
[16:34:12 - Thread-45] [MspMote.java:235] [INFO] - Loading firmware from: /home/user/contiki/examples/ipv6/rpl-udp-fresh/udp-client.z1
[16:34:12 - Thread-45] [MspMote.java:235] [INFO] - Loading firmware from: /home/user/contiki/examples/ipv6/rpl-udp-fresh/udp-client.z1
[16:34:12 - Thread-45] [MspMote.java:235] [INFO] - Loading firmware from: /home/user/contiki/examples/ipv6/rpl-udp-fresh/udp-client.z1
[16:34:12 - Thread-45] [MspMote.java:235] [INFO] - Loading firmware from: /home/user/contiki-malicious/examples/ipv6/rpl-udp-controller-data/udp-malicious-client.z1
[16:34:17 - Thread-42] [Serial2Pty.java:202] [FATAL] - Error while reading from in pipe: java.io.IOException: Input/output error
[16:34:40 - Thread-48] [Simulation.java:253] [INFO] - Simulation main loop started, system time: 1578490480632
[16:34:59 - Thread-48] [Simulation.java:312] [INFO] - Simulation main loop stopped, system time: 1578490499763	Duration: 19131 ms	Simulated time 408776 ms	Ratio 21.367205059850505
[16:35:03 - Thread-49] [Simulation.java:422] [INFO] - Simulation random seed: 123456
[16:35:03 - Thread-49] [CompileContiki.java:140] [INFO] - > make udp-server.z1 TARGET=z1 
[16:35:03 - Thread-49] [CompileContiki.java:140] [INFO] - > make udp-client.z1 TARGET=z1 
[16:35:03 - Thread-49] [CompileContiki.java:140] [INFO] - > make udp-malicious-client.z1 TARGET=z1 
[16:35:03 - Thread-49] [MspMote.java:235] [INFO] - Loading firmware from: /home/user/contiki/examples/ipv6/rpl-udp-fresh/udp-server.z1
[16:35:03 - Thread-49] [MspMote.java:235] [INFO] - Loading firmware from: /home/user/contiki/examples/ipv6/rpl-udp-fresh/udp-client.z1
[16:35:04 - Thread-49] [MspMote.java:235] [INFO] - Loading firmware from: /home/user/contiki/examples/ipv6/rpl-udp-fresh/udp-client.z1
[16:35:04 - Thread-49] [MspMote.java:235] [INFO] - Loading firmware from: /home/user/contiki/examples/ipv6/rpl-udp-fresh/udp-client.z1
[16:35:04 - Thread-49] [MspMote.java:235] [INFO] - Loading firmware from: /home/user/contiki/examples/ipv6/rpl-udp-fresh/udp-client.z1
[16:35:04 - Thread-49] [MspMote.java:235] [INFO] - Loading firmware from: /home/user/contiki/examples/ipv6/rpl-udp-fresh/udp-client.z1
[16:35:04 - Thread-49] [MspMote.java:235] [INFO] - Loading firmware from: /home/user/contiki/examples/ipv6/rpl-udp-fresh/udp-client.z1
[16:35:04 - Thread-49] [MspMote.java:235] [INFO] - Loading firmware from: /home/user/contiki/examples/ipv6/rpl-udp-fresh/udp-client.z1
[16:35:04 - Thread-49] [MspMote.java:235] [INFO] - Loading firmware from: /home/user/contiki/examples/ipv6/rpl-udp-fresh/udp-client.z1
[16:35:04 - Thread-49] [MspMote.java:235] [INFO] - Loading firmware from: /home/user/contiki/examples/ipv6/rpl-udp-fresh/udp-client.z1
[16:35:04 - Thread-49] [MspMote.java:235] [INFO] - Loading firmware from: /home/user/contiki-malicious/examples/ipv6/rpl-udp-controller-data/udp-malicious-client.z1
[16:35:08 - Thread-47] [Serial2Pty.java:202] [FATAL] - Error while reading from in pipe: java.io.IOException: Input/output error
[16:36:40 - Thread-52] [Simulation.java:253] [INFO] - Simulation main loop started, system time: 1578490600172
[16:36:43 - Thread-52] [Simulation.java:312] [INFO] - Simulation main loop stopped, system time: 1578490603774	Duration: 3602 ms	Simulated time 18382 ms	Ratio 5.1032759578012215
[16:36:45 - Thread-53] [Simulation.java:422] [INFO] - Simulation random seed: 123456
[16:36:45 - Thread-53] [CompileContiki.java:140] [INFO] - > make udp-server.z1 TARGET=z1 
[16:36:45 - Thread-53] [CompileContiki.java:140] [INFO] - > make udp-client.z1 TARGET=z1 
[16:36:45 - Thread-53] [CompileContiki.java:140] [INFO] - > make udp-malicious-client.z1 TARGET=z1 
[16:36:46 - Thread-53] [MspMote.java:235] [INFO] - Loading firmware from: /home/user/contiki/examples/ipv6/rpl-udp-fresh/udp-server.z1
[16:36:46 - Thread-53] [MspMote.java:235] [INFO] - Loading firmware from: /home/user/contiki/examples/ipv6/rpl-udp-fresh/udp-client.z1
[16:36:46 - Thread-53] [MspMote.java:235] [INFO] - Loading firmware from: /home/user/contiki/examples/ipv6/rpl-udp-fresh/udp-client.z1
[16:36:46 - Thread-53] [MspMote.java:235] [INFO] - Loading firmware from: /home/user/contiki/examples/ipv6/rpl-udp-fresh/udp-client.z1
[16:36:46 - Thread-53] [MspMote.java:235] [INFO] - Loading firmware from: /home/user/contiki/examples/ipv6/rpl-udp-fresh/udp-client.z1
[16:36:46 - Thread-53] [MspMote.java:235] [INFO] - Loading firmware from: /home/user/contiki/examples/ipv6/rpl-udp-fresh/udp-client.z1
[16:36:46 - Thread-53] [MspMote.java:235] [INFO] - Loading firmware from: /home/user/contiki/examples/ipv6/rpl-udp-fresh/udp-client.z1
[16:36:46 - Thread-53] [MspMote.java:235] [INFO] - Loading firmware from: /home/user/contiki/examples/ipv6/rpl-udp-fresh/udp-client.z1
[16:36:46 - Thread-53] [MspMote.java:235] [INFO] - Loading firmware from: /home/user/contiki/examples/ipv6/rpl-udp-fresh/udp-client.z1
[16:36:46 - Thread-53] [MspMote.java:235] [INFO] - Loading firmware from: /home/user/contiki/examples/ipv6/rpl-udp-fresh/udp-client.z1
[16:36:46 - Thread-53] [MspMote.java:235] [INFO] - Loading firmware from: /home/user/contiki-malicious/examples/ipv6/rpl-udp-controller-data/udp-malicious-client.z1
[16:38:24 - Thread-51] [Serial2Pty.java:202] [FATAL] - Error while reading from in pipe: java.io.IOException: Input/output error
[16:39:02 - Thread-56] [Simulation.java:253] [INFO] - Simulation main loop started, system time: 1578490742231
[17:18:38 - Thread-56] [Simulation.java:312] [INFO] - Simulation main loop stopped, system time: 1578493118492	Duration: 2376261 ms	Simulated time 15820284 ms	Ratio 6.657637355492516
[17:18:40 - Thread-57] [Simulation.java:422] [INFO] - Simulation random seed: 123456
[17:18:40 - Thread-57] [CompileContiki.java:140] [INFO] - > make udp-server.z1 TARGET=z1 
[17:18:41 - Thread-57] [CompileContiki.java:140] [INFO] - > make udp-client.z1 TARGET=z1 
[17:18:41 - Thread-57] [CompileContiki.java:140] [INFO] - > make udp-malicious-client.z1 TARGET=z1 
[17:18:41 - Thread-57] [MspMote.java:235] [INFO] - Loading firmware from: /home/user/contiki/examples/ipv6/rpl-udp-fresh/udp-server.z1
[17:18:42 - Thread-57] [MspMote.java:235] [INFO] - Loading firmware from: /home/user/contiki/examples/ipv6/rpl-udp-fresh/udp-client.z1
[17:18:42 - Thread-57] [MspMote.java:235] [INFO] - Loading firmware from: /home/user/contiki/examples/ipv6/rpl-udp-fresh/udp-client.z1
[17:18:42 - Thread-57] [MspMote.java:235] [INFO] - Loading firmware from: /home/user/contiki/examples/ipv6/rpl-udp-fresh/udp-client.z1
[17:18:42 - Thread-57] [MspMote.java:235] [INFO] - Loading firmware from: /home/user/contiki/examples/ipv6/rpl-udp-fresh/udp-client.z1
[17:18:42 - Thread-57] [MspMote.java:235] [INFO] - Loading firmware from: /home/user/contiki/examples/ipv6/rpl-udp-fresh/udp-client.z1
[17:18:42 - Thread-57] [MspMote.java:235] [INFO] - Loading firmware from: /home/user/contiki/examples/ipv6/rpl-udp-fresh/udp-client.z1
[17:18:42 - Thread-57] [MspMote.java:235] [INFO] - Loading firmware from: /home/user/contiki/examples/ipv6/rpl-udp-fresh/udp-client.z1
[17:18:42 - Thread-57] [MspMote.java:235] [INFO] - Loading firmware from: /home/user/contiki/examples/ipv6/rpl-udp-fresh/udp-client.z1
[17:18:42 - Thread-57] [MspMote.java:235] [INFO] - Loading firmware from: /home/user/contiki/examples/ipv6/rpl-udp-fresh/udp-client.z1
[17:18:42 - Thread-57] [MspMote.java:235] [INFO] - Loading firmware from: /home/user/contiki-malicious/examples/ipv6/rpl-udp-controller-data/udp-malicious-client.z1
[18:08:47 - Thread-59] [Serial2Pty.java:202] [FATAL] - Error while reading from in pipe: java.io.IOException: Input/output error
[18:08:47 - Thread-60] [Simulation.java:422] [INFO] - Simulation random seed: 123456
[18:08:47 - Thread-60] [CompileContiki.java:140] [INFO] - > make udp-server.z1 TARGET=z1 
[18:08:48 - Thread-60] [CompileContiki.java:140] [INFO] - > make udp-client.z1 TARGET=z1 
[18:08:48 - Thread-60] [CompileContiki.java:140] [INFO] - > make udp-malicious-client.z1 TARGET=z1 
[18:08:48 - Thread-60] [MspMote.java:235] [INFO] - Loading firmware from: /home/user/contiki/examples/ipv6/rpl-udp-fresh/udp-server.z1
[18:08:49 - Thread-60] [MspMote.java:235] [INFO] - Loading firmware from: /home/user/contiki/examples/ipv6/rpl-udp-fresh/udp-client.z1
[18:08:49 - Thread-60] [MspMote.java:235] [INFO] - Loading firmware from: /home/user/contiki/examples/ipv6/rpl-udp-fresh/udp-client.z1
[18:08:49 - Thread-60] [MspMote.java:235] [INFO] - Loading firmware from: /home/user/contiki/examples/ipv6/rpl-udp-fresh/udp-client.z1
[18:08:49 - Thread-60] [MspMote.java:235] [INFO] - Loading firmware from: /home/user/contiki/examples/ipv6/rpl-udp-fresh/udp-client.z1
[18:08:49 - Thread-60] [MspMote.java:235] [INFO] - Loading firmware from: /home/user/contiki/examples/ipv6/rpl-udp-fresh/udp-client.z1
[18:08:49 - Thread-60] [MspMote.java:235] [INFO] - Loading firmware from: /home/user/contiki/examples/ipv6/rpl-udp-fresh/udp-client.z1
[18:08:49 - Thread-60] [MspMote.java:235] [INFO] - Loading firmware from: /home/user/contiki/examples/ipv6/rpl-udp-fresh/udp-client.z1
[18:08:49 - Thread-60] [MspMote.java:235] [INFO] - Loading firmware from: /home/user/contiki/examples/ipv6/rpl-udp-fresh/udp-client.z1
[18:08:49 - Thread-60] [MspMote.java:235] [INFO] - Loading firmware from: /home/user/contiki/examples/ipv6/rpl-udp-fresh/udp-client.z1
[18:08:49 - Thread-60] [MspMote.java:235] [INFO] - Loading firmware from: /home/user/contiki-malicious/examples/ipv6/rpl-udp-controller-data/udp-malicious-client.z1
[19:48:43 - Thread-55] [Serial2Pty.java:202] [FATAL] - Error while reading from in pipe: java.io.IOException: Input/output error
[19:56:36 - AWT-EventQueue-0] [Cooja.java:3491] [INFO] - Saved to file: /home/user/contiki/examples/ipv6/rpl-udp-fresh/AlienAttackOneMalicious-9-legit.csc
[19:56:49 - Thread-62] [Serial2Pty.java:202] [FATAL] - Error while reading from in pipe: java.io.IOException: Input/output error
[19:56:49 - Thread-63] [Simulation.java:422] [INFO] - Simulation random seed: 123456
[19:56:52 - AWT-EventQueue-0] [Simulation.java:422] [INFO] - Simulation random seed: 123456
[19:56:56 - AWT-EventQueue-0] [CompileContiki.java:140] [INFO] - > make udp-server.z1 TARGET=z1 
[19:57:04 - AWT-EventQueue-0] [CompileContiki.java:140] [INFO] - > make udp-client.z1 TARGET=z1 
[19:57:18 - AWT-EventQueue-0] [CompileContiki.java:140] [INFO] - > make udp-malicious-client-controller-aware.z1 TARGET=z1 
