#
# There is insufficient memory for the Java Runtime Environment to continue.
# Native memory allocation (mmap) failed to map 314572800 bytes for committing reserved memory.
# Possible reasons:
#   The system is out of physical RAM or swap space
#   The process is running with CompressedOops enabled, and the Java Heap may be blocking the growth of the native heap
# Possible solutions:
#   Reduce memory load on the system
#   Increase physical memory or swap space
#   Check if swap backing store is full
#   Decrease Java heap size (-Xmx/-Xms)
#   Decrease number of Java threads
#   Decrease Java thread stack sizes (-Xss)
#   Set larger code cache with -XX:ReservedCodeCacheSize=
#   JVM is running with Unscaled Compressed Oops mode in which the Java heap is
#     placed in the first 4GB address space. The Java Heap base address is the
#     maximum limit for the native heap growth. Please use -XX:HeapBaseMinAddress
#     to set the Java Heap base and to place the Java Heap above 4GB virtual address.
# This output file may be truncated or incomplete.
#
#  Out of Memory Error (os_linux.cpp:2757), pid=401, tid=0x00007f60bef8c700
#
# JRE version: OpenJDK Runtime Environment (8.0_222-b10) (build 1.8.0_222-8u222-b10-1ubuntu1~16.04.1-b10)
# Java VM: OpenJDK 64-Bit Server VM (25.222-b10 mixed mode linux-amd64 compressed oops)
# Failed to write core dump. Core dumps have been disabled. To enable core dumping, try "ulimit -c unlimited" before starting Java again
#

---------------  T H R E A D  ---------------

Current thread (0x00007f60e807c800):  VMThread [stack: 0x00007f60bee8c000,0x00007f60bef8d000] [id=416]

Stack: [0x00007f60bee8c000,0x00007f60bef8d000],  sp=0x00007f60bef8b4a0,  free space=1021k
Native frames: (J=compiled Java code, j=interpreted, Vv=VM code, C=native code)
V  [libjvm.so+0xa7787b]
V  [libjvm.so+0x4caa8c]
V  [libjvm.so+0x8c5da8]
V  [libjvm.so+0x8bd3ee]
V  [libjvm.so+0x93b476]
V  [libjvm.so+0x92ab6a]
V  [libjvm.so+0x92ad73]
V  [libjvm.so+0x92b6d8]
V  [libjvm.so+0x93198e]
V  [libjvm.so+0x9392dd]
V  [libjvm.so+0x8eaa73]
V  [libjvm.so+0xa79532]
V  [libjvm.so+0xa7e587]
V  [libjvm.so+0xa7bde7]
V  [libjvm.so+0xa7d0cf]
V  [libjvm.so+0xa7d5f2]
V  [libjvm.so+0x8c3102]

VM_Operation (0x00007f60904f14d0): ParallelGCFailedAllocation, mode: safepoint, requested by thread 0x00007f60e83cb800


---------------  P R O C E S S  ---------------

Java Threads: ( => current thread )
  0x00007f6054009000 JavaThread "Thread-41" [_thread_blocked, id=3537, stack(0x00007f607faff000,0x00007f607fc00000)]
  0x00007f6054008000 JavaThread "Thread-40" [_thread_in_native, id=3536, stack(0x00007f607f7fc000,0x00007f607f8fd000)]
  0x00007f6054007000 JavaThread "process reaper" daemon [_thread_blocked, id=3427, stack(0x00007f60900ba000,0x00007f60900f3000)]
  0x00007f60841fa800 JavaThread "Thread-12" [_thread_blocked, id=1940, stack(0x00007f607edfa000,0x00007f607eefb000)]
  0x00007f60841f5800 JavaThread "Thread-11" [_thread_blocked, id=1903, stack(0x00007f607eefb000,0x00007f607effc000)]
  0x00007f60841d1800 JavaThread "Thread-10" [_thread_blocked, id=1797, stack(0x00007f607f9fe000,0x00007f607faff000)]
  0x00007f6084043800 JavaThread "TimerQueue" daemon [_thread_blocked, id=432, stack(0x00007f60900f3000,0x00007f60901f4000)]
  0x00007f60e800a800 JavaThread "DestroyJavaVM" [_thread_blocked, id=402, stack(0x00007f60f0a10000,0x00007f60f0b11000)]
  0x00007f60e83cb800 JavaThread "AWT-EventQueue-0" [_thread_blocked, id=431, stack(0x00007f60903f4000,0x00007f60904f5000)]
  0x00007f60e83ca000 JavaThread "AWT-Shutdown" [_thread_blocked, id=430, stack(0x00007f60904f5000,0x00007f60905f6000)]
  0x00007f60e8346800 JavaThread "AWT-XAWT" daemon [_thread_blocked, id=429, stack(0x00007f6093cf9000,0x00007f6093dfa000)]
  0x00007f60e8329800 JavaThread "Java2D Disposer" daemon [_thread_blocked, id=428, stack(0x00007f60bc22b000,0x00007f60bc32c000)]
  0x00007f60e80c4000 JavaThread "Service Thread" daemon [_thread_blocked, id=425, stack(0x00007f60be4ad000,0x00007f60be5ae000)]
  0x00007f60e80c1000 JavaThread "C1 CompilerThread2" daemon [_thread_blocked, id=424, stack(0x00007f60be5ae000,0x00007f60be6af000)]
  0x00007f60e80bf000 JavaThread "C2 CompilerThread1" daemon [_thread_blocked, id=423, stack(0x00007f60be6af000,0x00007f60be7b0000)]
  0x00007f60e80bc800 JavaThread "C2 CompilerThread0" daemon [_thread_blocked, id=422, stack(0x00007f60be7b0000,0x00007f60be8b1000)]
  0x00007f60e80bb000 JavaThread "Signal Dispatcher" daemon [_thread_blocked, id=421, stack(0x00007f60be8b1000,0x00007f60be9b2000)]
  0x00007f60e8088800 JavaThread "Finalizer" daemon [_thread_blocked, id=418, stack(0x00007f60bec8a000,0x00007f60bed8b000)]
  0x00007f60e8086000 JavaThread "Reference Handler" daemon [_thread_blocked, id=417, stack(0x00007f60bed8b000,0x00007f60bee8c000)]

Other Threads:
=>0x00007f60e807c800 VMThread [stack: 0x00007f60bee8c000,0x00007f60bef8d000] [id=416]
  0x00007f60e80c6800 WatcherThread [stack: 0x00007f60be3ac000,0x00007f60be4ad000] [id=426]

VM state:at safepoint (normal execution)

VM Mutex/Monitor currently owned by a thread:  ([mutex/lock_event])
[0x00007f60e8006a50] ExpandHeap_lock - owner thread: 0x00007f60e807c800
[0x00007f60e80070d0] Threads_lock - owner thread: 0x00007f60e807c800
[0x00007f60e80075d0] Heap_lock - owner thread: 0x00007f60e83cb800

heap address: 0x0000000080000000, size: 2048 MB, Compressed Oops mode: 32-bit
Narrow klass base: 0x0000000000000000, Narrow klass shift: 3
Compressed class space size: 1073741824 Address: 0x0000000100000000

Heap:
 PSYoungGen      total 690688K, used 5039K [0x00000000d5580000, 0x0000000100000000, 0x0000000100000000)
  eden space 683520K, 0% used [0x00000000d5580000,0x00000000d5580000,0x00000000ff100000)
  from space 7168K, 70% used [0x00000000ff100000,0x00000000ff5ebf38,0x00000000ff800000)
  to   space 8192K, 0% used [0x00000000ff800000,0x00000000ff800000,0x0000000100000000)
 ParOldGen       total 642560K, used 642220K [0x0000000080000000, 0x00000000a7380000, 0x00000000d5580000)
  object space 642560K, 99% used [0x0000000080000000,0x00000000a732b098,0x00000000a7380000)
 Metaspace       used 28355K, capacity 28686K, committed 29056K, reserved 1075200K
  class space    used 3283K, capacity 3372K, committed 3456K, reserved 1048576K

Card table byte_map: [0x00007f60eccbc000,0x00007f60ed0bd000] byte_map_base: 0x00007f60ec8bc000

Marking Bits: (ParMarkBitMap*) 0x00007f60efcde540
 Begin Bits: [0x00007f60c4000000, 0x00007f60c6000000)
 End Bits:   [0x00007f60c6000000, 0x00007f60c8000000)

Polling page: 0x00007f60f0b31000

CodeCache: size=245760Kb used=24877Kb max_used=24890Kb free=220882Kb
 bounds [0x00007f60d9000000, 0x00007f60da890000, 0x00007f60e8000000]
 total_blobs=7642 nmethods=6984 adapters=566
 compilation: enabled

Compilation events (10 events):
Event: 3838.843 Thread 0x00007f60e80c1000 9639       3       javax.swing.plaf.synth.SynthInternalFrameTitlePane$SynthTitlePaneLayout::layoutContainer (266 bytes)
Event: 3838.844 Thread 0x00007f60e80c1000 nmethod 9639 0x00007f60da86c190 code [0x00007f60da86c400, 0x00007f60da86d3a8]
Event: 3838.918 Thread 0x00007f60e80bf000 9640       4       javax.swing.LayoutComparator::compare (13 bytes)
Event: 3838.920 Thread 0x00007f60e80bf000 nmethod 9640 0x00007f60da838110 code [0x00007f60da838280, 0x00007f60da838388]
Event: 3838.981 Thread 0x00007f60e80c1000 9641       3       sun.awt.X11.XNETProtocol::isStateChange (50 bytes)
Event: 3838.982 Thread 0x00007f60e80c1000 nmethod 9641 0x00007f60da87e290 code [0x00007f60da87e500, 0x00007f60da87f4f8]
Event: 3839.480 Thread 0x00007f60e80bc800 9642   !   4       sun.awt.X11.XToolkit::getNumberOfButtons (86 bytes)
Event: 3839.482 Thread 0x00007f60e80bf000 9643       4       org.contikios.cooja.plugins.LogListener$1$1::run (51 bytes)
Event: 3839.484 Thread 0x00007f60e80bf000 nmethod 9643 0x00007f60da837bd0 code [0x00007f60da837d40, 0x00007f60da837ee8]
Event: 3839.484 Thread 0x00007f60e80bc800 nmethod 9642 0x00007f60d98a1f90 code [0x00007f60d98a2120, 0x00007f60d98a24c8]

GC Heap History (10 events):
Event: 3829.699 GC heap after
Heap after GC invocations=1450 (full 20):
 PSYoungGen      total 690176K, used 1408K [0x00000000d5580000, 0x00000000fff80000, 0x0000000100000000)
  eden space 682496K, 0% used [0x00000000d5580000,0x00000000d5580000,0x00000000ff000000)
  from space 7680K, 18% used [0x00000000ff780000,0x00000000ff8e0000,0x00000000fff00000)
  to   space 7680K, 0% used [0x00000000ff000000,0x00000000ff000000,0x00000000ff780000)
 ParOldGen       total 642560K, used 606322K [0x0000000080000000, 0x00000000a7380000, 0x00000000d5580000)
  object space 642560K, 94% used [0x0000000080000000,0x00000000a501c968,0x00000000a7380000)
 Metaspace       used 28311K, capacity 28558K, committed 29056K, reserved 1075200K
  class space    used 3283K, capacity 3372K, committed 3456K, reserved 1048576K
}
Event: 3832.968 GC heap before
{Heap before GC invocations=1451 (full 20):
 PSYoungGen      total 690176K, used 683904K [0x00000000d5580000, 0x00000000fff80000, 0x0000000100000000)
  eden space 682496K, 100% used [0x00000000d5580000,0x00000000ff000000,0x00000000ff000000)
  from space 7680K, 18% used [0x00000000ff780000,0x00000000ff8e0000,0x00000000fff00000)
  to   space 7680K, 0% used [0x00000000ff000000,0x00000000ff000000,0x00000000ff780000)
 ParOldGen       total 642560K, used 606322K [0x0000000080000000, 0x00000000a7380000, 0x00000000d5580000)
  object space 642560K, 94% used [0x0000000080000000,0x00000000a501c968,0x00000000a7380000)
 Metaspace       used 28311K, capacity 28558K, committed 29056K, reserved 1075200K
  class space    used 3283K, capacity 3372K, committed 3456K, reserved 1048576K
Event: 3832.971 GC heap after
Heap after GC invocations=1451 (full 20):
 PSYoungGen      total 690176K, used 1488K [0x00000000d5580000, 0x00000000fff00000, 0x0000000100000000)
  eden space 682496K, 0% used [0x00000000d5580000,0x00000000d5580000,0x00000000ff000000)
  from space 7680K, 19% used [0x00000000ff000000,0x00000000ff174120,0x00000000ff780000)
  to   space 7168K, 0% used [0x00000000ff800000,0x00000000ff800000,0x00000000fff00000)
 ParOldGen       total 642560K, used 606410K [0x0000000080000000, 0x00000000a7380000, 0x00000000d5580000)
  object space 642560K, 94% used [0x0000000080000000,0x00000000a5032968,0x00000000a7380000)
 Metaspace       used 28311K, capacity 28558K, committed 29056K, reserved 1075200K
  class space    used 3283K, capacity 3372K, committed 3456K, reserved 1048576K
}
Event: 3835.346 GC heap before
{Heap before GC invocations=1452 (full 20):
 PSYoungGen      total 690176K, used 476037K [0x00000000d5580000, 0x00000000fff00000, 0x0000000100000000)
  eden space 682496K, 69% used [0x00000000d5580000,0x00000000f24ed4a8,0x00000000ff000000)
  from space 7680K, 19% used [0x00000000ff000000,0x00000000ff174120,0x00000000ff780000)
  to   space 7168K, 0% used [0x00000000ff800000,0x00000000ff800000,0x00000000fff00000)
 ParOldGen       total 642560K, used 606410K [0x0000000080000000, 0x00000000a7380000, 0x00000000d5580000)
  object space 642560K, 94% used [0x0000000080000000,0x00000000a5032968,0x00000000a7380000)
 Metaspace       used 28318K, capacity 28558K, committed 29056K, reserved 1075200K
  class space    used 3283K, capacity 3372K, committed 3456K, reserved 1048576K
Event: 3835.351 GC heap after
Heap after GC invocations=1452 (full 20):
 PSYoungGen      total 690688K, used 1630K [0x00000000d5580000, 0x00000000fff00000, 0x0000000100000000)
  eden space 683520K, 0% used [0x00000000d5580000,0x00000000d5580000,0x00000000ff100000)
  from space 7168K, 22% used [0x00000000ff800000,0x00000000ff997b90,0x00000000fff00000)
  to   space 7168K, 0% used [0x00000000ff100000,0x00000000ff100000,0x00000000ff800000)
 ParOldGen       total 642560K, used 606522K [0x0000000080000000, 0x00000000a7380000, 0x00000000d5580000)
  object space 642560K, 94% used [0x0000000080000000,0x00000000a504e968,0x00000000a7380000)
 Metaspace       used 28318K, capacity 28558K, committed 29056K, reserved 1075200K
  class space    used 3283K, capacity 3372K, committed 3456K, reserved 1048576K
}
Event: 3835.351 GC heap before
{Heap before GC invocations=1453 (full 21):
 PSYoungGen      total 690688K, used 1630K [0x00000000d5580000, 0x00000000fff00000, 0x0000000100000000)
  eden space 683520K, 0% used [0x00000000d5580000,0x00000000d5580000,0x00000000ff100000)
  from space 7168K, 22% used [0x00000000ff800000,0x00000000ff997b90,0x00000000fff00000)
  to   space 7168K, 0% used [0x00000000ff100000,0x00000000ff100000,0x00000000ff800000)
 ParOldGen       total 642560K, used 606522K [0x0000000080000000, 0x00000000a7380000, 0x00000000d5580000)
  object space 642560K, 94% used [0x0000000080000000,0x00000000a504e968,0x00000000a7380000)
 Metaspace       used 28318K, capacity 28558K, committed 29056K, reserved 1075200K
  class space    used 3283K, capacity 3372K, committed 3456K, reserved 1048576K
Event: 3836.098 GC heap after
Heap after GC invocations=1453 (full 21):
 PSYoungGen      total 690688K, used 0K [0x00000000d5580000, 0x00000000fff00000, 0x0000000100000000)
  eden space 683520K, 0% used [0x00000000d5580000,0x00000000d5580000,0x00000000ff100000)
  from space 7168K, 0% used [0x00000000ff800000,0x00000000ff800000,0x00000000fff00000)
  to   space 7168K, 0% used [0x00000000ff100000,0x00000000ff100000,0x00000000ff800000)
 ParOldGen       total 642560K, used 606371K [0x0000000080000000, 0x00000000a7380000, 0x00000000d5580000)
  object space 642560K, 94% used [0x0000000080000000,0x00000000a5028fc0,0x00000000a7380000)
 Metaspace       used 28318K, capacity 28558K, committed 29056K, reserved 1075200K
  class space    used 3283K, capacity 3372K, committed 3456K, reserved 1048576K
}
Event: 3841.347 GC heap before
{Heap before GC invocations=1454 (full 21):
 PSYoungGen      total 690688K, used 683520K [0x00000000d5580000, 0x00000000fff00000, 0x0000000100000000)
  eden space 683520K, 100% used [0x00000000d5580000,0x00000000ff100000,0x00000000ff100000)
  from space 7168K, 0% used [0x00000000ff800000,0x00000000ff800000,0x00000000fff00000)
  to   space 7168K, 0% used [0x00000000ff100000,0x00000000ff100000,0x00000000ff800000)
 ParOldGen       total 642560K, used 606371K [0x0000000080000000, 0x00000000a7380000, 0x00000000d5580000)
  object space 642560K, 94% used [0x0000000080000000,0x00000000a5028fc0,0x00000000a7380000)
 Metaspace       used 28355K, capacity 28686K, committed 29056K, reserved 1075200K
  class space    used 3283K, capacity 3372K, committed 3456K, reserved 1048576K
Event: 3841.367 GC heap after
Heap after GC invocations=1454 (full 21):
 PSYoungGen      total 690688K, used 7163K [0x00000000d5580000, 0x0000000100000000, 0x0000000100000000)
  eden space 683520K, 0% used [0x00000000d5580000,0x00000000d5580000,0x00000000ff100000)
  from space 7168K, 99% used [0x00000000ff100000,0x00000000ff7fedb8,0x00000000ff800000)
  to   space 8192K, 0% used [0x00000000ff800000,0x00000000ff800000,0x0000000100000000)
 ParOldGen       total 642560K, used 640750K [0x0000000080000000, 0x00000000a7380000, 0x00000000d5580000)
  object space 642560K, 99% used [0x0000000080000000,0x00000000a71bbaa8,0x00000000a7380000)
 Metaspace       used 28355K, capacity 28686K, committed 29056K, reserved 1075200K
  class space    used 3283K, capacity 3372K, committed 3456K, reserved 1048576K
}
Event: 3841.367 GC heap before
{Heap before GC invocations=1455 (full 22):
 PSYoungGen      total 690688K, used 7163K [0x00000000d5580000, 0x0000000100000000, 0x0000000100000000)
  eden space 683520K, 0% used [0x00000000d5580000,0x00000000d5580000,0x00000000ff100000)
  from space 7168K, 99% used [0x00000000ff100000,0x00000000ff7fedb8,0x00000000ff800000)
  to   space 8192K, 0% used [0x00000000ff800000,0x00000000ff800000,0x0000000100000000)
 ParOldGen       total 642560K, used 640750K [0x0000000080000000, 0x00000000a7380000, 0x00000000d5580000)
  object space 642560K, 99% used [0x0000000080000000,0x00000000a71bbaa8,0x00000000a7380000)
 Metaspace       used 28355K, capacity 28686K, committed 29056K, reserved 1075200K
  class space    used 3283K, capacity 3372K, committed 3456K, reserved 1048576K

Deoptimization events (10 events):
Event: 3422.973 Thread 0x00007f6070004000 Uncommon trap: reason=unstable_if action=reinterpret pc=0x00007f60da2591a0 method=java.lang.AbstractStringBuilder.append([CII)Ljava/lang/AbstractStringBuilder; @ 1
Event: 3438.689 Thread 0x00007f60e8346800 Uncommon trap: reason=unstable_if action=reinterpret pc=0x00007f60d946b030 method=java.util.concurrent.locks.ReentrantLock$Sync.nonfairTryAcquire(I)Z @ 19
Event: 3521.098 Thread 0x00007f60e83cb800 Uncommon trap: reason=unstable_if action=reinterpret pc=0x00007f60d9f24b90 method=java.util.concurrent.ConcurrentLinkedQueue.offer(Ljava/lang/Object;)Z @ 91
Event: 3521.099 Thread 0x00007f60841f9000 Uncommon trap: reason=unstable_if action=reinterpret pc=0x00007f60d97830e8 method=java.util.concurrent.ConcurrentLinkedQueue.offer(Ljava/lang/Object;)Z @ 91
Event: 3582.117 Thread 0x00007f60e8346800 Uncommon trap: reason=unstable_if action=reinterpret pc=0x00007f60d98a93c0 method=sun.awt.X11.XWindow.getModifiers(III)I @ 36
Event: 3582.117 Thread 0x00007f60e8346800 Uncommon trap: reason=unstable_if action=reinterpret pc=0x00007f60da0e17e0 method=sun.awt.X11.XWindow.getModifiers(III)I @ 36
Event: 3759.851 Thread 0x00007f60841f9000 Uncommon trap: reason=array_check action=maybe_recompile pc=0x00007f60da81367c method=java.awt.AWTEventMulticaster.populateListenerArray([Ljava/util/EventListener;Ljava/util/EventListener;I)I @ 51
Event: 3759.923 Thread 0x00007f60e83cb800 Uncommon trap: reason=array_check action=maybe_recompile pc=0x00007f60da81367c method=java.awt.AWTEventMulticaster.populateListenerArray([Ljava/util/EventListener;Ljava/util/EventListener;I)I @ 51
Event: 3759.923 Thread 0x00007f60e83cb800 Uncommon trap: reason=array_check action=maybe_recompile pc=0x00007f60da813728 method=java.awt.AWTEventMulticaster.populateListenerArray([Ljava/util/EventListener;Ljava/util/EventListener;I)I @ 51
Event: 3759.923 Thread 0x00007f60e83cb800 Uncommon trap: reason=array_check action=maybe_recompile pc=0x00007f60da81367c method=java.awt.AWTEventMulticaster.populateListenerArray([Ljava/util/EventListener;Ljava/util/EventListener;I)I @ 51

Classes redefined (0 events):
No events

Internal exceptions (10 events):
Event: 3422.142 Thread 0x00007f60e83cb800 Exception <a 'java/lang/UnsupportedOperationException': > (0x00000000e6fe9fd8) thrown at [/build/openjdk-8-g3XteX/openjdk-8-8u222-b10/src/hotspot/src/share/vm/prims/jni.cpp, line 737]
Event: 3422.243 Thread 0x00007f607403b800 Exception <a 'java/net/SocketException': Socket closed> (0x00000000e852bd88) thrown at [/build/openjdk-8-g3XteX/openjdk-8-8u222-b10/src/hotspot/src/share/vm/prims/jni.cpp, line 737]
Event: 3518.329 Thread 0x00007f60e83cb800 Exception <a 'java/lang/UnsupportedOperationException': > (0x00000000e8830ca0) thrown at [/build/openjdk-8-g3XteX/openjdk-8-8u222-b10/src/hotspot/src/share/vm/prims/jni.cpp, line 737]
Event: 3518.414 Thread 0x00007f6070005000 Exception <a 'java/net/SocketException': Socket closed> (0x00000000e93c2b08) thrown at [/build/openjdk-8-g3XteX/openjdk-8-8u222-b10/src/hotspot/src/share/vm/prims/jni.cpp, line 737]
Event: 3583.341 Thread 0x00007f60e83cb800 Exception <a 'java/lang/UnsupportedOperationException': > (0x00000000fa1192f0) thrown at [/build/openjdk-8-g3XteX/openjdk-8-8u222-b10/src/hotspot/src/share/vm/prims/jni.cpp, line 737]
Event: 3583.434 Thread 0x00007f6068005800 Exception <a 'java/net/SocketException': Socket closed> (0x00000000fabc82c8) thrown at [/build/openjdk-8-g3XteX/openjdk-8-8u222-b10/src/hotspot/src/share/vm/prims/jni.cpp, line 737]
Event: 3756.688 Thread 0x00007f60e83cb800 Exception <a 'java/lang/UnsupportedOperationException': > (0x00000000fe89ca38) thrown at [/build/openjdk-8-g3XteX/openjdk-8-8u222-b10/src/hotspot/src/share/vm/prims/jni.cpp, line 737]
Event: 3756.808 Thread 0x00007f6064013000 Exception <a 'java/net/SocketException': Socket closed> (0x00000000d62e37c0) thrown at [/build/openjdk-8-g3XteX/openjdk-8-8u222-b10/src/hotspot/src/share/vm/prims/jni.cpp, line 737]
Event: 3835.234 Thread 0x00007f60e83cb800 Exception <a 'java/lang/UnsupportedOperationException': > (0x00000000f0cf7488) thrown at [/build/openjdk-8-g3XteX/openjdk-8-8u222-b10/src/hotspot/src/share/vm/prims/jni.cpp, line 737]
Event: 3835.336 Thread 0x00007f6068005800 Exception <a 'java/net/SocketException': Socket closed> (0x00000000f20425c8) thrown at [/build/openjdk-8-g3XteX/openjdk-8-8u222-b10/src/hotspot/src/share/vm/prims/jni.cpp, line 737]

Events (10 events):
Event: 3839.667 Executing VM operation: RevokeBias done
Event: 3839.677 Executing VM operation: RevokeBias
Event: 3839.677 Executing VM operation: RevokeBias done
Event: 3839.727 Executing VM operation: RevokeBias
Event: 3839.727 Executing VM operation: RevokeBias done
Event: 3839.734 Executing VM operation: RevokeBias
Event: 3839.735 Executing VM operation: RevokeBias done
Event: 3839.757 Executing VM operation: RevokeBias
Event: 3839.757 Executing VM operation: RevokeBias done
Event: 3841.347 Executing VM operation: ParallelGCFailedAllocation


Dynamic libraries:
00400000-00401000 r-xp 00000000 08:01 1314311                            /usr/lib/jvm/java-8-openjdk-amd64/jre/bin/java
00600000-00601000 r--p 00000000 08:01 1314311                            /usr/lib/jvm/java-8-openjdk-amd64/jre/bin/java
00601000-00602000 rw-p 00001000 08:01 1314311                            /usr/lib/jvm/java-8-openjdk-amd64/jre/bin/java
018a2000-018c3000 rw-p 00000000 00:00 0                                  [heap]
80000000-a7380000 rw-p 00000000 00:00 0 
b9f80000-d5580000 ---p 00000000 00:00 0 
d5580000-100000000 rw-p 00000000 00:00 0 
100000000-100360000 rw-p 00000000 00:00 0 
100360000-140000000 ---p 00000000 00:00 0 
7f6054000000-7f6054021000 rw-p 00000000 00:00 0 
7f6054021000-7f6058000000 ---p 00000000 00:00 0 
7f605c000000-7f605c021000 rw-p 00000000 00:00 0 
7f605c021000-7f6060000000 ---p 00000000 00:00 0 
7f6060000000-7f6060021000 rw-p 00000000 00:00 0 
7f6060021000-7f6064000000 ---p 00000000 00:00 0 
7f6064000000-7f606403f000 rw-p 00000000 00:00 0 
7f606403f000-7f6068000000 ---p 00000000 00:00 0 
7f6068000000-7f6068029000 rw-p 00000000 00:00 0 
7f6068029000-7f606c000000 ---p 00000000 00:00 0 
7f606c000000-7f606c021000 rw-p 00000000 00:00 0 
7f606c021000-7f6070000000 ---p 00000000 00:00 0 
7f6070000000-7f6070021000 rw-p 00000000 00:00 0 
7f6070021000-7f6074000000 ---p 00000000 00:00 0 
7f6074000000-7f60741e4000 rw-p 00000000 00:00 0 
7f60741e4000-7f6078000000 ---p 00000000 00:00 0 
7f6078000000-7f6078021000 rw-p 00000000 00:00 0 
7f6078021000-7f607c000000 ---p 00000000 00:00 0 
7f607ecf9000-7f607ecfc000 ---p 00000000 00:00 0 
7f607ecfc000-7f607edfa000 rw-p 00000000 00:00 0 
7f607edfa000-7f607edfd000 ---p 00000000 00:00 0 
7f607edfd000-7f607eefb000 rw-p 00000000 00:00 0 
7f607eefb000-7f607eefe000 ---p 00000000 00:00 0 
7f607eefe000-7f607f0fc000 rw-p 00000000 00:00 0 
7f607f0fc000-7f607f1fc000 ---p 00000000 00:00 0 
7f607f1fc000-7f607f3fc000 rw-p 00000000 00:00 0 
7f607f3fc000-7f607f5fc000 rw-p 00000000 00:00 0 
7f607f5fc000-7f607f7fc000 rw-p 00000000 00:00 0 
7f607f7fc000-7f607f7ff000 ---p 00000000 00:00 0 
7f607f7ff000-7f607f8fd000 rw-p 00000000 00:00 0 
7f607f8fd000-7f607f900000 ---p 00000000 00:00 0 
7f607f900000-7f607f9fe000 rw-p 00000000 00:00 0 
7f607f9fe000-7f607fa01000 ---p 00000000 00:00 0 
7f607fa01000-7f607faff000 rw-p 00000000 00:00 0 
7f607faff000-7f607fb02000 ---p 00000000 00:00 0 
7f607fb02000-7f607fe00000 rw-p 00000000 00:00 0 
7f607fe00000-7f6080000000 rw-p 00000000 00:00 0 
7f6080000000-7f6080021000 rw-p 00000000 00:00 0 
7f6080021000-7f6084000000 ---p 00000000 00:00 0 
7f6084000000-7f60842b3000 rw-p 00000000 00:00 0 
7f60842b3000-7f6088000000 ---p 00000000 00:00 0 
7f6088000000-7f6088021000 rw-p 00000000 00:00 0 
7f6088021000-7f608c000000 ---p 00000000 00:00 0 
7f608c000000-7f608c021000 rw-p 00000000 00:00 0 
7f608c021000-7f6090000000 ---p 00000000 00:00 0 
7f60900ba000-7f60900bd000 ---p 00000000 00:00 0 
7f60900bd000-7f60900f3000 rw-p 00000000 00:00 0 
7f60900f3000-7f60900f6000 ---p 00000000 00:00 0 
7f60900f6000-7f60903f4000 rw-p 00000000 00:00 0 
7f60903f4000-7f60903f7000 ---p 00000000 00:00 0 
7f60903f7000-7f60904f5000 rw-p 00000000 00:00 0 
7f60904f5000-7f60904f8000 ---p 00000000 00:00 0 
7f60904f8000-7f60905f6000 rw-p 00000000 00:00 0 
7f60905f6000-7f6090601000 r--s 00000000 08:01 1726198                    /var/cache/fontconfig/945677eb7aeaf62f1d50efc3fb3ec7d8-le64.cache-6
7f6090601000-7f6090607000 r--s 00000000 08:01 1730244                    /var/cache/fontconfig/2cd17615ca594fa2959ae173292e504c-le64.cache-6
7f6090607000-7f6090608000 r--s 00000000 08:01 1730243                    /var/cache/fontconfig/0d8c3b2ac0904cb8a57a757ad11a4a08-le64.cache-6
7f6090608000-7f609060c000 r--s 00000000 08:01 1739929                    /var/cache/fontconfig/de156ccd2eddbdc19d37a45b8b2aac9c-le64.cache-6
7f609060c000-7f6090621000 r--s 00000000 08:01 1730242                    /var/cache/fontconfig/04aabc0a78ac019cf9454389977116d2-le64.cache-6
7f6090621000-7f6090622000 r--s 00000000 08:01 1730241                    /var/cache/fontconfig/1ac9eb803944fde146138c791f5cc56a-le64.cache-6
7f6090622000-7f6090626000 r--s 00000000 08:01 1730240                    /var/cache/fontconfig/385c0604a188198f04d133e54aba7fe7-le64.cache-6
7f6090626000-7f6090627000 r--s 00000000 08:01 1730239                    /var/cache/fontconfig/dc05db6664285cc2f12bf69c139ae4c3-le64.cache-6
7f6090627000-7f609062a000 r--s 00000000 08:01 1730238                    /var/cache/fontconfig/767a8244fc0220cfb567a839d0392e0b-le64.cache-6
7f609062a000-7f6090631000 r--s 00000000 08:01 1730234                    /var/cache/fontconfig/3047814df9a2f067bd2d96a2b9c36e5a-le64.cache-6
7f6090631000-7f6090639000 r--s 00000000 08:01 1721585                    /var/cache/fontconfig/bf3b770c553c462765856025a94f1ce6-le64.cache-6
7f6090639000-7f609064c000 r--s 00000000 08:01 1730230                    /var/cache/fontconfig/d52a8644073d54c13679302ca1180695-le64.cache-6
7f609064c000-7f6090657000 r--s 00000000 08:01 1730228                    /var/cache/fontconfig/d589a48862398ed80a3d6066f4f56f4c-le64.cache-6
7f6090657000-7f6090662000 r--s 00000000 08:01 1730223                    /var/cache/fontconfig/83bf95040141907cd45bb53cf7c1c148-le64.cache-6
7f6090662000-7f6090674000 r--s 00000000 08:01 1710755                    /var/cache/fontconfig/9b89f8e3dae116d678bbf48e5f21f69b-le64.cache-6
7f6090675000-7f6090677000 r--s 00002000 08:01 525646                     /home/user/contiki/tools/cooja/apps/serial2pty/lib/serial2pty.jar
7f6090677000-7f6090679000 r--s 00008000 08:01 405835                     /home/user/contiki/tools/cooja/apps/serial_socket/lib/serial_socket.jar
7f6090679000-7f609067a000 r--s 00003000 08:01 405839                     /home/user/contiki/tools/cooja/apps/powertracker/lib/powertracker.jar
7f609067a000-7f609067c000 r--s 00010000 08:01 405858                     /home/user/contiki/tools/cooja/apps/mspsim/lib/jipv6.jar
7f609067c000-7f609067d000 r--s 00004000 08:01 405857                     /home/user/contiki/tools/cooja/apps/mspsim/lib/coffee.jar
7f609067d000-7f6090689000 r--s 000eb000 08:01 405859                     /home/user/contiki/tools/cooja/apps/mspsim/lib/mspsim.jar
7f6090689000-7f609068f000 r--s 00063000 08:01 405856                     /home/user/contiki/tools/cooja/apps/mspsim/lib/cooja_mspsim.jar
7f609068f000-7f6090691000 r--s 0001e000 08:01 405869                     /home/user/contiki/tools/cooja/apps/mrm/lib/mrm.jar
7f6090691000-7f6090692000 r--s 00001000 08:01 411529                     /home/user/contiki/tools/cooja/apps/mobility/lib/mobility.jar
7f6090692000-7f6090693000 r--s 00002000 08:01 404701                     /home/user/contiki/tools/cooja/apps/collect-view/cooja-collect-view.jar
7f6090693000-7f60906cd000 r--s 001e1000 08:01 405880                     /home/user/contiki/tools/cooja/apps/avrora/lib/avrora-small.jar
7f60906cd000-7f60906ce000 r--s 00008000 08:01 405879                     /home/user/contiki/tools/cooja/apps/avrora/lib/cooja_avrora.jar
7f60906ce000-7f60908ce000 rw-p 00000000 00:00 0 
7f60908ce000-7f60908df000 r-xp 00000000 08:01 1339430                    /usr/lib/jvm/java-8-openjdk-amd64/jre/lib/amd64/libnio.so
7f60908df000-7f6090ade000 ---p 00011000 08:01 1339430                    /usr/lib/jvm/java-8-openjdk-amd64/jre/lib/amd64/libnio.so
7f6090ade000-7f6090adf000 r--p 00010000 08:01 1339430                    /usr/lib/jvm/java-8-openjdk-amd64/jre/lib/amd64/libnio.so
7f6090adf000-7f6090ae0000 rw-p 00011000 08:01 1339430                    /usr/lib/jvm/java-8-openjdk-amd64/jre/lib/amd64/libnio.so
7f6090ae0000-7f6093ae1000 rw-p 00000000 00:00 0 
7f6093ae1000-7f6093af7000 r-xp 00000000 08:01 1339413                    /usr/lib/jvm/java-8-openjdk-amd64/jre/lib/amd64/libnet.so
7f6093af7000-7f6093cf7000 ---p 00016000 08:01 1339413                    /usr/lib/jvm/java-8-openjdk-amd64/jre/lib/amd64/libnet.so
7f6093cf7000-7f6093cf8000 r--p 00016000 08:01 1339413                    /usr/lib/jvm/java-8-openjdk-amd64/jre/lib/amd64/libnet.so
7f6093cf8000-7f6093cf9000 rw-p 00017000 08:01 1339413                    /usr/lib/jvm/java-8-openjdk-amd64/jre/lib/amd64/libnet.so
7f6093cf9000-7f6093cfc000 ---p 00000000 00:00 0 
7f6093cfc000-7f6093dfa000 rw-p 00000000 00:00 0 
7f6093dfa000-7f6093dff000 r-xp 00000000 08:01 1321260                    /usr/lib/x86_64-linux-gnu/libXfixes.so.3.1.0
7f6093dff000-7f6093ffe000 ---p 00005000 08:01 1321260                    /usr/lib/x86_64-linux-gnu/libXfixes.so.3.1.0
7f6093ffe000-7f6093fff000 r--p 00004000 08:01 1321260                    /usr/lib/x86_64-linux-gnu/libXfixes.so.3.1.0
7f6093fff000-7f6094000000 rw-p 00005000 08:01 1321260                    /usr/lib/x86_64-linux-gnu/libXfixes.so.3.1.0
7f6094000000-7f6094021000 rw-p 00000000 00:00 0 
7f6094021000-7f6098000000 ---p 00000000 00:00 0 
7f6098000000-7f6098021000 rw-p 00000000 00:00 0 
7f6098021000-7f609c000000 ---p 00000000 00:00 0 
7f609c000000-7f609dcaa000 rw-p 00000000 00:00 0 
7f609dcaa000-7f60a0000000 ---p 00000000 00:00 0 
7f60a0000000-7f60a0bb0000 rw-p 00000000 00:00 0 
7f60a0bb0000-7f60a4000000 ---p 00000000 00:00 0 
7f60a4000000-7f60a4021000 rw-p 00000000 00:00 0 
7f60a4021000-7f60a8000000 ---p 00000000 00:00 0 
7f60a8000000-7f60aae13000 rw-p 00000000 00:00 0 
7f60aae13000-7f60ac000000 ---p 00000000 00:00 0 
7f60ac000000-7f60ac021000 rw-p 00000000 00:00 0 
7f60ac021000-7f60b0000000 ---p 00000000 00:00 0 
7f60b0000000-7f60b0021000 rw-p 00000000 00:00 0 
7f60b0021000-7f60b4000000 ---p 00000000 00:00 0 
7f60b4000000-7f60b4162000 rw-p 00000000 00:00 0 
7f60b4162000-7f60b8000000 ---p 00000000 00:00 0 
7f60b8000000-7f60b8021000 rw-p 00000000 00:00 0 
7f60b8021000-7f60bc000000 ---p 00000000 00:00 0 
7f60bc000000-7f60bc021000 r--s 00000000 08:01 1714109                    /var/cache/fontconfig/467c019e582ee353435ea5c21d137ef6-le64.cache-6
7f60bc021000-7f60bc02a000 r-xp 00000000 08:01 1311053                    /usr/lib/x86_64-linux-gnu/libXcursor.so.1.0.2
7f60bc02a000-7f60bc229000 ---p 00009000 08:01 1311053                    /usr/lib/x86_64-linux-gnu/libXcursor.so.1.0.2
7f60bc229000-7f60bc22a000 r--p 00008000 08:01 1311053                    /usr/lib/x86_64-linux-gnu/libXcursor.so.1.0.2
7f60bc22a000-7f60bc22b000 rw-p 00009000 08:01 1311053                    /usr/lib/x86_64-linux-gnu/libXcursor.so.1.0.2
7f60bc22b000-7f60bc22e000 ---p 00000000 00:00 0 
7f60bc22e000-7f60bc52c000 rw-p 00000000 00:00 0 
7f60bc52c000-7f60bc550000 r-xp 00000000 08:01 524469                     /lib/x86_64-linux-gnu/libpng12.so.0.54.0
7f60bc550000-7f60bc74f000 ---p 00024000 08:01 524469                     /lib/x86_64-linux-gnu/libpng12.so.0.54.0
7f60bc74f000-7f60bc750000 r--p 00023000 08:01 524469                     /lib/x86_64-linux-gnu/libpng12.so.0.54.0
7f60bc750000-7f60bc751000 rw-p 00024000 08:01 524469                     /lib/x86_64-linux-gnu/libpng12.so.0.54.0
7f60bc751000-7f60bc7f5000 r-xp 00000000 08:01 1312888                    /usr/lib/x86_64-linux-gnu/libfreetype.so.6.12.1
7f60bc7f5000-7f60bc9f4000 ---p 000a4000 08:01 1312888                    /usr/lib/x86_64-linux-gnu/libfreetype.so.6.12.1
7f60bc9f4000-7f60bc9fa000 r--p 000a3000 08:01 1312888                    /usr/lib/x86_64-linux-gnu/libfreetype.so.6.12.1
7f60bc9fa000-7f60bc9fb000 rw-p 000a9000 08:01 1312888                    /usr/lib/x86_64-linux-gnu/libfreetype.so.6.12.1
7f60bc9fb000-7f60bc9fc000 r--s 00000000 08:01 1722666                    /var/cache/fontconfig/4794a0821666d79190d59a36cb4f44b5-le64.cache-6
7f60bc9fc000-7f60bca01000 r--s 00000000 08:01 1730236                    /var/cache/fontconfig/8801497958630a81b71ace7c5f9b32a8-le64.cache-6
7f60bca01000-7f60bca18000 r--s 00000000 08:01 1721579                    /var/cache/fontconfig/e13b20fdb08344e0e664864cc2ede53d-le64.cache-6
7f60bca18000-7f60bca69000 r-xp 00000000 08:01 1339409                    /usr/lib/jvm/java-8-openjdk-amd64/jre/lib/amd64/libfontmanager.so
7f60bca69000-7f60bcc69000 ---p 00051000 08:01 1339409                    /usr/lib/jvm/java-8-openjdk-amd64/jre/lib/amd64/libfontmanager.so
7f60bcc69000-7f60bcc6b000 r--p 00051000 08:01 1339409                    /usr/lib/jvm/java-8-openjdk-amd64/jre/lib/amd64/libfontmanager.so
7f60bcc6b000-7f60bcc6c000 rw-p 00053000 08:01 1339409                    /usr/lib/jvm/java-8-openjdk-amd64/jre/lib/amd64/libfontmanager.so
7f60bcc6c000-7f60bcc71000 r-xp 00000000 08:01 1321256                    /usr/lib/x86_64-linux-gnu/libXdmcp.so.6.0.0
7f60bcc71000-7f60bce70000 ---p 00005000 08:01 1321256                    /usr/lib/x86_64-linux-gnu/libXdmcp.so.6.0.0
7f60bce70000-7f60bce71000 r--p 00004000 08:01 1321256                    /usr/lib/x86_64-linux-gnu/libXdmcp.so.6.0.0
7f60bce71000-7f60bce72000 rw-p 00005000 08:01 1321256                    /usr/lib/x86_64-linux-gnu/libXdmcp.so.6.0.0
7f60bce72000-7f60bce74000 r-xp 00000000 08:01 1321245                    /usr/lib/x86_64-linux-gnu/libXau.so.6.0.0
7f60bce74000-7f60bd074000 ---p 00002000 08:01 1321245                    /usr/lib/x86_64-linux-gnu/libXau.so.6.0.0
7f60bd074000-7f60bd075000 r--p 00002000 08:01 1321245                    /usr/lib/x86_64-linux-gnu/libXau.so.6.0.0
7f60bd075000-7f60bd076000 rw-p 00003000 08:01 1321245                    /usr/lib/x86_64-linux-gnu/libXau.so.6.0.0
7f60bd076000-7f60bd097000 r-xp 00000000 08:01 1322623                    /usr/lib/x86_64-linux-gnu/libxcb.so.1.1.0
7f60bd097000-7f60bd296000 ---p 00021000 08:01 1322623                    /usr/lib/x86_64-linux-gnu/libxcb.so.1.1.0
7f60bd296000-7f60bd297000 r--p 00020000 08:01 1322623                    /usr/lib/x86_64-linux-gnu/libxcb.so.1.1.0
7f60bd297000-7f60bd298000 rw-p 00021000 08:01 1322623                    /usr/lib/x86_64-linux-gnu/libxcb.so.1.1.0
7f60bd298000-7f60bd2a7000 r-xp 00000000 08:01 1321266                    /usr/lib/x86_64-linux-gnu/libXi.so.6.1.0
7f60bd2a7000-7f60bd4a6000 ---p 0000f000 08:01 1321266                    /usr/lib/x86_64-linux-gnu/libXi.so.6.1.0
7f60bd4a6000-7f60bd4a7000 r--p 0000e000 08:01 1321266                    /usr/lib/x86_64-linux-gnu/libXi.so.6.1.0
7f60bd4a7000-7f60bd4a8000 rw-p 0000f000 08:01 1321266                    /usr/lib/x86_64-linux-gnu/libXi.so.6.1.0
7f60bd4a8000-7f60bd4ad000 r-xp 00000000 08:01 1321284                    /usr/lib/x86_64-linux-gnu/libXtst.so.6.1.0
7f60bd4ad000-7f60bd6ac000 ---p 00005000 08:01 1321284                    /usr/lib/x86_64-linux-gnu/libXtst.so.6.1.0
7f60bd6ac000-7f60bd6ad000 r--p 00004000 08:01 1321284                    /usr/lib/x86_64-linux-gnu/libXtst.so.6.1.0
7f60bd6ad000-7f60bd6ae000 rw-p 00005000 08:01 1321284                    /usr/lib/x86_64-linux-gnu/libXtst.so.6.1.0
7f60bd6ae000-7f60bd6b7000 r-xp 00000000 08:01 1321278                    /usr/lib/x86_64-linux-gnu/libXrender.so.1.3.0
7f60bd6b7000-7f60bd8b6000 ---p 00009000 08:01 1321278                    /usr/lib/x86_64-linux-gnu/libXrender.so.1.3.0
7f60bd8b6000-7f60bd8b7000 r--p 00008000 08:01 1321278                    /usr/lib/x86_64-linux-gnu/libXrender.so.1.3.0
7f60bd8b7000-7f60bd8b8000 rw-p 00009000 08:01 1321278                    /usr/lib/x86_64-linux-gnu/libXrender.so.1.3.0
7f60bd8b8000-7f60bd9ed000 r-xp 00000000 08:01 1331980                    /usr/lib/x86_64-linux-gnu/libX11.so.6.3.0
7f60bd9ed000-7f60bdbed000 ---p 00135000 08:01 1331980                    /usr/lib/x86_64-linux-gnu/libX11.so.6.3.0
7f60bdbed000-7f60bdbee000 r--p 00135000 08:01 1331980                    /usr/lib/x86_64-linux-gnu/libX11.so.6.3.0
7f60bdbee000-7f60bdbf2000 rw-p 00136000 08:01 1331980                    /usr/lib/x86_64-linux-gnu/libX11.so.6.3.0
7f60bdbf2000-7f60bdc03000 r-xp 00000000 08:01 1321258                    /usr/lib/x86_64-linux-gnu/libXext.so.6.4.0
7f60bdc03000-7f60bde02000 ---p 00011000 08:01 1321258                    /usr/lib/x86_64-linux-gnu/libXext.so.6.4.0
7f60bde02000-7f60bde03000 r--p 00010000 08:01 1321258                    /usr/lib/x86_64-linux-gnu/libXext.so.6.4.0
7f60bde03000-7f60bde04000 rw-p 00011000 08:01 1321258                    /usr/lib/x86_64-linux-gnu/libXext.so.6.4.0
7f60bde04000-7f60bde08000 r--s 00000000 08:01 1739928                    /var/cache/fontconfig/c57959a16110560c8d0fcea73374aeeb-le64.cache-6
7f60bde08000-7f60bde0e000 r--s 00000000 08:01 1730231                    /var/cache/fontconfig/b47c4e1ecd0709278f4910c18777a504-le64.cache-6
7f60bde0e000-7f60bde21000 r--s 00346000 08:01 1350066                    /usr/lib/jvm/java-8-openjdk-amd64/jre/lib/resources.jar
7f60bde21000-7f60bde7d000 r-xp 00000000 08:01 1339423                    /usr/lib/jvm/java-8-openjdk-amd64/jre/lib/amd64/libawt_xawt.so
7f60bde7d000-7f60be07c000 ---p 0005c000 08:01 1339423                    /usr/lib/jvm/java-8-openjdk-amd64/jre/lib/amd64/libawt_xawt.so
7f60be07c000-7f60be07d000 r--p 0005b000 08:01 1339423                    /usr/lib/jvm/java-8-openjdk-amd64/jre/lib/amd64/libawt_xawt.so
7f60be07d000-7f60be080000 rw-p 0005c000 08:01 1339423                    /usr/lib/jvm/java-8-openjdk-amd64/jre/lib/amd64/libawt_xawt.so
7f60be080000-7f60be082000 rw-p 00000000 00:00 0 
7f60be082000-7f60be121000 r-xp 00000000 08:01 1339424                    /usr/lib/jvm/java-8-openjdk-amd64/jre/lib/amd64/libawt.so
7f60be121000-7f60be321000 ---p 0009f000 08:01 1339424                    /usr/lib/jvm/java-8-openjdk-amd64/jre/lib/amd64/libawt.so
7f60be321000-7f60be322000 r--p 0009f000 08:01 1339424                    /usr/lib/jvm/java-8-openjdk-amd64/jre/lib/amd64/libawt.so
7f60be322000-7f60be32d000 rw-p 000a0000 08:01 1339424                    /usr/lib/jvm/java-8-openjdk-amd64/jre/lib/amd64/libawt.so
7f60be32d000-7f60be352000 rw-p 00000000 00:00 0 
7f60be352000-7f60be36f000 r--s 0014f000 08:01 399893                     /home/user/contiki/tools/cooja/lib/swingx-all-1.6.4.jar
7f60be36f000-7f60be376000 r--s 0005b000 08:01 399895                     /home/user/contiki/tools/cooja/lib/jsyntaxpane.jar
7f60be376000-7f60be391000 r--s 001d6000 08:01 1339389                    /usr/lib/jvm/java-8-openjdk-amd64/jre/lib/ext/nashorn.jar
7f60be391000-7f60be3ac000 r--s 00394000 08:01 1339392                    /usr/lib/jvm/java-8-openjdk-amd64/jre/lib/ext/cldrdata.jar
7f60be3ac000-7f60be3ad000 ---p 00000000 00:00 0 
7f60be3ad000-7f60be4ad000 rw-p 00000000 00:00 0 
7f60be4ad000-7f60be4b0000 ---p 00000000 00:00 0 
7f60be4b0000-7f60be5ae000 rw-p 00000000 00:00 0 
7f60be5ae000-7f60be5b1000 ---p 00000000 00:00 0 
7f60be5b1000-7f60be6af000 rw-p 00000000 00:00 0 
7f60be6af000-7f60be6b2000 ---p 00000000 00:00 0 
7f60be6b2000-7f60be7b0000 rw-p 00000000 00:00 0 
7f60be7b0000-7f60be7b3000 ---p 00000000 00:00 0 
7f60be7b3000-7f60be8b1000 rw-p 00000000 00:00 0 
7f60be8b1000-7f60be8b4000 ---p 00000000 00:00 0 
7f60be8b4000-7f60be9b2000 rw-p 00000000 00:00 0 
7f60be9b2000-7f60bec8a000 r--p 00000000 08:01 1314277                    /usr/lib/locale/locale-archive
7f60bec8a000-7f60bec8d000 ---p 00000000 00:00 0 
7f60bec8d000-7f60bed8b000 rw-p 00000000 00:00 0 
7f60bed8b000-7f60bed8e000 ---p 00000000 00:00 0 
7f60bed8e000-7f60bee8c000 rw-p 00000000 00:00 0 
7f60bee8c000-7f60bee8d000 ---p 00000000 00:00 0 
7f60bee8d000-7f60c0000000 rw-p 00000000 00:00 0 
7f60c0000000-7f60c0021000 rw-p 00000000 00:00 0 
7f60c0021000-7f60c4000000 ---p 00000000 00:00 0 
7f60c4000000-7f60c8000000 rw-p 00000000 00:00 0 
7f60c8000000-7f60c8021000 rw-p 00000000 00:00 0 
7f60c8021000-7f60cc000000 ---p 00000000 00:00 0 
7f60cc000000-7f60cc021000 rw-p 00000000 00:00 0 
7f60cc021000-7f60d0000000 ---p 00000000 00:00 0 
7f60d0000000-7f60d0021000 rw-p 00000000 00:00 0 
7f60d0021000-7f60d4000000 ---p 00000000 00:00 0 
7f60d4000000-7f60d4021000 rw-p 00000000 00:00 0 
7f60d4021000-7f60d8000000 ---p 00000000 00:00 0 
7f60d8000000-7f60d8001000 r--s 00000000 08:01 1730235                    /var/cache/fontconfig/bab58bb527bb656aaa9f116d68a48d89-le64.cache-6
7f60d8001000-7f60d8002000 r--s 00000000 08:01 1730233                    /var/cache/fontconfig/56cf4f4769d0f4abc89a4895d7bd3ae1-le64.cache-6
7f60d8002000-7f60d8003000 r--s 00000000 08:01 1730232                    /var/cache/fontconfig/b9d506c9ac06c20b433354fa67a72993-le64.cache-6
7f60d8003000-7f60d8004000 r--s 00000000 08:01 1730229                    /var/cache/fontconfig/551ecf3b0e8b0bca0f25c0944f561853-le64.cache-6
7f60d8004000-7f60d85ba000 rw-p 00000000 00:00 0 
7f60d85ba000-7f60d878a000 r--s 03c5c000 08:01 1339373                    /usr/lib/jvm/java-8-openjdk-amd64/jre/lib/rt.jar
7f60d878a000-7f60d9000000 rw-p 00000000 00:00 0 
7f60d9000000-7f60da890000 rwxp 00000000 00:00 0 
7f60da890000-7f60e8000000 ---p 00000000 00:00 0 
7f60e8000000-7f60e83cd000 rw-p 00000000 00:00 0 
7f60e83cd000-7f60ec000000 ---p 00000000 00:00 0 
7f60ec000000-7f60ec001000 r--s 00000000 08:01 1730227                    /var/cache/fontconfig/30829fa25452a46451e813d634d7f916-le64.cache-6
7f60ec001000-7f60ec004000 r--s 00000000 08:01 1730224                    /var/cache/fontconfig/75114ca45c98e8a441da0ff356701271-le64.cache-6
7f60ec004000-7f60ec00b000 r--s 0004f000 08:01 399894                     /home/user/contiki/tools/cooja/lib/log4j.jar
7f60ec00b000-7f60ec40b000 rw-p 00000000 00:00 0 
7f60ec40b000-7f60ec40c000 ---p 00000000 00:00 0 
7f60ec40c000-7f60ec50c000 rw-p 00000000 00:00 0 
7f60ec50c000-7f60ec50d000 ---p 00000000 00:00 0 
7f60ec50d000-7f60ec60d000 rw-p 00000000 00:00 0 
7f60ec60d000-7f60ec60e000 ---p 00000000 00:00 0 
7f60ec60e000-7f60ec70e000 rw-p 00000000 00:00 0 
7f60ec70e000-7f60ec70f000 ---p 00000000 00:00 0 
7f60ec70f000-7f60ec80f000 rw-p 00000000 00:00 0 
7f60ec80f000-7f60ec810000 ---p 00000000 00:00 0 
7f60ec810000-7f60ec910000 rw-p 00000000 00:00 0 
7f60ec910000-7f60ec911000 ---p 00000000 00:00 0 
7f60ec911000-7f60ecb4b000 rw-p 00000000 00:00 0 
7f60ecb4b000-7f60eccbc000 ---p 00000000 00:00 0 
7f60eccbc000-7f60ecdf6000 rw-p 00000000 00:00 0 
7f60ecdf6000-7f60ecf66000 ---p 00000000 00:00 0 
7f60ecf66000-7f60ed0bc000 rw-p 00000000 00:00 0 
7f60ed0bc000-7f60ed120000 rw-p 00000000 00:00 0 
7f60ed120000-7f60ed47d000 ---p 00000000 00:00 0 
7f60ed47d000-7f60ed485000 r-xp 00000000 08:01 1339427                    /usr/lib/jvm/java-8-openjdk-amd64/jre/lib/amd64/libzip.so
7f60ed485000-7f60ed684000 ---p 00008000 08:01 1339427                    /usr/lib/jvm/java-8-openjdk-amd64/jre/lib/amd64/libzip.so
7f60ed684000-7f60ed685000 r--p 00007000 08:01 1339427                    /usr/lib/jvm/java-8-openjdk-amd64/jre/lib/amd64/libzip.so
7f60ed685000-7f60ed686000 rw-p 00008000 08:01 1339427                    /usr/lib/jvm/java-8-openjdk-amd64/jre/lib/amd64/libzip.so
7f60ed686000-7f60ed691000 r-xp 00000000 08:01 526492                     /lib/x86_64-linux-gnu/libnss_files-2.23.so
7f60ed691000-7f60ed890000 ---p 0000b000 08:01 526492                     /lib/x86_64-linux-gnu/libnss_files-2.23.so
7f60ed890000-7f60ed891000 r--p 0000a000 08:01 526492                     /lib/x86_64-linux-gnu/libnss_files-2.23.so
7f60ed891000-7f60ed892000 rw-p 0000b000 08:01 526492                     /lib/x86_64-linux-gnu/libnss_files-2.23.so
7f60ed892000-7f60ed898000 rw-p 00000000 00:00 0 
7f60ed898000-7f60ed8a3000 r-xp 00000000 08:01 526263                     /lib/x86_64-linux-gnu/libnss_nis-2.23.so
7f60ed8a3000-7f60edaa2000 ---p 0000b000 08:01 526263                     /lib/x86_64-linux-gnu/libnss_nis-2.23.so
7f60edaa2000-7f60edaa3000 r--p 0000a000 08:01 526263                     /lib/x86_64-linux-gnu/libnss_nis-2.23.so
7f60edaa3000-7f60edaa4000 rw-p 0000b000 08:01 526263                     /lib/x86_64-linux-gnu/libnss_nis-2.23.so
7f60edaa4000-7f60edaba000 r-xp 00000000 08:01 526484                     /lib/x86_64-linux-gnu/libnsl-2.23.so
7f60edaba000-7f60edcb9000 ---p 00016000 08:01 526484                     /lib/x86_64-linux-gnu/libnsl-2.23.so
7f60edcb9000-7f60edcba000 r--p 00015000 08:01 526484                     /lib/x86_64-linux-gnu/libnsl-2.23.so
7f60edcba000-7f60edcbb000 rw-p 00016000 08:01 526484                     /lib/x86_64-linux-gnu/libnsl-2.23.so
7f60edcbb000-7f60edcbd000 rw-p 00000000 00:00 0 
7f60edcbd000-7f60edcc5000 r-xp 00000000 08:01 526508                     /lib/x86_64-linux-gnu/libnss_compat-2.23.so
7f60edcc5000-7f60edec4000 ---p 00008000 08:01 526508                     /lib/x86_64-linux-gnu/libnss_compat-2.23.so
7f60edec4000-7f60edec5000 r--p 00007000 08:01 526508                     /lib/x86_64-linux-gnu/libnss_compat-2.23.so
7f60edec5000-7f60edec6000 rw-p 00008000 08:01 526508                     /lib/x86_64-linux-gnu/libnss_compat-2.23.so
7f60edec6000-7f60edeef000 r-xp 00000000 08:01 1339412                    /usr/lib/jvm/java-8-openjdk-amd64/jre/lib/amd64/libjava.so
7f60edeef000-7f60ee0ee000 ---p 00029000 08:01 1339412                    /usr/lib/jvm/java-8-openjdk-amd64/jre/lib/amd64/libjava.so
7f60ee0ee000-7f60ee0ef000 r--p 00028000 08:01 1339412                    /usr/lib/jvm/java-8-openjdk-amd64/jre/lib/amd64/libjava.so
7f60ee0ef000-7f60ee0f1000 rw-p 00029000 08:01 1339412                    /usr/lib/jvm/java-8-openjdk-amd64/jre/lib/amd64/libjava.so
7f60ee0f1000-7f60ee100000 r-xp 00000000 08:01 1339429                    /usr/lib/jvm/java-8-openjdk-amd64/jre/lib/amd64/libverify.so
7f60ee100000-7f60ee2ff000 ---p 0000f000 08:01 1339429                    /usr/lib/jvm/java-8-openjdk-amd64/jre/lib/amd64/libverify.so
7f60ee2ff000-7f60ee301000 r--p 0000e000 08:01 1339429                    /usr/lib/jvm/java-8-openjdk-amd64/jre/lib/amd64/libverify.so
7f60ee301000-7f60ee302000 rw-p 00010000 08:01 1339429                    /usr/lib/jvm/java-8-openjdk-amd64/jre/lib/amd64/libverify.so
7f60ee302000-7f60ee309000 r-xp 00000000 08:01 526249                     /lib/x86_64-linux-gnu/librt-2.23.so
7f60ee309000-7f60ee508000 ---p 00007000 08:01 526249                     /lib/x86_64-linux-gnu/librt-2.23.so
7f60ee508000-7f60ee509000 r--p 00006000 08:01 526249                     /lib/x86_64-linux-gnu/librt-2.23.so
7f60ee509000-7f60ee50a000 rw-p 00007000 08:01 526249                     /lib/x86_64-linux-gnu/librt-2.23.so
7f60ee50a000-7f60ee520000 r-xp 00000000 08:01 529514                     /lib/x86_64-linux-gnu/libgcc_s.so.1
7f60ee520000-7f60ee71f000 ---p 00016000 08:01 529514                     /lib/x86_64-linux-gnu/libgcc_s.so.1
7f60ee71f000-7f60ee720000 rw-p 00015000 08:01 529514                     /lib/x86_64-linux-gnu/libgcc_s.so.1
7f60ee720000-7f60ee828000 r-xp 00000000 08:01 526516                     /lib/x86_64-linux-gnu/libm-2.23.so
7f60ee828000-7f60eea27000 ---p 00108000 08:01 526516                     /lib/x86_64-linux-gnu/libm-2.23.so
7f60eea27000-7f60eea28000 r--p 00107000 08:01 526516                     /lib/x86_64-linux-gnu/libm-2.23.so
7f60eea28000-7f60eea29000 rw-p 00108000 08:01 526516                     /lib/x86_64-linux-gnu/libm-2.23.so
7f60eea29000-7f60eeb9b000 r-xp 00000000 08:01 1311232                    /usr/lib/x86_64-linux-gnu/libstdc++.so.6.0.21
7f60eeb9b000-7f60eed9b000 ---p 00172000 08:01 1311232                    /usr/lib/x86_64-linux-gnu/libstdc++.so.6.0.21
7f60eed9b000-7f60eeda5000 r--p 00172000 08:01 1311232                    /usr/lib/x86_64-linux-gnu/libstdc++.so.6.0.21
7f60eeda5000-7f60eeda7000 rw-p 0017c000 08:01 1311232                    /usr/lib/x86_64-linux-gnu/libstdc++.so.6.0.21
7f60eeda7000-7f60eedab000 rw-p 00000000 00:00 0 
7f60eedab000-7f60efa0f000 r-xp 00000000 08:01 1350054                    /usr/lib/jvm/java-8-openjdk-amd64/jre/lib/amd64/server/libjvm.so
7f60efa0f000-7f60efc0e000 ---p 00c64000 08:01 1350054                    /usr/lib/jvm/java-8-openjdk-amd64/jre/lib/amd64/server/libjvm.so
7f60efc0e000-7f60efca2000 r--p 00c63000 08:01 1350054                    /usr/lib/jvm/java-8-openjdk-amd64/jre/lib/amd64/server/libjvm.so
7f60efca2000-7f60efccb000 rw-p 00cf7000 08:01 1350054                    /usr/lib/jvm/java-8-openjdk-amd64/jre/lib/amd64/server/libjvm.so
7f60efccb000-7f60efcfb000 rw-p 00000000 00:00 0 
7f60efcfb000-7f60efd13000 r-xp 00000000 08:01 526257                     /lib/x86_64-linux-gnu/libpthread-2.23.so
7f60efd13000-7f60eff12000 ---p 00018000 08:01 526257                     /lib/x86_64-linux-gnu/libpthread-2.23.so
7f60eff12000-7f60eff13000 r--p 00017000 08:01 526257                     /lib/x86_64-linux-gnu/libpthread-2.23.so
7f60eff13000-7f60eff14000 rw-p 00018000 08:01 526257                     /lib/x86_64-linux-gnu/libpthread-2.23.so
7f60eff14000-7f60eff18000 rw-p 00000000 00:00 0 
7f60eff18000-7f60eff1b000 r-xp 00000000 08:01 526253                     /lib/x86_64-linux-gnu/libdl-2.23.so
7f60eff1b000-7f60f011a000 ---p 00003000 08:01 526253                     /lib/x86_64-linux-gnu/libdl-2.23.so
7f60f011a000-7f60f011b000 r--p 00002000 08:01 526253                     /lib/x86_64-linux-gnu/libdl-2.23.so
7f60f011b000-7f60f011c000 rw-p 00003000 08:01 526253                     /lib/x86_64-linux-gnu/libdl-2.23.so
7f60f011c000-7f60f0135000 r-xp 00000000 08:01 524389                     /lib/x86_64-linux-gnu/libz.so.1.2.8
7f60f0135000-7f60f0334000 ---p 00019000 08:01 524389                     /lib/x86_64-linux-gnu/libz.so.1.2.8
7f60f0334000-7f60f0335000 r--p 00018000 08:01 524389                     /lib/x86_64-linux-gnu/libz.so.1.2.8
7f60f0335000-7f60f0336000 rw-p 00019000 08:01 524389                     /lib/x86_64-linux-gnu/libz.so.1.2.8
7f60f0336000-7f60f04f6000 r-xp 00000000 08:01 526504                     /lib/x86_64-linux-gnu/libc-2.23.so
7f60f04f6000-7f60f06f6000 ---p 001c0000 08:01 526504                     /lib/x86_64-linux-gnu/libc-2.23.so
7f60f06f6000-7f60f06fa000 r--p 001c0000 08:01 526504                     /lib/x86_64-linux-gnu/libc-2.23.so
7f60f06fa000-7f60f06fc000 rw-p 001c4000 08:01 526504                     /lib/x86_64-linux-gnu/libc-2.23.so
7f60f06fc000-7f60f0700000 rw-p 00000000 00:00 0 
7f60f0700000-7f60f070d000 r-xp 00000000 08:01 1339421                    /usr/lib/jvm/java-8-openjdk-amd64/jre/lib/amd64/jli/libjli.so
7f60f070d000-7f60f090c000 ---p 0000d000 08:01 1339421                    /usr/lib/jvm/java-8-openjdk-amd64/jre/lib/amd64/jli/libjli.so
7f60f090c000-7f60f090d000 r--p 0000c000 08:01 1339421                    /usr/lib/jvm/java-8-openjdk-amd64/jre/lib/amd64/jli/libjli.so
7f60f090d000-7f60f090e000 rw-p 0000d000 08:01 1339421                    /usr/lib/jvm/java-8-openjdk-amd64/jre/lib/amd64/jli/libjli.so
7f60f090e000-7f60f0934000 r-xp 00000000 08:01 526255                     /lib/x86_64-linux-gnu/ld-2.23.so
7f60f0934000-7f60f0935000 r--s 00000000 08:01 1730226                    /var/cache/fontconfig/0c9eb80ebd1c36541ebe2852d3bb0c49-le64.cache-6
7f60f0935000-7f60f0939000 r--s 00000000 08:01 1713850                    /var/cache/fontconfig/7ef2298fde41cc6eeb7af42e48b7d293-le64.cache-6
7f60f0939000-7f60f093a000 r--s 00000000 08:01 1737369                    /var/cache/fontconfig/e0aa53bcfa504e64f87823c16bc01eb6-le64.cache-6
7f60f093a000-7f60f0944000 r--s 00116000 08:01 1339396                    /usr/lib/jvm/java-8-openjdk-amd64/jre/lib/ext/localedata.jar
7f60f0944000-7f60f0a10000 rw-p 00000000 00:00 0 
7f60f0a10000-7f60f0a13000 ---p 00000000 00:00 0 
7f60f0a13000-7f60f0b15000 rw-p 00000000 00:00 0 
7f60f0b15000-7f60f0b18000 r--s 00022000 08:01 399896                     /home/user/contiki/tools/cooja/lib/jdom.jar
7f60f0b18000-7f60f0b19000 r--s 0000a000 08:01 1339390                    /usr/lib/jvm/java-8-openjdk-amd64/jre/lib/ext/jaccess.jar
7f60f0b19000-7f60f0b1a000 r--s 00010000 08:01 1339395                    /usr/lib/jvm/java-8-openjdk-amd64/jre/lib/ext/zipfs.jar
7f60f0b1a000-7f60f0b1d000 r--s 0000f000 08:01 1339388                    /usr/lib/jvm/java-8-openjdk-amd64/jre/lib/ext/icedtea-sound.jar
7f60f0b1d000-7f60f0b1f000 r--s 00001000 08:01 1339393                    /usr/lib/jvm/java-8-openjdk-amd64/jre/lib/ext/dnsns.jar
7f60f0b1f000-7f60f0b20000 r--s 0000d000 08:01 1339387                    /usr/lib/jvm/java-8-openjdk-amd64/jre/lib/ext/sunec.jar
7f60f0b20000-7f60f0b25000 r--s 0003c000 08:01 1339394                    /usr/lib/jvm/java-8-openjdk-amd64/jre/lib/ext/sunjce_provider.jar
7f60f0b25000-7f60f0b28000 r--s 00039000 08:01 1339391                    /usr/lib/jvm/java-8-openjdk-amd64/jre/lib/ext/sunpkcs11.jar
7f60f0b28000-7f60f0b30000 rw-s 00000000 08:01 1057131                    /tmp/hsperfdata_user/401
7f60f0b30000-7f60f0b31000 rw-p 00000000 00:00 0 
7f60f0b31000-7f60f0b32000 ---p 00000000 00:00 0 
7f60f0b32000-7f60f0b33000 rw-p 00000000 00:00 0 
7f60f0b33000-7f60f0b34000 r--p 00025000 08:01 526255                     /lib/x86_64-linux-gnu/ld-2.23.so
7f60f0b34000-7f60f0b35000 rw-p 00026000 08:01 526255                     /lib/x86_64-linux-gnu/ld-2.23.so
7f60f0b35000-7f60f0b36000 rw-p 00000000 00:00 0 
7ffcc883f000-7ffcc8861000 rw-p 00000000 00:00 0                          [stack]
7ffcc8962000-7ffcc8964000 r--p 00000000 00:00 0                          [vvar]
7ffcc8964000-7ffcc8966000 r-xp 00000000 00:00 0                          [vdso]
ffffffffff600000-ffffffffff601000 r-xp 00000000 00:00 0                  [vsyscall]

VM Arguments:
jvm_args: -Xmx2048m 
java_command: org.contikios.cooja.Cooja
java_class_path (initial): /home/user/contiki/tools/cooja/build:/home/user/contiki/tools/cooja/lib/jdom.jar:/home/user/contiki/tools/cooja/lib/log4j.jar:/home/user/contiki/tools/cooja/lib/jsyntaxpane.jar:/home/user/contiki/tools/cooja/lib/swingx-all-1.6.4.jar
Launcher Type: SUN_STANDARD

Environment Variables:
JAVA_HOME=/usr/lib/jvm/java-8-openjdk-amd64
CLASSPATH=:/usr/src/tinyos/support/sdk/java/tinyos.jar
PATH=/usr/local/bin/gcf/src:/usr/local/bin/gcf/examples:/opt/msp430-47-expr/bin/:/home/user/bin:/home/user/.local/bin:/usr/local/sbin:/usr/local/bin:/usr/sbin:/usr/bin:/sbin:/bin:/usr/games:/usr/local/games:/snap/bin:/usr/lib/jvm/java-8-oracle/bin:/usr/lib/jvm/java-8-oracle/db/bin:/usr/lib/jvm/java-8-oracle/jre/bin
LD_LIBRARY_PATH=.
SHELL=/bin/bash
DISPLAY=:0

Signal Handlers:
SIGSEGV: [libjvm.so+0xa783e0], sa_mask[0]=11111111011111111101111111111110, sa_flags=SA_RESTART|SA_SIGINFO
SIGBUS: [libjvm.so+0xa783e0], sa_mask[0]=11111111011111111101111111111110, sa_flags=SA_RESTART|SA_SIGINFO
SIGFPE: [libjvm.so+0x8c0e10], sa_mask[0]=11111111011111111101111111111110, sa_flags=SA_RESTART|SA_SIGINFO
SIGPIPE: [libjvm.so+0x8c0e10], sa_mask[0]=11111111011111111101111111111110, sa_flags=SA_RESTART|SA_SIGINFO
SIGXFSZ: [libjvm.so+0x8c0e10], sa_mask[0]=11111111011111111101111111111110, sa_flags=SA_RESTART|SA_SIGINFO
SIGILL: [libjvm.so+0x8c0e10], sa_mask[0]=11111111011111111101111111111110, sa_flags=SA_RESTART|SA_SIGINFO
SIGUSR1: SIG_DFL, sa_mask[0]=00000000000000000000000000000000, sa_flags=none
SIGUSR2: [libjvm.so+0x8c0cc0], sa_mask[0]=00100000000000000000000000000000, sa_flags=SA_RESTART|SA_SIGINFO
SIGHUP: [libjvm.so+0x8c1350], sa_mask[0]=11111111011111111101111111111110, sa_flags=SA_RESTART|SA_SIGINFO
SIGINT: [libjvm.so+0x8c1350], sa_mask[0]=11111111011111111101111111111110, sa_flags=SA_RESTART|SA_SIGINFO
SIGTERM: [libjvm.so+0x8c1350], sa_mask[0]=11111111011111111101111111111110, sa_flags=SA_RESTART|SA_SIGINFO
SIGQUIT: [libjvm.so+0x8c1350], sa_mask[0]=11111111011111111101111111111110, sa_flags=SA_RESTART|SA_SIGINFO


---------------  S Y S T E M  ---------------

OS:DISTRIB_ID=Ubuntu
DISTRIB_RELEASE=16.04
DISTRIB_CODENAME=xenial
DISTRIB_DESCRIPTION="Ubuntu 16.04.6 LTS"

uname:Linux 4.4.0-166-generic #195-Ubuntu SMP Tue Oct 1 09:35:25 UTC 2019 x86_64
libc:glibc 2.23 NPTL 2.23 
rlimit: STACK 8192k, CORE 0k, NPROC 31693, NOFILE 1048576, AS infinity
load average:2.66 2.41 2.12

/proc/meminfo:
MemTotal:        8156756 kB
MemFree:          218244 kB
MemAvailable:     162556 kB
Buffers:            4744 kB
Cached:           199028 kB
SwapCached:            0 kB
Active:          4968004 kB
Inactive:         119816 kB
Active(anon):    4910416 kB
Inactive(anon):    59932 kB
Active(file):      57588 kB
Inactive(file):    59884 kB
Unevictable:     2276452 kB
Mlocked:         2276452 kB
SwapTotal:             0 kB
SwapFree:              0 kB
Dirty:              1108 kB
Writeback:             0 kB
AnonPages:       7161196 kB
Mapped:           142048 kB
Shmem:             61268 kB
Slab:             126584 kB
SReclaimable:      45064 kB
SUnreclaim:        81520 kB
KernelStack:       15760 kB
PageTables:        55688 kB
NFS_Unstable:          0 kB
Bounce:                0 kB
WritebackTmp:          0 kB
CommitLimit:     4078376 kB
Committed_AS:   11460280 kB
VmallocTotal:   34359738367 kB
VmallocUsed:           0 kB
VmallocChunk:          0 kB
HardwareCorrupted:     0 kB
AnonHugePages:         0 kB
CmaTotal:              0 kB
CmaFree:               0 kB
HugePages_Total:       0
HugePages_Free:        0
HugePages_Rsvd:        0
HugePages_Surp:        0
Hugepagesize:       2048 kB
DirectMap4k:      300864 kB
DirectMap2M:     8087552 kB
DirectMap1G:     2097152 kB

container (cgroup) information:
container_type: cgroupv1
cpu_cpuset_cpus: 0-5
cpu_memory_nodes: 0
active_processor_count: 6
cpu_quota: -1
cpu_period: 100000
cpu_shares: -1
memory_limit_in_bytes: -1
memory_and_swap_limit_in_bytes: -2
memory_soft_limit_in_bytes: -1
memory_usage_in_bytes: 4803907584
memory_max_usage_in_bytes: 4942544896


CPU:total 6 (initial active 6) (6 cores per cpu, 1 threads per core) family 6 model 142 stepping 10, cmov, cx8, fxsr, mmx, sse, sse2, sse3, ssse3, sse4.1, sse4.2, popcnt, avx, avx2, aes, clmul, erms, 3dnowpref, lzcnt, tsc, tscinvbit, bmi1, bmi2, adx

/proc/cpuinfo:
processor	: 0
vendor_id	: GenuineIntel
cpu family	: 6
model		: 142
model name	: Intel(R) Core(TM) i7-8550U CPU @ 1.80GHz
stepping	: 10
microcode	: 0xb4
cpu MHz		: 1992.002
cache size	: 8192 KB
physical id	: 0
siblings	: 6
core id		: 0
cpu cores	: 6
apicid		: 0
initial apicid	: 0
fpu		: yes
fpu_exception	: yes
cpuid level	: 22
wp		: yes
flags		: fpu vme de pse tsc msr pae mce cx8 apic sep mtrr pge mca cmov pat pse36 clflush mmx fxsr sse sse2 ss ht syscall nx pdpe1gb rdtscp lm constant_tsc arch_perfmon nopl xtopology tsc_reliable nonstop_tsc pni pclmulqdq vmx ssse3 fma cx16 pcid sse4_1 sse4_2 x2apic movbe popcnt tsc_deadline_timer aes xsave avx f16c rdrand hypervisor lahf_lm abm 3dnowprefetch invpcid_single ssbd ibrs ibpb stibp kaiser tpr_shadow vnmi ept vpid fsgsbase tsc_adjust bmi1 avx2 smep bmi2 invpcid mpx rdseed adx smap clflushopt xsaveopt xsavec arat md_clear flush_l1d arch_capabilities
bugs		: cpu_meltdown spectre_v1 spectre_v2 spec_store_bypass l1tf mds swapgs
bogomips	: 3984.00
clflush size	: 64
cache_alignment	: 64
address sizes	: 43 bits physical, 48 bits virtual
power management:

processor	: 1
vendor_id	: GenuineIntel
cpu family	: 6
model		: 142
model name	: Intel(R) Core(TM) i7-8550U CPU @ 1.80GHz
stepping	: 10
microcode	: 0xb4
cpu MHz		: 1992.002
cache size	: 8192 KB
physical id	: 0
siblings	: 6
core id		: 1
cpu cores	: 6
apicid		: 1
initial apicid	: 1
fpu		: yes
fpu_exception	: yes
cpuid level	: 22
wp		: yes
flags		: fpu vme de pse tsc msr pae mce cx8 apic sep mtrr pge mca cmov pat pse36 clflush mmx fxsr sse sse2 ss ht syscall nx pdpe1gb rdtscp lm constant_tsc arch_perfmon nopl xtopology tsc_reliable nonstop_tsc pni pclmulqdq vmx ssse3 fma cx16 pcid sse4_1 sse4_2 x2apic movbe popcnt tsc_deadline_timer aes xsave avx f16c rdrand hypervisor lahf_lm abm 3dnowprefetch invpcid_single ssbd ibrs ibpb stibp kaiser tpr_shadow vnmi ept vpid fsgsbase tsc_adjust bmi1 avx2 smep bmi2 invpcid mpx rdseed adx smap clflushopt xsaveopt xsavec arat md_clear flush_l1d arch_capabilities
bugs		: cpu_meltdown spectre_v1 spectre_v2 spec_store_bypass l1tf mds swapgs
bogomips	: 3984.00
clflush size	: 64
cache_alignment	: 64
address sizes	: 43 bits physical, 48 bits virtual
power management:

processor	: 2
vendor_id	: GenuineIntel
cpu family	: 6
model		: 142
model name	: Intel(R) Core(TM) i7-8550U CPU @ 1.80GHz
stepping	: 10
microcode	: 0xb4
cpu MHz		: 1992.002
cache size	: 8192 KB
physical id	: 0
siblings	: 6
core id		: 2
cpu cores	: 6
apicid		: 2
initial apicid	: 2
fpu		: yes
fpu_exception	: yes
cpuid level	: 22
wp		: yes
flags		: fpu vme de pse tsc msr pae mce cx8 apic sep mtrr pge mca cmov pat pse36 clflush mmx fxsr sse sse2 ss ht syscall nx pdpe1gb rdtscp lm constant_tsc arch_perfmon nopl xtopology tsc_reliable nonstop_tsc pni pclmulqdq vmx ssse3 fma cx16 pcid sse4_1 sse4_2 x2apic movbe popcnt tsc_deadline_timer aes xsave avx f16c rdrand hypervisor lahf_lm abm 3dnowprefetch invpcid_single ssbd ibrs ibpb stibp kaiser tpr_shadow vnmi ept vpid fsgsbase tsc_adjust bmi1 avx2 smep bmi2 invpcid mpx rdseed adx smap clflushopt xsaveopt xsavec arat md_clear flush_l1d arch_capabilities
bugs		: cpu_meltdown spectre_v1 spectre_v2 spec_store_bypass l1tf mds swapgs
bogomips	: 3984.00
clflush size	: 64
cache_alignment	: 64
address sizes	: 43 bits physical, 48 bits virtual
power management:

processor	: 3
vendor_id	: GenuineIntel
cpu family	: 6
model		: 142
model name	: Intel(R) Core(TM) i7-8550U CPU @ 1.80GHz
stepping	: 10
microcode	: 0xb4
cpu MHz		: 1992.002
cache size	: 8192 KB
physical id	: 0
siblings	: 6
core id		: 3
cpu cores	: 6
apicid		: 3
initial apicid	: 3
fpu		: yes
fpu_exception	: yes
cpuid level	: 22
wp		: yes
flags		: fpu vme de pse tsc msr pae mce cx8 apic sep mtrr pge mca cmov pat pse36 clflush mmx fxsr sse sse2 ss ht syscall nx pdpe1gb rdtscp lm constant_tsc arch_perfmon nopl xtopology tsc_reliable nonstop_tsc pni pclmulqdq vmx ssse3 fma cx16 pcid sse4_1 sse4_2 x2apic movbe popcnt tsc_deadline_timer aes xsave avx f16c rdrand hypervisor lahf_lm abm 3dnowprefetch invpcid_single ssbd ibrs ibpb stibp kaiser tpr_shadow vnmi ept vpid fsgsbase tsc_adjust bmi1 avx2 smep bmi2 invpcid mpx rdseed adx smap clflushopt xsaveopt xsavec arat md_clear flush_l1d arch_capabilities
bugs		: cpu_meltdown spectre_v1 spectre_v2 spec_store_bypass l1tf mds swapgs
bogomips	: 3984.00
clflush size	: 64
cache_alignment	: 64
address sizes	: 43 bits physical, 48 bits virtual
power management:

processor	: 4
vendor_id	: GenuineIntel
cpu family	: 6
model		: 142
model name	: Intel(R) Core(TM) i7-8550U CPU @ 1.80GHz
stepping	: 10
microcode	: 0xb4
cpu MHz		: 1992.002
cache size	: 8192 KB
physical id	: 0
siblings	: 6
core id		: 4
cpu cores	: 6
apicid		: 4
initial apicid	: 4
fpu		: yes
fpu_exception	: yes
cpuid level	: 22
wp		: yes
flags		: fpu vme de pse tsc msr pae mce cx8 apic sep mtrr pge mca cmov pat pse36 clflush mmx fxsr sse sse2 ss ht syscall nx pdpe1gb rdtscp lm constant_tsc arch_perfmon nopl xtopology tsc_reliable nonstop_tsc pni pclmulqdq vmx ssse3 fma cx16 pcid sse4_1 sse4_2 x2apic movbe popcnt tsc_deadline_timer aes xsave avx f16c rdrand hypervisor lahf_lm abm 3dnowprefetch invpcid_single ssbd ibrs ibpb stibp kaiser tpr_shadow vnmi ept vpid fsgsbase tsc_adjust bmi1 avx2 smep bmi2 invpcid mpx rdseed adx smap clflushopt xsaveopt xsavec arat md_clear flush_l1d arch_capabilities
bugs		: cpu_meltdown spectre_v1 spectre_v2 spec_store_bypass l1tf mds swapgs
bogomips	: 3984.00
clflush size	: 64
cache_alignment	: 64
address sizes	: 43 bits physical, 48 bits virtual
power management:

processor	: 5
vendor_id	: GenuineIntel
cpu family	: 6
model		: 142
model name	: Intel(R) Core(TM) i7-8550U CPU @ 1.80GHz
stepping	: 10
microcode	: 0xb4
cpu MHz		: 1992.002
cache size	: 8192 KB
physical id	: 0
siblings	: 6
core id		: 5
cpu cores	: 6
apicid		: 5
initial apicid	: 5
fpu		: yes
fpu_exception	: yes
cpuid level	: 22
wp		: yes
flags		: fpu vme de pse tsc msr pae mce cx8 apic sep mtrr pge mca cmov pat pse36 clflush mmx fxsr sse sse2 ss ht syscall nx pdpe1gb rdtscp lm constant_tsc arch_perfmon nopl xtopology tsc_reliable nonstop_tsc pni pclmulqdq vmx ssse3 fma cx16 pcid sse4_1 sse4_2 x2apic movbe popcnt tsc_deadline_timer aes xsave avx f16c rdrand hypervisor lahf_lm abm 3dnowprefetch invpcid_single ssbd ibrs ibpb stibp kaiser tpr_shadow vnmi ept vpid fsgsbase tsc_adjust bmi1 avx2 smep bmi2 invpcid mpx rdseed adx smap clflushopt xsaveopt xsavec arat md_clear flush_l1d arch_capabilities
bugs		: cpu_meltdown spectre_v1 spectre_v2 spec_store_bypass l1tf mds swapgs
bogomips	: 3984.00
clflush size	: 64
cache_alignment	: 64
address sizes	: 43 bits physical, 48 bits virtual
power management:



Memory: 4k page, physical 8156756k(218244k free), swap 0k(0k free)

vm_info: OpenJDK 64-Bit Server VM (25.222-b10) for linux-amd64 JRE (1.8.0_222-8u222-b10-1ubuntu1~16.04.1-b10), built on Jul 18 2019 20:25:18 by "buildd" with gcc 5.4.0 20160609

time: Wed Oct 30 16:41:11 2019
timezone: +03
elapsed time: 3841 seconds (0d 1h 4m 1s)

