#
# There is insufficient memory for the Java Runtime Environment to continue.
# Native memory allocation (mmap) failed to map 92798976 bytes for committing reserved memory.
# Possible reasons:
#   The system is out of physical RAM or swap space
#   The process is running with CompressedOops enabled, and the Java Heap may be blocking the growth of the native heap
# Possible solutions:
#   Reduce memory load on the system
#   Increase physical memory or swap space
#   Check if swap backing store is full
#   Decrease Java heap size (-Xmx/-Xms)
#   Decrease number of Java threads
#   Decrease Java thread stack sizes (-Xss)
#   Set larger code cache with -XX:ReservedCodeCacheSize=
#   JVM is running with Unscaled Compressed Oops mode in which the Java heap is
#     placed in the first 4GB address space. The Java Heap base address is the
#     maximum limit for the native heap growth. Please use -XX:HeapBaseMinAddress
#     to set the Java Heap base and to place the Java Heap above 4GB virtual address.
# This output file may be truncated or incomplete.
#
#  Out of Memory Error (os_linux.cpp:2757), pid=49033, tid=0x00007f45bddd9700
#
# JRE version: OpenJDK Runtime Environment (8.0_222-b10) (build 1.8.0_222-8u222-b10-1ubuntu1~16.04.1-b10)
# Java VM: OpenJDK 64-Bit Server VM (25.222-b10 mixed mode linux-amd64 compressed oops)
# Failed to write core dump. Core dumps have been disabled. To enable core dumping, try "ulimit -c unlimited" before starting Java again
#

---------------  T H R E A D  ---------------

Current thread (0x00007f45e407c800):  VMThread [stack: 0x00007f45bdcd9000,0x00007f45bddda000] [id=49045]

Stack: [0x00007f45bdcd9000,0x00007f45bddda000],  sp=0x00007f45bddd84a0,  free space=1021k
Native frames: (J=compiled Java code, j=interpreted, Vv=VM code, C=native code)
V  [libjvm.so+0xa7787b]
V  [libjvm.so+0x4caa8c]
V  [libjvm.so+0x8c5da8]
V  [libjvm.so+0x8bd3ee]
V  [libjvm.so+0x93b476]
V  [libjvm.so+0x92ab6a]
V  [libjvm.so+0x92ad73]
V  [libjvm.so+0x92b6d8]
V  [libjvm.so+0x93198e]
V  [libjvm.so+0x9392dd]
V  [libjvm.so+0x8eaa73]
V  [libjvm.so+0xa79532]
V  [libjvm.so+0xa7e587]
V  [libjvm.so+0xa7bde7]
V  [libjvm.so+0xa7d0cf]
V  [libjvm.so+0xa7d5f2]
V  [libjvm.so+0x8c3102]

VM_Operation (0x00007f458e3702a0): ParallelGCFailedAllocation, mode: safepoint, requested by thread 0x00007f45e43fc000


---------------  P R O C E S S  ---------------

Java Threads: ( => current thread )
  0x00007f4570096800 JavaThread "Thread-36" [_thread_blocked, id=56592, stack(0x00007f458da37000,0x00007f458db38000)]
  0x00007f45701a4000 JavaThread "process reaper" daemon [_thread_blocked, id=56505, stack(0x00007f458d9fe000,0x00007f458da37000)]
  0x00007f45740ac800 JavaThread "Thread-22" [_thread_blocked, id=54429, stack(0x00007f458d6fb000,0x00007f458d7fc000)]
  0x00007f456c0ac800 JavaThread "Thread-16" [_thread_blocked, id=49305, stack(0x00007f458cdf7000,0x00007f458cef8000)]
  0x00007f4574278000 JavaThread "Thread-12" [_thread_blocked, id=49256, stack(0x00007f458d8fd000,0x00007f458d9fe000)]
  0x00007f457427f000 JavaThread "Thread-6" [_thread_blocked, id=49153, stack(0x00007f458d7fc000,0x00007f458d8fd000)]
  0x00007f4574043800 JavaThread "TimerQueue" daemon [_thread_blocked, id=49058, stack(0x00007f458df72000,0x00007f458e073000)]
  0x00007f45e400a800 JavaThread "DestroyJavaVM" [_thread_blocked, id=49035, stack(0x00007f45eb864000,0x00007f45eb965000)]
  0x00007f45e43fc000 JavaThread "AWT-EventQueue-0" [_thread_blocked, id=49057, stack(0x00007f458e273000,0x00007f458e374000)]
  0x00007f45e43fa800 JavaThread "AWT-Shutdown" [_thread_blocked, id=49056, stack(0x00007f458e374000,0x00007f458e475000)]
  0x00007f45e4377000 JavaThread "AWT-XAWT" daemon [_thread_blocked, id=49055, stack(0x00007f458ea9f000,0x00007f458eba0000)]
  0x00007f45e435a000 JavaThread "Java2D Disposer" daemon [_thread_blocked, id=49054, stack(0x00007f458efb0000,0x00007f458f0b1000)]
  0x00007f45e40cc000 JavaThread "Service Thread" daemon [_thread_blocked, id=49052, stack(0x00007f45bd2fa000,0x00007f45bd3fb000)]
  0x00007f45e40c1000 JavaThread "C1 CompilerThread2" daemon [_thread_blocked, id=49051, stack(0x00007f45bd3fb000,0x00007f45bd4fc000)]
  0x00007f45e40bf000 JavaThread "C2 CompilerThread1" daemon [_thread_blocked, id=49050, stack(0x00007f45bd4fc000,0x00007f45bd5fd000)]
  0x00007f45e40bc800 JavaThread "C2 CompilerThread0" daemon [_thread_blocked, id=49049, stack(0x00007f45bd5fd000,0x00007f45bd6fe000)]
  0x00007f45e40bb000 JavaThread "Signal Dispatcher" daemon [_thread_blocked, id=49048, stack(0x00007f45bd6fe000,0x00007f45bd7ff000)]
  0x00007f45e4088800 JavaThread "Finalizer" daemon [_thread_blocked, id=49047, stack(0x00007f45bdad7000,0x00007f45bdbd8000)]
  0x00007f45e4086000 JavaThread "Reference Handler" daemon [_thread_blocked, id=49046, stack(0x00007f45bdbd8000,0x00007f45bdcd9000)]

Other Threads:
=>0x00007f45e407c800 VMThread [stack: 0x00007f45bdcd9000,0x00007f45bddda000] [id=49045]
  0x00007f45e40ce800 WatcherThread [stack: 0x00007f45bd1f9000,0x00007f45bd2fa000] [id=49053]

VM state:at safepoint (normal execution)

VM Mutex/Monitor currently owned by a thread:  ([mutex/lock_event])
[0x00007f45e4006a50] ExpandHeap_lock - owner thread: 0x00007f45e407c800
[0x00007f45e40070d0] Threads_lock - owner thread: 0x00007f45e407c800
[0x00007f45e40075d0] Heap_lock - owner thread: 0x00007f45e43fc000

heap address: 0x0000000080000000, size: 2048 MB, Compressed Oops mode: 32-bit
Narrow klass base: 0x0000000000000000, Narrow klass shift: 3
Compressed class space size: 1073741824 Address: 0x0000000100000000

Heap:
 PSYoungGen      total 698368K, used 25951K [0x00000000d5580000, 0x0000000100000000, 0x0000000100000000)
  eden space 697856K, 3% used [0x00000000d5580000,0x00000000d6ed7c48,0x00000000fff00000)
  from space 512K, 0% used [0x00000000fff00000,0x00000000fff00000,0x00000000fff80000)
  to   space 512K, 0% used [0x00000000fff80000,0x00000000fff80000,0x0000000100000000)
 ParOldGen       total 466432K, used 466401K [0x0000000080000000, 0x000000009c780000, 0x00000000d5580000)
  object space 466432K, 99% used [0x0000000080000000,0x000000009c7785f0,0x000000009c780000)
 Metaspace       used 31698K, capacity 32014K, committed 32512K, reserved 1077248K
  class space    used 3657K, capacity 3758K, committed 3840K, reserved 1048576K

Card table byte_map: [0x00007f45d483f000,0x00007f45d4c40000] byte_map_base: 0x00007f45d443f000

Marking Bits: (ParMarkBitMap*) 0x00007f45eab32540
 Begin Bits: [0x00007f45c4000000, 0x00007f45c6000000)
 End Bits:   [0x00007f45c6000000, 0x00007f45c8000000)

Polling page: 0x00007f45eb985000

CodeCache: size=245760Kb used=27776Kb max_used=27837Kb free=217983Kb
 bounds [0x00007f45d5000000, 0x00007f45d6b70000, 0x00007f45e4000000]
 total_blobs=8413 nmethods=7716 adapters=609
 compilation: enabled

Compilation events (10 events):
Event: 10258.570 Thread 0x00007f45e40c1000 nmethod 11116 0x00007f45d6b62b90 code [0x00007f45d6b632c0, 0x00007f45d6b68028]
Event: 10258.571 Thread 0x00007f45e40c1000 11117       3       javax.swing.JInternalFrame::moveToFront (62 bytes)
Event: 10258.571 Thread 0x00007f45e40c1000 nmethod 11117 0x00007f45d6b61190 code [0x00007f45d6b613a0, 0x00007f45d6b627f8]
Event: 10258.575 Thread 0x00007f45e40bf000 nmethod 11115 0x00007f45d6b5e990 code [0x00007f45d6b5eb40, 0x00007f45d6b5f058]
Event: 10258.623 Thread 0x00007f45e40bc800 11118       4       javax.swing.SwingUtilities::invokeLater (5 bytes)
Event: 10258.630 Thread 0x00007f45e40bc800 nmethod 11118 0x00007f45d6b6c090 code [0x00007f45d6b6c260, 0x00007f45d6b6c908]
Event: 10259.586 Thread 0x00007f45e40c1000 11119       3       org.contikios.cooja.mspmote.interfaces.MspLED$1::stateChanged (15 bytes)
Event: 10259.587 Thread 0x00007f45e40c1000 nmethod 11119 0x00007f45d6b6b750 code [0x00007f45d6b6b8e0, 0x00007f45d6b6bea8]
Event: 10259.587 Thread 0x00007f45e40c1000 11120       3       org.contikios.cooja.mspmote.interfaces.MspLED::access$000 (5 bytes)
Event: 10259.587 Thread 0x00007f45e40c1000 nmethod 11120 0x00007f45d6127f90 code [0x00007f45d6128100, 0x00007f45d6128490]

GC Heap History (10 events):
Event: 10252.284 GC heap after
Heap after GC invocations=6600 (full 17):
 PSYoungGen      total 698368K, used 308K [0x00000000d5580000, 0x0000000100000000, 0x0000000100000000)
  eden space 697856K, 0% used [0x00000000d5580000,0x00000000d5580000,0x00000000fff00000)
  from space 512K, 60% used [0x00000000fff00000,0x00000000fff4d370,0x00000000fff80000)
  to   space 512K, 0% used [0x00000000fff80000,0x00000000fff80000,0x0000000100000000)
 ParOldGen       total 433152K, used 391288K [0x0000000080000000, 0x000000009a700000, 0x00000000d5580000)
  object space 433152K, 90% used [0x0000000080000000,0x0000000097e1e268,0x000000009a700000)
 Metaspace       used 31644K, capacity 31974K, committed 32256K, reserved 1077248K
  class space    used 3659K, capacity 3762K, committed 3840K, reserved 1048576K
}
Event: 10253.756 GC heap before
{Heap before GC invocations=6601 (full 17):
 PSYoungGen      total 698368K, used 698164K [0x00000000d5580000, 0x0000000100000000, 0x0000000100000000)
  eden space 697856K, 100% used [0x00000000d5580000,0x00000000fff00000,0x00000000fff00000)
  from space 512K, 60% used [0x00000000fff00000,0x00000000fff4d370,0x00000000fff80000)
  to   space 512K, 0% used [0x00000000fff80000,0x00000000fff80000,0x0000000100000000)
 ParOldGen       total 433152K, used 391288K [0x0000000080000000, 0x000000009a700000, 0x00000000d5580000)
  object space 433152K, 90% used [0x0000000080000000,0x0000000097e1e268,0x000000009a700000)
 Metaspace       used 31644K, capacity 31974K, committed 32256K, reserved 1077248K
  class space    used 3659K, capacity 3762K, committed 3840K, reserved 1048576K
Event: 10253.758 GC heap after
Heap after GC invocations=6601 (full 17):
 PSYoungGen      total 698368K, used 320K [0x00000000d5580000, 0x0000000100000000, 0x0000000100000000)
  eden space 697856K, 0% used [0x00000000d5580000,0x00000000d5580000,0x00000000fff00000)
  from space 512K, 62% used [0x00000000fff80000,0x00000000fffd0000,0x0000000100000000)
  to   space 512K, 0% used [0x00000000fff00000,0x00000000fff00000,0x00000000fff80000)
 ParOldGen       total 433152K, used 391312K [0x0000000080000000, 0x000000009a700000, 0x00000000d5580000)
  object space 433152K, 90% used [0x0000000080000000,0x0000000097e24268,0x000000009a700000)
 Metaspace       used 31644K, capacity 31974K, committed 32256K, reserved 1077248K
  class space    used 3659K, capacity 3762K, committed 3840K, reserved 1048576K
}
Event: 10254.860 GC heap before
{Heap before GC invocations=6602 (full 17):
 PSYoungGen      total 698368K, used 330622K [0x00000000d5580000, 0x0000000100000000, 0x0000000100000000)
  eden space 697856K, 47% used [0x00000000d5580000,0x00000000e980faf8,0x00000000fff00000)
  from space 512K, 62% used [0x00000000fff80000,0x00000000fffd0000,0x0000000100000000)
  to   space 512K, 0% used [0x00000000fff00000,0x00000000fff00000,0x00000000fff80000)
 ParOldGen       total 433152K, used 391312K [0x0000000080000000, 0x000000009a700000, 0x00000000d5580000)
  object space 433152K, 90% used [0x0000000080000000,0x0000000097e24268,0x000000009a700000)
 Metaspace       used 31654K, capacity 31974K, committed 32256K, reserved 1077248K
  class space    used 3659K, capacity 3762K, committed 3840K, reserved 1048576K
Event: 10254.864 GC heap after
Heap after GC invocations=6602 (full 17):
 PSYoungGen      total 698368K, used 482K [0x00000000d5580000, 0x0000000100000000, 0x0000000100000000)
  eden space 697856K, 0% used [0x00000000d5580000,0x00000000d5580000,0x00000000fff00000)
  from space 512K, 94% used [0x00000000fff00000,0x00000000fff788b0,0x00000000fff80000)
  to   space 512K, 0% used [0x00000000fff80000,0x00000000fff80000,0x0000000100000000)
 ParOldGen       total 433152K, used 391552K [0x0000000080000000, 0x000000009a700000, 0x00000000d5580000)
  object space 433152K, 90% used [0x0000000080000000,0x0000000097e60268,0x000000009a700000)
 Metaspace       used 31654K, capacity 31974K, committed 32256K, reserved 1077248K
  class space    used 3659K, capacity 3762K, committed 3840K, reserved 1048576K
}
Event: 10254.865 GC heap before
{Heap before GC invocations=6603 (full 18):
 PSYoungGen      total 698368K, used 482K [0x00000000d5580000, 0x0000000100000000, 0x0000000100000000)
  eden space 697856K, 0% used [0x00000000d5580000,0x00000000d5580000,0x00000000fff00000)
  from space 512K, 94% used [0x00000000fff00000,0x00000000fff788b0,0x00000000fff80000)
  to   space 512K, 0% used [0x00000000fff80000,0x00000000fff80000,0x0000000100000000)
 ParOldGen       total 433152K, used 391552K [0x0000000080000000, 0x000000009a700000, 0x00000000d5580000)
  object space 433152K, 90% used [0x0000000080000000,0x0000000097e60268,0x000000009a700000)
 Metaspace       used 31654K, capacity 31974K, committed 32256K, reserved 1077248K
  class space    used 3659K, capacity 3762K, committed 3840K, reserved 1048576K
Event: 10255.228 GC heap after
Heap after GC invocations=6603 (full 18):
 PSYoungGen      total 698368K, used 0K [0x00000000d5580000, 0x0000000100000000, 0x0000000100000000)
  eden space 697856K, 0% used [0x00000000d5580000,0x00000000d5580000,0x00000000fff00000)
  from space 512K, 0% used [0x00000000fff00000,0x00000000fff00000,0x00000000fff80000)
  to   space 512K, 0% used [0x00000000fff80000,0x00000000fff80000,0x0000000100000000)
 ParOldGen       total 433152K, used 348595K [0x0000000080000000, 0x000000009a700000, 0x00000000d5580000)
  object space 433152K, 80% used [0x0000000080000000,0x000000009546cf78,0x000000009a700000)
 Metaspace       used 31595K, capacity 31878K, committed 32256K, reserved 1077248K
  class space    used 3651K, capacity 3746K, committed 3840K, reserved 1048576K
}
Event: 10259.813 GC heap before
{Heap before GC invocations=6604 (full 18):
 PSYoungGen      total 698368K, used 697856K [0x00000000d5580000, 0x0000000100000000, 0x0000000100000000)
  eden space 697856K, 100% used [0x00000000d5580000,0x00000000fff00000,0x00000000fff00000)
  from space 512K, 0% used [0x00000000fff00000,0x00000000fff00000,0x00000000fff80000)
  to   space 512K, 0% used [0x00000000fff80000,0x00000000fff80000,0x0000000100000000)
 ParOldGen       total 433152K, used 348595K [0x0000000080000000, 0x000000009a700000, 0x00000000d5580000)
  object space 433152K, 80% used [0x0000000080000000,0x000000009546cf78,0x000000009a700000)
 Metaspace       used 31698K, capacity 32014K, committed 32512K, reserved 1077248K
  class space    used 3657K, capacity 3758K, committed 3840K, reserved 1048576K
Event: 10260.060 GC heap after
Heap after GC invocations=6604 (full 18):
 PSYoungGen      total 698368K, used 697856K [0x00000000d5580000, 0x0000000100000000, 0x0000000100000000)
  eden space 697856K, 100% used [0x00000000d5580000,0x00000000fff00000,0x00000000fff00000)
  from space 512K, 0% used [0x00000000fff00000,0x00000000fff00000,0x00000000fff80000)
  to   space 512K, 100% used [0x00000000fff80000,0x0000000100000000,0x0000000100000000)
 ParOldGen       total 466432K, used 464557K [0x0000000080000000, 0x000000009c780000, 0x00000000d5580000)
  object space 466432K, 99% used [0x0000000080000000,0x000000009c5ab730,0x000000009c780000)
 Metaspace       used 31698K, capacity 32014K, committed 32512K, reserved 1077248K
  class space    used 3657K, capacity 3758K, committed 3840K, reserved 1048576K
}
Event: 10260.062 GC heap before
{Heap before GC invocations=6605 (full 19):
 PSYoungGen      total 698368K, used 697856K [0x00000000d5580000, 0x0000000100000000, 0x0000000100000000)
  eden space 697856K, 100% used [0x00000000d5580000,0x00000000fff00000,0x00000000fff00000)
  from space 512K, 0% used [0x00000000fff00000,0x00000000fff00000,0x00000000fff80000)
  to   space 512K, 100% used [0x00000000fff80000,0x0000000100000000,0x0000000100000000)
 ParOldGen       total 466432K, used 464557K [0x0000000080000000, 0x000000009c780000, 0x00000000d5580000)
  object space 466432K, 99% used [0x0000000080000000,0x000000009c5ab730,0x000000009c780000)
 Metaspace       used 31698K, capacity 32014K, committed 32512K, reserved 1077248K
  class space    used 3657K, capacity 3758K, committed 3840K, reserved 1048576K

Deoptimization events (10 events):
Event: 6802.543 Thread 0x00007f45e43fc000 Uncommon trap: reason=class_check action=maybe_recompile pc=0x00007f45d5416608 method=javax.swing.JMenuItem.isArmed()Z @ 6
Event: 6802.543 Thread 0x00007f45e43fc000 Uncommon trap: reason=class_check action=maybe_recompile pc=0x00007f45d5416608 method=javax.swing.JMenuItem.isArmed()Z @ 6
Event: 6802.543 Thread 0x00007f45e43fc000 Uncommon trap: reason=class_check action=maybe_recompile pc=0x00007f45d5416608 method=javax.swing.JMenuItem.isArmed()Z @ 6
Event: 6805.021 Thread 0x00007f457416b800 Uncommon trap: reason=bimorphic action=maybe_recompile pc=0x00007f45d5f0ef18 method=org.contikios.cooja.Simulation.run()V @ 84
Event: 6805.205 Thread 0x00007f457416b800 Uncommon trap: reason=unstable_if action=reinterpret pc=0x00007f45d649d150 method=org.contikios.cooja.Simulation$2.execute(J)V @ 7
Event: 8645.227 Thread 0x00007f4574043800 Uncommon trap: reason=unstable_if action=reinterpret pc=0x00007f45d65091e8 method=java.util.concurrent.locks.AbstractQueuedSynchronizer.enq(Ljava/util/concurrent/locks/AbstractQueuedSynchronizer$Node;)Ljava/util/concurrent/locks/AbstractQueuedSynchronizer
Event: 8766.295 Thread 0x00007f45e43fc000 Uncommon trap: reason=unstable_if action=reinterpret pc=0x00007f45d54a2510 method=java.util.Formatter$FormatSpecifier.addZeros([CI)[C @ 91
Event: 10254.832 Thread 0x00007f4574164000 Uncommon trap: reason=unstable_if action=reinterpret pc=0x00007f45d517aa20 method=org.contikios.cooja.radiomediums.AbstractRadioMedium.removeFromActiveConnections(Lorg/contikios/cooja/interfaces/Radio;)V @ 7
Event: 10254.833 Thread 0x00007f4574164000 Uncommon trap: reason=unstable_if action=reinterpret pc=0x00007f45d65e069c method=org.contikios.cooja.radiomediums.UDGM.updateSignalStrengths()V @ 74
Event: 10258.362 Thread 0x00007f45e43fc000 Uncommon trap: reason=unstable_if action=reinterpret pc=0x00007f45d546be28 method=java.lang.Integer.parseInt(Ljava/lang/String;I)I @ 122

Classes redefined (0 events):
No events

Internal exceptions (10 events):
Event: 6363.165 Thread 0x00007f45e43fc000 Implicit null exception at 0x00007f45d6796a20 to 0x00007f45d679a3b9
Event: 6370.228 Thread 0x00007f45e43fc000 Implicit null exception at 0x00007f45d5cab7a1 to 0x00007f45d5cacb41
Event: 6370.230 Thread 0x00007f45e43fc000 Implicit null exception at 0x00007f45d5e701e0 to 0x00007f45d5e70889
Event: 6379.635 Thread 0x00007f45e43fc000 Exception <a 'java/lang/UnsupportedOperationException': > (0x00000000d61f8938) thrown at [/build/openjdk-8-g3XteX/openjdk-8-8u222-b10/src/hotspot/src/share/vm/prims/jni.cpp, line 737]
Event: 6383.948 Thread 0x00007f45e43fc000 Implicit null exception at 0x00007f45d63d6552 to 0x00007f45d63da615
Event: 6433.064 Thread 0x00007f45e43fc000 Exception <a 'java/lang/UnsupportedOperationException': > (0x00000000d83a1210) thrown at [/build/openjdk-8-g3XteX/openjdk-8-8u222-b10/src/hotspot/src/share/vm/prims/jni.cpp, line 737]
Event: 6442.546 Thread 0x00007f45e43fc000 Implicit null exception at 0x00007f45d5ee158b to 0x00007f45d5ee1bc5
Event: 6489.480 Thread 0x00007f45e43fc000 Exception <a 'java/lang/UnsupportedOperationException': > (0x00000000df9dd628) thrown at [/build/openjdk-8-g3XteX/openjdk-8-8u222-b10/src/hotspot/src/share/vm/prims/jni.cpp, line 737]
Event: 6526.882 Thread 0x00007f45e43fc000 Exception <a 'java/lang/UnsupportedOperationException': > (0x00000000d86d5c28) thrown at [/build/openjdk-8-g3XteX/openjdk-8-8u222-b10/src/hotspot/src/share/vm/prims/jni.cpp, line 737]
Event: 10254.758 Thread 0x00007f45e43fc000 Exception <a 'java/lang/UnsupportedOperationException': > (0x00000000e7083fe8) thrown at [/build/openjdk-8-g3XteX/openjdk-8-8u222-b10/src/hotspot/src/share/vm/prims/jni.cpp, line 737]

Events (10 events):
Event: 10259.102 Executing VM operation: RevokeBias done
Event: 10259.134 Executing VM operation: RevokeBias
Event: 10259.134 Executing VM operation: RevokeBias done
Event: 10259.261 Executing VM operation: BulkRevokeBias
Event: 10259.261 Executing VM operation: BulkRevokeBias done
Event: 10259.587 Thread 0x00007f45e40c1000 flushing nmethod 0x00007f45d6127f90
Event: 10259.587 Thread 0x00007f45e40c1000 flushing nmethod 0x00007f45d6131a90
Event: 10259.587 Thread 0x00007f45e40c1000 flushing nmethod 0x00007f45d6253c90
Event: 10259.587 Thread 0x00007f45e40c1000 flushing nmethod 0x00007f45d62e4150
Event: 10259.810 Executing VM operation: ParallelGCFailedAllocation


Dynamic libraries:
00400000-00401000 r-xp 00000000 08:01 1314311                            /usr/lib/jvm/java-8-openjdk-amd64/jre/bin/java
00600000-00601000 r--p 00000000 08:01 1314311                            /usr/lib/jvm/java-8-openjdk-amd64/jre/bin/java
00601000-00602000 rw-p 00001000 08:01 1314311                            /usr/lib/jvm/java-8-openjdk-amd64/jre/bin/java
01a54000-01a75000 rw-p 00000000 00:00 0                                  [heap]
80000000-9c780000 rw-p 00000000 00:00 0 
a2000000-d5580000 ---p 00000000 00:00 0 
d5580000-100000000 rw-p 00000000 00:00 0 
100000000-1003c0000 rw-p 00000000 00:00 0 
1003c0000-140000000 ---p 00000000 00:00 0 
7f454c000000-7f454c0a1000 rw-p 00000000 00:00 0 
7f454c0a1000-7f4550000000 ---p 00000000 00:00 0 
7f4554000000-7f4554021000 rw-p 00000000 00:00 0 
7f4554021000-7f4558000000 ---p 00000000 00:00 0 
7f4558000000-7f4558055000 rw-p 00000000 00:00 0 
7f4558055000-7f455c000000 ---p 00000000 00:00 0 
7f455c000000-7f455c031000 rw-p 00000000 00:00 0 
7f455c031000-7f4560000000 ---p 00000000 00:00 0 
7f4560000000-7f4560021000 rw-p 00000000 00:00 0 
7f4560021000-7f4564000000 ---p 00000000 00:00 0 
7f4564000000-7f4564021000 rw-p 00000000 00:00 0 
7f4564021000-7f4568000000 ---p 00000000 00:00 0 
7f4568000000-7f4568021000 rw-p 00000000 00:00 0 
7f4568021000-7f456c000000 ---p 00000000 00:00 0 
7f456c000000-7f456c127000 rw-p 00000000 00:00 0 
7f456c127000-7f4570000000 ---p 00000000 00:00 0 
7f4570000000-7f4570241000 rw-p 00000000 00:00 0 
7f4570241000-7f4574000000 ---p 00000000 00:00 0 
7f4574000000-7f4574328000 rw-p 00000000 00:00 0 
7f4574328000-7f4578000000 ---p 00000000 00:00 0 
7f4578000000-7f4578021000 rw-p 00000000 00:00 0 
7f4578021000-7f457c000000 ---p 00000000 00:00 0 
7f457c000000-7f457c021000 rw-p 00000000 00:00 0 
7f457c021000-7f4580000000 ---p 00000000 00:00 0 
7f4580000000-7f4580044000 rw-p 00000000 00:00 0 
7f4580044000-7f4584000000 ---p 00000000 00:00 0 
7f4584ba6000-7f4584bfd000 r-xp 00000000 08:01 1311267                    /usr/lib/x86_64-linux-gnu/libjpeg.so.8.0.2
7f4584bfd000-7f4584dfd000 ---p 00057000 08:01 1311267                    /usr/lib/x86_64-linux-gnu/libjpeg.so.8.0.2
7f4584dfd000-7f4584dfe000 r--p 00057000 08:01 1311267                    /usr/lib/x86_64-linux-gnu/libjpeg.so.8.0.2
7f4584dfe000-7f4584dff000 rw-p 00058000 08:01 1311267                    /usr/lib/x86_64-linux-gnu/libjpeg.so.8.0.2
7f4584dff000-7f4584fff000 rw-p 00000000 00:00 0 
7f4584fff000-7f4588000000 rw-p 00000000 00:00 0 
7f4588000000-7f4588021000 rw-p 00000000 00:00 0 
7f4588021000-7f458c000000 ---p 00000000 00:00 0 
7f458c109000-7f458c114000 r--s 00000000 08:01 1726198                    /var/cache/fontconfig/945677eb7aeaf62f1d50efc3fb3ec7d8-le64.cache-6
7f458c114000-7f458c11a000 r--s 00000000 08:01 1730244                    /var/cache/fontconfig/2cd17615ca594fa2959ae173292e504c-le64.cache-6
7f458c11a000-7f458c11b000 r--s 00000000 08:01 1730243                    /var/cache/fontconfig/0d8c3b2ac0904cb8a57a757ad11a4a08-le64.cache-6
7f458c11b000-7f458c11f000 r--s 00000000 08:01 1739929                    /var/cache/fontconfig/de156ccd2eddbdc19d37a45b8b2aac9c-le64.cache-6
7f458c11f000-7f458c134000 r--s 00000000 08:01 1730242                    /var/cache/fontconfig/04aabc0a78ac019cf9454389977116d2-le64.cache-6
7f458c134000-7f458c135000 r--s 00000000 08:01 1730241                    /var/cache/fontconfig/1ac9eb803944fde146138c791f5cc56a-le64.cache-6
7f458c135000-7f458c139000 r--s 00000000 08:01 1730240                    /var/cache/fontconfig/385c0604a188198f04d133e54aba7fe7-le64.cache-6
7f458c139000-7f458c13a000 r--s 00000000 08:01 1730239                    /var/cache/fontconfig/dc05db6664285cc2f12bf69c139ae4c3-le64.cache-6
7f458c13a000-7f458c13d000 r--s 00000000 08:01 1730238                    /var/cache/fontconfig/767a8244fc0220cfb567a839d0392e0b-le64.cache-6
7f458c13d000-7f458c13e000 r--s 00000000 08:01 1722666                    /var/cache/fontconfig/4794a0821666d79190d59a36cb4f44b5-le64.cache-6
7f458c13e000-7f458c143000 r--s 00000000 08:01 1730236                    /var/cache/fontconfig/8801497958630a81b71ace7c5f9b32a8-le64.cache-6
7f458c143000-7f458c147000 r--s 00000000 08:01 1739928                    /var/cache/fontconfig/c57959a16110560c8d0fcea73374aeeb-le64.cache-6
7f458c147000-7f458c148000 r--s 00000000 08:01 1730235                    /var/cache/fontconfig/bab58bb527bb656aaa9f116d68a48d89-le64.cache-6
7f458c148000-7f458c14f000 r--s 00000000 08:01 1730234                    /var/cache/fontconfig/3047814df9a2f067bd2d96a2b9c36e5a-le64.cache-6
7f458c14f000-7f458c157000 r--s 00000000 08:01 1721585                    /var/cache/fontconfig/bf3b770c553c462765856025a94f1ce6-le64.cache-6
7f458c157000-7f458c158000 r--s 00000000 08:01 1730233                    /var/cache/fontconfig/56cf4f4769d0f4abc89a4895d7bd3ae1-le64.cache-6
7f458c158000-7f458c15e000 r--s 00000000 08:01 1730231                    /var/cache/fontconfig/b47c4e1ecd0709278f4910c18777a504-le64.cache-6
7f458c15e000-7f458c171000 r--s 00000000 08:01 1730230                    /var/cache/fontconfig/d52a8644073d54c13679302ca1180695-le64.cache-6
7f458c171000-7f458c17c000 r--s 00000000 08:01 1730228                    /var/cache/fontconfig/d589a48862398ed80a3d6066f4f56f4c-le64.cache-6
7f458c17c000-7f458c18e000 r--s 00000000 08:01 1710755                    /var/cache/fontconfig/9b89f8e3dae116d678bbf48e5f21f69b-le64.cache-6
7f458c18e000-7f458c1af000 r--s 00000000 08:01 1714109                    /var/cache/fontconfig/467c019e582ee353435ea5c21d137ef6-le64.cache-6
7f458c30f000-7f458c319000 r-xp 00000000 08:01 1350060                    /usr/lib/jvm/java-8-openjdk-amd64/jre/lib/amd64/libjavajpeg.so
7f458c319000-7f458c518000 ---p 0000a000 08:01 1350060                    /usr/lib/jvm/java-8-openjdk-amd64/jre/lib/amd64/libjavajpeg.so
7f458c518000-7f458c519000 r--p 00009000 08:01 1350060                    /usr/lib/jvm/java-8-openjdk-amd64/jre/lib/amd64/libjavajpeg.so
7f458c519000-7f458c51a000 rw-p 0000a000 08:01 1350060                    /usr/lib/jvm/java-8-openjdk-amd64/jre/lib/amd64/libjavajpeg.so
7f458c51a000-7f458c51d000 ---p 00000000 00:00 0 
7f458c51d000-7f458c61b000 rw-p 00000000 00:00 0 
7f458c61b000-7f458c61c000 r--s 00000000 08:01 1730232                    /var/cache/fontconfig/b9d506c9ac06c20b433354fa67a72993-le64.cache-6
7f458c61c000-7f458c61d000 r--s 00000000 08:01 1730229                    /var/cache/fontconfig/551ecf3b0e8b0bca0f25c0944f561853-le64.cache-6
7f458c61d000-7f458c61e000 r--s 00000000 08:01 1730227                    /var/cache/fontconfig/30829fa25452a46451e813d634d7f916-le64.cache-6
7f458c61e000-7f458c621000 r--s 00000000 08:01 1730224                    /var/cache/fontconfig/75114ca45c98e8a441da0ff356701271-le64.cache-6
7f458c621000-7f458c638000 r--s 00000000 08:01 1721579                    /var/cache/fontconfig/e13b20fdb08344e0e664864cc2ede53d-le64.cache-6
7f458c638000-7f458c63b000 ---p 00000000 00:00 0 
7f458c63b000-7f458c939000 rw-p 00000000 00:00 0 
7f458c939000-7f458ccf6000 rw-s 00000000 00:05 10289167                   /SYSV00000000 (deleted)
7f458ccf6000-7f458ccf9000 ---p 00000000 00:00 0 
7f458ccf9000-7f458cdf7000 rw-p 00000000 00:00 0 
7f458cdf7000-7f458cdfa000 ---p 00000000 00:00 0 
7f458cdfa000-7f458d0f8000 rw-p 00000000 00:00 0 
7f458d0f8000-7f458d0fa000 r-xp 00000000 08:01 525645                     /home/user/contiki/tools/cooja/apps/serial2pty/lib/libpty.so
7f458d0fa000-7f458d2f9000 ---p 00002000 08:01 525645                     /home/user/contiki/tools/cooja/apps/serial2pty/lib/libpty.so
7f458d2f9000-7f458d2fa000 r--p 00001000 08:01 525645                     /home/user/contiki/tools/cooja/apps/serial2pty/lib/libpty.so
7f458d2fa000-7f458d2fb000 rw-p 00002000 08:01 525645                     /home/user/contiki/tools/cooja/apps/serial2pty/lib/libpty.so
7f458d2fb000-7f458d4fb000 rw-p 00000000 00:00 0 
7f458d4fb000-7f458d6fb000 rw-p 00000000 00:00 0 
7f458d6fb000-7f458d6fe000 ---p 00000000 00:00 0 
7f458d6fe000-7f458d7fc000 rw-p 00000000 00:00 0 
7f458d7fc000-7f458d7ff000 ---p 00000000 00:00 0 
7f458d7ff000-7f458d8fd000 rw-p 00000000 00:00 0 
7f458d8fd000-7f458d900000 ---p 00000000 00:00 0 
7f458d900000-7f458d9fe000 rw-p 00000000 00:00 0 
7f458d9fe000-7f458da01000 ---p 00000000 00:00 0 
7f458da01000-7f458da37000 rw-p 00000000 00:00 0 
7f458da37000-7f458da3a000 ---p 00000000 00:00 0 
7f458da3a000-7f458dd38000 rw-p 00000000 00:00 0 
7f458dd38000-7f458df38000 rw-p 00000000 00:00 0 
7f458df38000-7f458df72000 r--s 001e1000 08:01 405880                     /home/user/contiki/tools/cooja/apps/avrora/lib/avrora-small.jar
7f458df72000-7f458df75000 ---p 00000000 00:00 0 
7f458df75000-7f458e273000 rw-p 00000000 00:00 0 
7f458e273000-7f458e276000 ---p 00000000 00:00 0 
7f458e276000-7f458e374000 rw-p 00000000 00:00 0 
7f458e374000-7f458e377000 ---p 00000000 00:00 0 
7f458e377000-7f458e675000 rw-p 00000000 00:00 0 
7f458e675000-7f458e686000 r-xp 00000000 08:01 1339430                    /usr/lib/jvm/java-8-openjdk-amd64/jre/lib/amd64/libnio.so
7f458e686000-7f458e885000 ---p 00011000 08:01 1339430                    /usr/lib/jvm/java-8-openjdk-amd64/jre/lib/amd64/libnio.so
7f458e885000-7f458e886000 r--p 00010000 08:01 1339430                    /usr/lib/jvm/java-8-openjdk-amd64/jre/lib/amd64/libnio.so
7f458e886000-7f458e887000 rw-p 00011000 08:01 1339430                    /usr/lib/jvm/java-8-openjdk-amd64/jre/lib/amd64/libnio.so
7f458e887000-7f458e89d000 r-xp 00000000 08:01 1339413                    /usr/lib/jvm/java-8-openjdk-amd64/jre/lib/amd64/libnet.so
7f458e89d000-7f458ea9d000 ---p 00016000 08:01 1339413                    /usr/lib/jvm/java-8-openjdk-amd64/jre/lib/amd64/libnet.so
7f458ea9d000-7f458ea9e000 r--p 00016000 08:01 1339413                    /usr/lib/jvm/java-8-openjdk-amd64/jre/lib/amd64/libnet.so
7f458ea9e000-7f458ea9f000 rw-p 00017000 08:01 1339413                    /usr/lib/jvm/java-8-openjdk-amd64/jre/lib/amd64/libnet.so
7f458ea9f000-7f458eaa2000 ---p 00000000 00:00 0 
7f458eaa2000-7f458eba0000 rw-p 00000000 00:00 0 
7f458eba0000-7f458eba5000 r-xp 00000000 08:01 1321260                    /usr/lib/x86_64-linux-gnu/libXfixes.so.3.1.0
7f458eba5000-7f458eda4000 ---p 00005000 08:01 1321260                    /usr/lib/x86_64-linux-gnu/libXfixes.so.3.1.0
7f458eda4000-7f458eda5000 r--p 00004000 08:01 1321260                    /usr/lib/x86_64-linux-gnu/libXfixes.so.3.1.0
7f458eda5000-7f458eda6000 rw-p 00005000 08:01 1321260                    /usr/lib/x86_64-linux-gnu/libXfixes.so.3.1.0
7f458eda6000-7f458edaf000 r-xp 00000000 08:01 1311053                    /usr/lib/x86_64-linux-gnu/libXcursor.so.1.0.2
7f458edaf000-7f458efae000 ---p 00009000 08:01 1311053                    /usr/lib/x86_64-linux-gnu/libXcursor.so.1.0.2
7f458efae000-7f458efaf000 r--p 00008000 08:01 1311053                    /usr/lib/x86_64-linux-gnu/libXcursor.so.1.0.2
7f458efaf000-7f458efb0000 rw-p 00009000 08:01 1311053                    /usr/lib/x86_64-linux-gnu/libXcursor.so.1.0.2
7f458efb0000-7f458efb3000 ---p 00000000 00:00 0 
7f458efb3000-7f458f2b1000 rw-p 00000000 00:00 0 
7f458f2b1000-7f458f2d5000 r-xp 00000000 08:01 524469                     /lib/x86_64-linux-gnu/libpng12.so.0.54.0
7f458f2d5000-7f458f4d4000 ---p 00024000 08:01 524469                     /lib/x86_64-linux-gnu/libpng12.so.0.54.0
7f458f4d4000-7f458f4d5000 r--p 00023000 08:01 524469                     /lib/x86_64-linux-gnu/libpng12.so.0.54.0
7f458f4d5000-7f458f4d6000 rw-p 00024000 08:01 524469                     /lib/x86_64-linux-gnu/libpng12.so.0.54.0
7f458f4d6000-7f458f57a000 r-xp 00000000 08:01 1312888                    /usr/lib/x86_64-linux-gnu/libfreetype.so.6.12.1
7f458f57a000-7f458f779000 ---p 000a4000 08:01 1312888                    /usr/lib/x86_64-linux-gnu/libfreetype.so.6.12.1
7f458f779000-7f458f77f000 r--p 000a3000 08:01 1312888                    /usr/lib/x86_64-linux-gnu/libfreetype.so.6.12.1
7f458f77f000-7f458f780000 rw-p 000a9000 08:01 1312888                    /usr/lib/x86_64-linux-gnu/libfreetype.so.6.12.1
7f458f780000-7f458f7d1000 r-xp 00000000 08:01 1339409                    /usr/lib/jvm/java-8-openjdk-amd64/jre/lib/amd64/libfontmanager.so
7f458f7d1000-7f458f9d1000 ---p 00051000 08:01 1339409                    /usr/lib/jvm/java-8-openjdk-amd64/jre/lib/amd64/libfontmanager.so
7f458f9d1000-7f458f9d3000 r--p 00051000 08:01 1339409                    /usr/lib/jvm/java-8-openjdk-amd64/jre/lib/amd64/libfontmanager.so
7f458f9d3000-7f458f9d4000 rw-p 00053000 08:01 1339409                    /usr/lib/jvm/java-8-openjdk-amd64/jre/lib/amd64/libfontmanager.so
7f458f9d4000-7f458f9d9000 r-xp 00000000 08:01 1321256                    /usr/lib/x86_64-linux-gnu/libXdmcp.so.6.0.0
7f458f9d9000-7f458fbd8000 ---p 00005000 08:01 1321256                    /usr/lib/x86_64-linux-gnu/libXdmcp.so.6.0.0
7f458fbd8000-7f458fbd9000 r--p 00004000 08:01 1321256                    /usr/lib/x86_64-linux-gnu/libXdmcp.so.6.0.0
7f458fbd9000-7f458fbda000 rw-p 00005000 08:01 1321256                    /usr/lib/x86_64-linux-gnu/libXdmcp.so.6.0.0
7f458fbda000-7f458fbdc000 r-xp 00000000 08:01 1321245                    /usr/lib/x86_64-linux-gnu/libXau.so.6.0.0
7f458fbdc000-7f458fddc000 ---p 00002000 08:01 1321245                    /usr/lib/x86_64-linux-gnu/libXau.so.6.0.0
7f458fddc000-7f458fddd000 r--p 00002000 08:01 1321245                    /usr/lib/x86_64-linux-gnu/libXau.so.6.0.0
7f458fddd000-7f458fdde000 rw-p 00003000 08:01 1321245                    /usr/lib/x86_64-linux-gnu/libXau.so.6.0.0
7f458fdde000-7f458fdff000 r-xp 00000000 08:01 1322623                    /usr/lib/x86_64-linux-gnu/libxcb.so.1.1.0
7f458fdff000-7f458fffe000 ---p 00021000 08:01 1322623                    /usr/lib/x86_64-linux-gnu/libxcb.so.1.1.0
7f458fffe000-7f458ffff000 r--p 00020000 08:01 1322623                    /usr/lib/x86_64-linux-gnu/libxcb.so.1.1.0
7f458ffff000-7f4590000000 rw-p 00021000 08:01 1322623                    /usr/lib/x86_64-linux-gnu/libxcb.so.1.1.0
7f4590000000-7f4590021000 rw-p 00000000 00:00 0 
7f4590021000-7f4594000000 ---p 00000000 00:00 0 
7f4594000000-7f4594021000 rw-p 00000000 00:00 0 
7f4594021000-7f4598000000 ---p 00000000 00:00 0 
7f4598000000-7f459ac9e000 rw-p 00000000 00:00 0 
7f459ac9e000-7f459c000000 ---p 00000000 00:00 0 
7f459c000000-7f459cc46000 rw-p 00000000 00:00 0 
7f459cc46000-7f45a0000000 ---p 00000000 00:00 0 
7f45a0000000-7f45a0021000 rw-p 00000000 00:00 0 
7f45a0021000-7f45a4000000 ---p 00000000 00:00 0 
7f45a4000000-7f45a6d3e000 rw-p 00000000 00:00 0 
7f45a6d3e000-7f45a8000000 ---p 00000000 00:00 0 
7f45a8000000-7f45a8021000 rw-p 00000000 00:00 0 
7f45a8021000-7f45ac000000 ---p 00000000 00:00 0 
7f45ac000000-7f45ac021000 rw-p 00000000 00:00 0 
7f45ac021000-7f45b0000000 ---p 00000000 00:00 0 
7f45b0000000-7f45b0021000 rw-p 00000000 00:00 0 
7f45b0021000-7f45b4000000 ---p 00000000 00:00 0 
7f45b4000000-7f45b4173000 rw-p 00000000 00:00 0 
7f45b4173000-7f45b8000000 ---p 00000000 00:00 0 
7f45b8000000-7f45b80dd000 rw-p 00000000 00:00 0 
7f45b80dd000-7f45bc000000 ---p 00000000 00:00 0 
7f45bc000000-7f45bc001000 r--s 00000000 08:01 1730226                    /var/cache/fontconfig/0c9eb80ebd1c36541ebe2852d3bb0c49-le64.cache-6
7f45bc001000-7f45bc00c000 r--s 00000000 08:01 1730223                    /var/cache/fontconfig/83bf95040141907cd45bb53cf7c1c148-le64.cache-6
7f45bc00c000-7f45bc010000 r--s 00000000 08:01 1712891                    /var/cache/fontconfig/7ef2298fde41cc6eeb7af42e48b7d293-le64.cache-6
7f45bc010000-7f45bc011000 r--s 00000000 08:01 1737369                    /var/cache/fontconfig/e0aa53bcfa504e64f87823c16bc01eb6-le64.cache-6
7f45bc011000-7f45bc013000 r--s 00002000 08:01 525646                     /home/user/contiki/tools/cooja/apps/serial2pty/lib/serial2pty.jar
7f45bc013000-7f45bc015000 r--s 00008000 08:01 405835                     /home/user/contiki/tools/cooja/apps/serial_socket/lib/serial_socket.jar
7f45bc015000-7f45bc016000 r--s 00003000 08:01 405839                     /home/user/contiki/tools/cooja/apps/powertracker/lib/powertracker.jar
7f45bc016000-7f45bc018000 r--s 00010000 08:01 405858                     /home/user/contiki/tools/cooja/apps/mspsim/lib/jipv6.jar
7f45bc018000-7f45bc019000 r--s 00004000 08:01 405857                     /home/user/contiki/tools/cooja/apps/mspsim/lib/coffee.jar
7f45bc019000-7f45bc025000 r--s 000eb000 08:01 405859                     /home/user/contiki/tools/cooja/apps/mspsim/lib/mspsim.jar
7f45bc025000-7f45bc02b000 r--s 00063000 08:01 405856                     /home/user/contiki/tools/cooja/apps/mspsim/lib/cooja_mspsim.jar
7f45bc02b000-7f45bc02d000 r--s 0001e000 08:01 405869                     /home/user/contiki/tools/cooja/apps/mrm/lib/mrm.jar
7f45bc02d000-7f45bc02e000 r--s 00001000 08:01 411529                     /home/user/contiki/tools/cooja/apps/mobility/lib/mobility.jar
7f45bc02e000-7f45bc02f000 r--s 00002000 08:01 404701                     /home/user/contiki/tools/cooja/apps/collect-view/cooja-collect-view.jar
7f45bc02f000-7f45bc030000 r--s 00008000 08:01 405879                     /home/user/contiki/tools/cooja/apps/avrora/lib/cooja_avrora.jar
7f45bc030000-7f45bc03b000 r--s 00000000 08:01 1726198                    /var/cache/fontconfig/945677eb7aeaf62f1d50efc3fb3ec7d8-le64.cache-6
7f45bc03b000-7f45bc041000 r--s 00000000 08:01 1730244                    /var/cache/fontconfig/2cd17615ca594fa2959ae173292e504c-le64.cache-6
7f45bc041000-7f45bc042000 r--s 00000000 08:01 1730243                    /var/cache/fontconfig/0d8c3b2ac0904cb8a57a757ad11a4a08-le64.cache-6
7f45bc042000-7f45bc046000 r--s 00000000 08:01 1739929                    /var/cache/fontconfig/de156ccd2eddbdc19d37a45b8b2aac9c-le64.cache-6
7f45bc046000-7f45bc05b000 r--s 00000000 08:01 1730242                    /var/cache/fontconfig/04aabc0a78ac019cf9454389977116d2-le64.cache-6
7f45bc05b000-7f45bc05c000 r--s 00000000 08:01 1730241                    /var/cache/fontconfig/1ac9eb803944fde146138c791f5cc56a-le64.cache-6
7f45bc05c000-7f45bc060000 r--s 00000000 08:01 1730240                    /var/cache/fontconfig/385c0604a188198f04d133e54aba7fe7-le64.cache-6
7f45bc060000-7f45bc061000 r--s 00000000 08:01 1730239                    /var/cache/fontconfig/dc05db6664285cc2f12bf69c139ae4c3-le64.cache-6
7f45bc061000-7f45bc064000 r--s 00000000 08:01 1730238                    /var/cache/fontconfig/767a8244fc0220cfb567a839d0392e0b-le64.cache-6
7f45bc064000-7f45bc065000 r--s 00000000 08:01 1722666                    /var/cache/fontconfig/4794a0821666d79190d59a36cb4f44b5-le64.cache-6
7f45bc065000-7f45bc06a000 r--s 00000000 08:01 1730236                    /var/cache/fontconfig/8801497958630a81b71ace7c5f9b32a8-le64.cache-6
7f45bc06a000-7f45bc071000 r--s 00000000 08:01 1730234                    /var/cache/fontconfig/3047814df9a2f067bd2d96a2b9c36e5a-le64.cache-6
7f45bc071000-7f45bc079000 r--s 00000000 08:01 1721585                    /var/cache/fontconfig/bf3b770c553c462765856025a94f1ce6-le64.cache-6
7f45bc079000-7f45bc08c000 r--s 00000000 08:01 1730230                    /var/cache/fontconfig/d52a8644073d54c13679302ca1180695-le64.cache-6
7f45bc08c000-7f45bc097000 r--s 00000000 08:01 1730228                    /var/cache/fontconfig/d589a48862398ed80a3d6066f4f56f4c-le64.cache-6
7f45bc097000-7f45bc0a2000 r--s 00000000 08:01 1730223                    /var/cache/fontconfig/83bf95040141907cd45bb53cf7c1c148-le64.cache-6
7f45bc0a2000-7f45bc0b4000 r--s 00000000 08:01 1710755                    /var/cache/fontconfig/9b89f8e3dae116d678bbf48e5f21f69b-le64.cache-6
7f45bc0b4000-7f45bc0cb000 r--s 00000000 08:01 1721579                    /var/cache/fontconfig/e13b20fdb08344e0e664864cc2ede53d-le64.cache-6
7f45bc0cb000-7f45bc0ec000 r--s 00000000 08:01 1714109                    /var/cache/fontconfig/467c019e582ee353435ea5c21d137ef6-le64.cache-6
7f45bc0ec000-7f45bc0fb000 r-xp 00000000 08:01 1321266                    /usr/lib/x86_64-linux-gnu/libXi.so.6.1.0
7f45bc0fb000-7f45bc2fa000 ---p 0000f000 08:01 1321266                    /usr/lib/x86_64-linux-gnu/libXi.so.6.1.0
7f45bc2fa000-7f45bc2fb000 r--p 0000e000 08:01 1321266                    /usr/lib/x86_64-linux-gnu/libXi.so.6.1.0
7f45bc2fb000-7f45bc2fc000 rw-p 0000f000 08:01 1321266                    /usr/lib/x86_64-linux-gnu/libXi.so.6.1.0
7f45bc2fc000-7f45bc301000 r-xp 00000000 08:01 1321284                    /usr/lib/x86_64-linux-gnu/libXtst.so.6.1.0
7f45bc301000-7f45bc500000 ---p 00005000 08:01 1321284                    /usr/lib/x86_64-linux-gnu/libXtst.so.6.1.0
7f45bc500000-7f45bc501000 r--p 00004000 08:01 1321284                    /usr/lib/x86_64-linux-gnu/libXtst.so.6.1.0
7f45bc501000-7f45bc502000 rw-p 00005000 08:01 1321284                    /usr/lib/x86_64-linux-gnu/libXtst.so.6.1.0
7f45bc502000-7f45bc50b000 r-xp 00000000 08:01 1321278                    /usr/lib/x86_64-linux-gnu/libXrender.so.1.3.0
7f45bc50b000-7f45bc70a000 ---p 00009000 08:01 1321278                    /usr/lib/x86_64-linux-gnu/libXrender.so.1.3.0
7f45bc70a000-7f45bc70b000 r--p 00008000 08:01 1321278                    /usr/lib/x86_64-linux-gnu/libXrender.so.1.3.0
7f45bc70b000-7f45bc70c000 rw-p 00009000 08:01 1321278                    /usr/lib/x86_64-linux-gnu/libXrender.so.1.3.0
7f45bc70c000-7f45bc841000 r-xp 00000000 08:01 1331980                    /usr/lib/x86_64-linux-gnu/libX11.so.6.3.0
7f45bc841000-7f45bca41000 ---p 00135000 08:01 1331980                    /usr/lib/x86_64-linux-gnu/libX11.so.6.3.0
7f45bca41000-7f45bca42000 r--p 00135000 08:01 1331980                    /usr/lib/x86_64-linux-gnu/libX11.so.6.3.0
7f45bca42000-7f45bca46000 rw-p 00136000 08:01 1331980                    /usr/lib/x86_64-linux-gnu/libX11.so.6.3.0
7f45bca46000-7f45bca57000 r-xp 00000000 08:01 1321258                    /usr/lib/x86_64-linux-gnu/libXext.so.6.4.0
7f45bca57000-7f45bcc56000 ---p 00011000 08:01 1321258                    /usr/lib/x86_64-linux-gnu/libXext.so.6.4.0
7f45bcc56000-7f45bcc57000 r--p 00010000 08:01 1321258                    /usr/lib/x86_64-linux-gnu/libXext.so.6.4.0
7f45bcc57000-7f45bcc58000 rw-p 00011000 08:01 1321258                    /usr/lib/x86_64-linux-gnu/libXext.so.6.4.0
7f45bcc58000-7f45bcc5c000 r--s 00000000 08:01 1739928                    /var/cache/fontconfig/c57959a16110560c8d0fcea73374aeeb-le64.cache-6
7f45bcc5c000-7f45bcc62000 r--s 00000000 08:01 1730231                    /var/cache/fontconfig/b47c4e1ecd0709278f4910c18777a504-le64.cache-6
7f45bcc62000-7f45bcc75000 r--s 00346000 08:01 1350066                    /usr/lib/jvm/java-8-openjdk-amd64/jre/lib/resources.jar
7f45bcc75000-7f45bccd1000 r-xp 00000000 08:01 1339423                    /usr/lib/jvm/java-8-openjdk-amd64/jre/lib/amd64/libawt_xawt.so
7f45bccd1000-7f45bced0000 ---p 0005c000 08:01 1339423                    /usr/lib/jvm/java-8-openjdk-amd64/jre/lib/amd64/libawt_xawt.so
7f45bced0000-7f45bced1000 r--p 0005b000 08:01 1339423                    /usr/lib/jvm/java-8-openjdk-amd64/jre/lib/amd64/libawt_xawt.so
7f45bced1000-7f45bced4000 rw-p 0005c000 08:01 1339423                    /usr/lib/jvm/java-8-openjdk-amd64/jre/lib/amd64/libawt_xawt.so
7f45bced4000-7f45bced6000 rw-p 00000000 00:00 0 
7f45bced6000-7f45bcf75000 r-xp 00000000 08:01 1339424                    /usr/lib/jvm/java-8-openjdk-amd64/jre/lib/amd64/libawt.so
7f45bcf75000-7f45bd175000 ---p 0009f000 08:01 1339424                    /usr/lib/jvm/java-8-openjdk-amd64/jre/lib/amd64/libawt.so
7f45bd175000-7f45bd176000 r--p 0009f000 08:01 1339424                    /usr/lib/jvm/java-8-openjdk-amd64/jre/lib/amd64/libawt.so
7f45bd176000-7f45bd181000 rw-p 000a0000 08:01 1339424                    /usr/lib/jvm/java-8-openjdk-amd64/jre/lib/amd64/libawt.so
7f45bd181000-7f45bd1a6000 rw-p 00000000 00:00 0 
7f45bd1a6000-7f45bd1c3000 r--s 0014f000 08:01 399893                     /home/user/contiki/tools/cooja/lib/swingx-all-1.6.4.jar
7f45bd1c3000-7f45bd1de000 r--s 001d6000 08:01 1339389                    /usr/lib/jvm/java-8-openjdk-amd64/jre/lib/ext/nashorn.jar
7f45bd1de000-7f45bd1f9000 r--s 00394000 08:01 1339392                    /usr/lib/jvm/java-8-openjdk-amd64/jre/lib/ext/cldrdata.jar
7f45bd1f9000-7f45bd1fa000 ---p 00000000 00:00 0 
7f45bd1fa000-7f45bd2fa000 rw-p 00000000 00:00 0 
7f45bd2fa000-7f45bd2fd000 ---p 00000000 00:00 0 
7f45bd2fd000-7f45bd3fb000 rw-p 00000000 00:00 0 
7f45bd3fb000-7f45bd3fe000 ---p 00000000 00:00 0 
7f45bd3fe000-7f45bd4fc000 rw-p 00000000 00:00 0 
7f45bd4fc000-7f45bd4ff000 ---p 00000000 00:00 0 
7f45bd4ff000-7f45bd5fd000 rw-p 00000000 00:00 0 
7f45bd5fd000-7f45bd600000 ---p 00000000 00:00 0 
7f45bd600000-7f45bd6fe000 rw-p 00000000 00:00 0 
7f45bd6fe000-7f45bd701000 ---p 00000000 00:00 0 
7f45bd701000-7f45bd7ff000 rw-p 00000000 00:00 0 
7f45bd7ff000-7f45bdad7000 r--p 00000000 08:01 1314277                    /usr/lib/locale/locale-archive
7f45bdad7000-7f45bdada000 ---p 00000000 00:00 0 
7f45bdada000-7f45bdbd8000 rw-p 00000000 00:00 0 
7f45bdbd8000-7f45bdbdb000 ---p 00000000 00:00 0 
7f45bdbdb000-7f45bdcd9000 rw-p 00000000 00:00 0 
7f45bdcd9000-7f45bdcda000 ---p 00000000 00:00 0 
7f45bdcda000-7f45bf230000 rw-p 00000000 00:00 0 
7f45bf230000-7f45bf400000 r--s 03c5c000 08:01 1339373                    /usr/lib/jvm/java-8-openjdk-amd64/jre/lib/rt.jar
7f45bf400000-7f45c0000000 rw-p 00000000 00:00 0 
7f45c0000000-7f45c0021000 rw-p 00000000 00:00 0 
7f45c0021000-7f45c4000000 ---p 00000000 00:00 0 
7f45c4000000-7f45c8000000 rw-p 00000000 00:00 0 
7f45c8000000-7f45c8021000 rw-p 00000000 00:00 0 
7f45c8021000-7f45cc000000 ---p 00000000 00:00 0 
7f45cc000000-7f45cc021000 rw-p 00000000 00:00 0 
7f45cc021000-7f45d0000000 ---p 00000000 00:00 0 
7f45d0000000-7f45d0021000 rw-p 00000000 00:00 0 
7f45d0021000-7f45d4000000 ---p 00000000 00:00 0 
7f45d4000000-7f45d4001000 r--s 00000000 08:01 1730235                    /var/cache/fontconfig/bab58bb527bb656aaa9f116d68a48d89-le64.cache-6
7f45d4001000-7f45d4002000 r--s 00000000 08:01 1730233                    /var/cache/fontconfig/56cf4f4769d0f4abc89a4895d7bd3ae1-le64.cache-6
7f45d4002000-7f45d4003000 r--s 00000000 08:01 1730232                    /var/cache/fontconfig/b9d506c9ac06c20b433354fa67a72993-le64.cache-6
7f45d4003000-7f45d400a000 r--s 0005b000 08:01 399895                     /home/user/contiki/tools/cooja/lib/jsyntaxpane.jar
7f45d400a000-7f45d4011000 r--s 0004f000 08:01 399894                     /home/user/contiki/tools/cooja/lib/log4j.jar
7f45d4011000-7f45d4239000 rw-p 00000000 00:00 0 
7f45d4239000-7f45d423a000 ---p 00000000 00:00 0 
7f45d423a000-7f45d433a000 rw-p 00000000 00:00 0 
7f45d433a000-7f45d433b000 ---p 00000000 00:00 0 
7f45d433b000-7f45d443b000 rw-p 00000000 00:00 0 
7f45d443b000-7f45d443c000 ---p 00000000 00:00 0 
7f45d443c000-7f45d453c000 rw-p 00000000 00:00 0 
7f45d453c000-7f45d453d000 ---p 00000000 00:00 0 
7f45d453d000-7f45d463d000 rw-p 00000000 00:00 0 
7f45d463d000-7f45d463e000 ---p 00000000 00:00 0 
7f45d463e000-7f45d473e000 rw-p 00000000 00:00 0 
7f45d473e000-7f45d473f000 ---p 00000000 00:00 0 
7f45d473f000-7f45d4923000 rw-p 00000000 00:00 0 
7f45d4923000-7f45d4ae9000 ---p 00000000 00:00 0 
7f45d4ae9000-7f45d4c3f000 rw-p 00000000 00:00 0 
7f45d4c3f000-7f45d4cae000 rw-p 00000000 00:00 0 
7f45d4cae000-7f45d5000000 ---p 00000000 00:00 0 
7f45d5000000-7f45d6b70000 rwxp 00000000 00:00 0 
7f45d6b70000-7f45e4000000 ---p 00000000 00:00 0 
7f45e4000000-7f45e43fe000 rw-p 00000000 00:00 0 
7f45e43fe000-7f45e8000000 ---p 00000000 00:00 0 
7f45e8000000-7f45e8001000 r--s 00000000 08:01 1730229                    /var/cache/fontconfig/551ecf3b0e8b0bca0f25c0944f561853-le64.cache-6
7f45e8001000-7f45e8002000 r--s 00000000 08:01 1730227                    /var/cache/fontconfig/30829fa25452a46451e813d634d7f916-le64.cache-6
7f45e8002000-7f45e8005000 r--s 00000000 08:01 1730224                    /var/cache/fontconfig/75114ca45c98e8a441da0ff356701271-le64.cache-6
7f45e8005000-7f45e810a000 rw-p 00000000 00:00 0 
7f45e810a000-7f45e82d1000 ---p 00000000 00:00 0 
7f45e82d1000-7f45e82d9000 r-xp 00000000 08:01 1339427                    /usr/lib/jvm/java-8-openjdk-amd64/jre/lib/amd64/libzip.so
7f45e82d9000-7f45e84d8000 ---p 00008000 08:01 1339427                    /usr/lib/jvm/java-8-openjdk-amd64/jre/lib/amd64/libzip.so
7f45e84d8000-7f45e84d9000 r--p 00007000 08:01 1339427                    /usr/lib/jvm/java-8-openjdk-amd64/jre/lib/amd64/libzip.so
7f45e84d9000-7f45e84da000 rw-p 00008000 08:01 1339427                    /usr/lib/jvm/java-8-openjdk-amd64/jre/lib/amd64/libzip.so
7f45e84da000-7f45e84e5000 r-xp 00000000 08:01 526492                     /lib/x86_64-linux-gnu/libnss_files-2.23.so
7f45e84e5000-7f45e86e4000 ---p 0000b000 08:01 526492                     /lib/x86_64-linux-gnu/libnss_files-2.23.so
7f45e86e4000-7f45e86e5000 r--p 0000a000 08:01 526492                     /lib/x86_64-linux-gnu/libnss_files-2.23.so
7f45e86e5000-7f45e86e6000 rw-p 0000b000 08:01 526492                     /lib/x86_64-linux-gnu/libnss_files-2.23.so
7f45e86e6000-7f45e86ec000 rw-p 00000000 00:00 0 
7f45e86ec000-7f45e86f7000 r-xp 00000000 08:01 526263                     /lib/x86_64-linux-gnu/libnss_nis-2.23.so
7f45e86f7000-7f45e88f6000 ---p 0000b000 08:01 526263                     /lib/x86_64-linux-gnu/libnss_nis-2.23.so
7f45e88f6000-7f45e88f7000 r--p 0000a000 08:01 526263                     /lib/x86_64-linux-gnu/libnss_nis-2.23.so
7f45e88f7000-7f45e88f8000 rw-p 0000b000 08:01 526263                     /lib/x86_64-linux-gnu/libnss_nis-2.23.so
7f45e88f8000-7f45e890e000 r-xp 00000000 08:01 526484                     /lib/x86_64-linux-gnu/libnsl-2.23.so
7f45e890e000-7f45e8b0d000 ---p 00016000 08:01 526484                     /lib/x86_64-linux-gnu/libnsl-2.23.so
7f45e8b0d000-7f45e8b0e000 r--p 00015000 08:01 526484                     /lib/x86_64-linux-gnu/libnsl-2.23.so
7f45e8b0e000-7f45e8b0f000 rw-p 00016000 08:01 526484                     /lib/x86_64-linux-gnu/libnsl-2.23.so
7f45e8b0f000-7f45e8b11000 rw-p 00000000 00:00 0 
7f45e8b11000-7f45e8b19000 r-xp 00000000 08:01 526508                     /lib/x86_64-linux-gnu/libnss_compat-2.23.so
7f45e8b19000-7f45e8d18000 ---p 00008000 08:01 526508                     /lib/x86_64-linux-gnu/libnss_compat-2.23.so
7f45e8d18000-7f45e8d19000 r--p 00007000 08:01 526508                     /lib/x86_64-linux-gnu/libnss_compat-2.23.so
7f45e8d19000-7f45e8d1a000 rw-p 00008000 08:01 526508                     /lib/x86_64-linux-gnu/libnss_compat-2.23.so
7f45e8d1a000-7f45e8d43000 r-xp 00000000 08:01 1339412                    /usr/lib/jvm/java-8-openjdk-amd64/jre/lib/amd64/libjava.so
7f45e8d43000-7f45e8f42000 ---p 00029000 08:01 1339412                    /usr/lib/jvm/java-8-openjdk-amd64/jre/lib/amd64/libjava.so
7f45e8f42000-7f45e8f43000 r--p 00028000 08:01 1339412                    /usr/lib/jvm/java-8-openjdk-amd64/jre/lib/amd64/libjava.so
7f45e8f43000-7f45e8f45000 rw-p 00029000 08:01 1339412                    /usr/lib/jvm/java-8-openjdk-amd64/jre/lib/amd64/libjava.so
7f45e8f45000-7f45e8f54000 r-xp 00000000 08:01 1339429                    /usr/lib/jvm/java-8-openjdk-amd64/jre/lib/amd64/libverify.so
7f45e8f54000-7f45e9153000 ---p 0000f000 08:01 1339429                    /usr/lib/jvm/java-8-openjdk-amd64/jre/lib/amd64/libverify.so
7f45e9153000-7f45e9155000 r--p 0000e000 08:01 1339429                    /usr/lib/jvm/java-8-openjdk-amd64/jre/lib/amd64/libverify.so
7f45e9155000-7f45e9156000 rw-p 00010000 08:01 1339429                    /usr/lib/jvm/java-8-openjdk-amd64/jre/lib/amd64/libverify.so
7f45e9156000-7f45e915d000 r-xp 00000000 08:01 526249                     /lib/x86_64-linux-gnu/librt-2.23.so
7f45e915d000-7f45e935c000 ---p 00007000 08:01 526249                     /lib/x86_64-linux-gnu/librt-2.23.so
7f45e935c000-7f45e935d000 r--p 00006000 08:01 526249                     /lib/x86_64-linux-gnu/librt-2.23.so
7f45e935d000-7f45e935e000 rw-p 00007000 08:01 526249                     /lib/x86_64-linux-gnu/librt-2.23.so
7f45e935e000-7f45e9374000 r-xp 00000000 08:01 529514                     /lib/x86_64-linux-gnu/libgcc_s.so.1
7f45e9374000-7f45e9573000 ---p 00016000 08:01 529514                     /lib/x86_64-linux-gnu/libgcc_s.so.1
7f45e9573000-7f45e9574000 rw-p 00015000 08:01 529514                     /lib/x86_64-linux-gnu/libgcc_s.so.1
7f45e9574000-7f45e967c000 r-xp 00000000 08:01 526516                     /lib/x86_64-linux-gnu/libm-2.23.so
7f45e967c000-7f45e987b000 ---p 00108000 08:01 526516                     /lib/x86_64-linux-gnu/libm-2.23.so
7f45e987b000-7f45e987c000 r--p 00107000 08:01 526516                     /lib/x86_64-linux-gnu/libm-2.23.so
7f45e987c000-7f45e987d000 rw-p 00108000 08:01 526516                     /lib/x86_64-linux-gnu/libm-2.23.so
7f45e987d000-7f45e99ef000 r-xp 00000000 08:01 1312337                    /usr/lib/x86_64-linux-gnu/libstdc++.so.6.0.21
7f45e99ef000-7f45e9bef000 ---p 00172000 08:01 1312337                    /usr/lib/x86_64-linux-gnu/libstdc++.so.6.0.21
7f45e9bef000-7f45e9bf9000 r--p 00172000 08:01 1312337                    /usr/lib/x86_64-linux-gnu/libstdc++.so.6.0.21
7f45e9bf9000-7f45e9bfb000 rw-p 0017c000 08:01 1312337                    /usr/lib/x86_64-linux-gnu/libstdc++.so.6.0.21
7f45e9bfb000-7f45e9bff000 rw-p 00000000 00:00 0 
7f45e9bff000-7f45ea863000 r-xp 00000000 08:01 1350054                    /usr/lib/jvm/java-8-openjdk-amd64/jre/lib/amd64/server/libjvm.so
7f45ea863000-7f45eaa62000 ---p 00c64000 08:01 1350054                    /usr/lib/jvm/java-8-openjdk-amd64/jre/lib/amd64/server/libjvm.so
7f45eaa62000-7f45eaaf6000 r--p 00c63000 08:01 1350054                    /usr/lib/jvm/java-8-openjdk-amd64/jre/lib/amd64/server/libjvm.so
7f45eaaf6000-7f45eab1f000 rw-p 00cf7000 08:01 1350054                    /usr/lib/jvm/java-8-openjdk-amd64/jre/lib/amd64/server/libjvm.so
7f45eab1f000-7f45eab4f000 rw-p 00000000 00:00 0 
7f45eab4f000-7f45eab67000 r-xp 00000000 08:01 526257                     /lib/x86_64-linux-gnu/libpthread-2.23.so
7f45eab67000-7f45ead66000 ---p 00018000 08:01 526257                     /lib/x86_64-linux-gnu/libpthread-2.23.so
7f45ead66000-7f45ead67000 r--p 00017000 08:01 526257                     /lib/x86_64-linux-gnu/libpthread-2.23.so
7f45ead67000-7f45ead68000 rw-p 00018000 08:01 526257                     /lib/x86_64-linux-gnu/libpthread-2.23.so
7f45ead68000-7f45ead6c000 rw-p 00000000 00:00 0 
7f45ead6c000-7f45ead6f000 r-xp 00000000 08:01 526253                     /lib/x86_64-linux-gnu/libdl-2.23.so
7f45ead6f000-7f45eaf6e000 ---p 00003000 08:01 526253                     /lib/x86_64-linux-gnu/libdl-2.23.so
7f45eaf6e000-7f45eaf6f000 r--p 00002000 08:01 526253                     /lib/x86_64-linux-gnu/libdl-2.23.so
7f45eaf6f000-7f45eaf70000 rw-p 00003000 08:01 526253                     /lib/x86_64-linux-gnu/libdl-2.23.so
7f45eaf70000-7f45eaf89000 r-xp 00000000 08:01 524389                     /lib/x86_64-linux-gnu/libz.so.1.2.8
7f45eaf89000-7f45eb188000 ---p 00019000 08:01 524389                     /lib/x86_64-linux-gnu/libz.so.1.2.8
7f45eb188000-7f45eb189000 r--p 00018000 08:01 524389                     /lib/x86_64-linux-gnu/libz.so.1.2.8
7f45eb189000-7f45eb18a000 rw-p 00019000 08:01 524389                     /lib/x86_64-linux-gnu/libz.so.1.2.8
7f45eb18a000-7f45eb34a000 r-xp 00000000 08:01 526504                     /lib/x86_64-linux-gnu/libc-2.23.so
7f45eb34a000-7f45eb54a000 ---p 001c0000 08:01 526504                     /lib/x86_64-linux-gnu/libc-2.23.so
7f45eb54a000-7f45eb54e000 r--p 001c0000 08:01 526504                     /lib/x86_64-linux-gnu/libc-2.23.so
7f45eb54e000-7f45eb550000 rw-p 001c4000 08:01 526504                     /lib/x86_64-linux-gnu/libc-2.23.so
7f45eb550000-7f45eb554000 rw-p 00000000 00:00 0 
7f45eb554000-7f45eb561000 r-xp 00000000 08:01 1339421                    /usr/lib/jvm/java-8-openjdk-amd64/jre/lib/amd64/jli/libjli.so
7f45eb561000-7f45eb760000 ---p 0000d000 08:01 1339421                    /usr/lib/jvm/java-8-openjdk-amd64/jre/lib/amd64/jli/libjli.so
7f45eb760000-7f45eb761000 r--p 0000c000 08:01 1339421                    /usr/lib/jvm/java-8-openjdk-amd64/jre/lib/amd64/jli/libjli.so
7f45eb761000-7f45eb762000 rw-p 0000d000 08:01 1339421                    /usr/lib/jvm/java-8-openjdk-amd64/jre/lib/amd64/jli/libjli.so
7f45eb762000-7f45eb788000 r-xp 00000000 08:01 526255                     /lib/x86_64-linux-gnu/ld-2.23.so
7f45eb788000-7f45eb789000 r--s 00000000 08:01 1730226                    /var/cache/fontconfig/0c9eb80ebd1c36541ebe2852d3bb0c49-le64.cache-6
7f45eb789000-7f45eb78d000 r--s 00000000 08:01 1712891                    /var/cache/fontconfig/7ef2298fde41cc6eeb7af42e48b7d293-le64.cache-6
7f45eb78d000-7f45eb78e000 r--s 00000000 08:01 1737369                    /var/cache/fontconfig/e0aa53bcfa504e64f87823c16bc01eb6-le64.cache-6
7f45eb78e000-7f45eb798000 r--s 00116000 08:01 1339396                    /usr/lib/jvm/java-8-openjdk-amd64/jre/lib/ext/localedata.jar
7f45eb798000-7f45eb864000 rw-p 00000000 00:00 0 
7f45eb864000-7f45eb867000 ---p 00000000 00:00 0 
7f45eb867000-7f45eb969000 rw-p 00000000 00:00 0 
7f45eb969000-7f45eb96c000 r--s 00022000 08:01 399896                     /home/user/contiki/tools/cooja/lib/jdom.jar
7f45eb96c000-7f45eb96d000 r--s 0000a000 08:01 1339390                    /usr/lib/jvm/java-8-openjdk-amd64/jre/lib/ext/jaccess.jar
7f45eb96d000-7f45eb96e000 r--s 00010000 08:01 1339395                    /usr/lib/jvm/java-8-openjdk-amd64/jre/lib/ext/zipfs.jar
7f45eb96e000-7f45eb971000 r--s 0000f000 08:01 1339388                    /usr/lib/jvm/java-8-openjdk-amd64/jre/lib/ext/icedtea-sound.jar
7f45eb971000-7f45eb973000 r--s 00001000 08:01 1339393                    /usr/lib/jvm/java-8-openjdk-amd64/jre/lib/ext/dnsns.jar
7f45eb973000-7f45eb974000 r--s 0000d000 08:01 1339387                    /usr/lib/jvm/java-8-openjdk-amd64/jre/lib/ext/sunec.jar
7f45eb974000-7f45eb979000 r--s 0003c000 08:01 1339394                    /usr/lib/jvm/java-8-openjdk-amd64/jre/lib/ext/sunjce_provider.jar
7f45eb979000-7f45eb97c000 r--s 00039000 08:01 1339391                    /usr/lib/jvm/java-8-openjdk-amd64/jre/lib/ext/sunpkcs11.jar
7f45eb97c000-7f45eb984000 rw-s 00000000 08:01 922932                     /tmp/hsperfdata_user/49033
7f45eb984000-7f45eb985000 rw-p 00000000 00:00 0 
7f45eb985000-7f45eb986000 ---p 00000000 00:00 0 
7f45eb986000-7f45eb987000 rw-p 00000000 00:00 0 
7f45eb987000-7f45eb988000 r--p 00025000 08:01 526255                     /lib/x86_64-linux-gnu/ld-2.23.so
7f45eb988000-7f45eb989000 rw-p 00026000 08:01 526255                     /lib/x86_64-linux-gnu/ld-2.23.so
7f45eb989000-7f45eb98a000 rw-p 00000000 00:00 0 
7ffc74385000-7ffc743a7000 rw-p 00000000 00:00 0                          [stack]
7ffc743d4000-7ffc743d6000 r--p 00000000 00:00 0                          [vvar]
7ffc743d6000-7ffc743d8000 r-xp 00000000 00:00 0                          [vdso]
ffffffffff600000-ffffffffff601000 r-xp 00000000 00:00 0                  [vsyscall]

VM Arguments:
jvm_args: -Xmx2048m 
java_command: org.contikios.cooja.Cooja
java_class_path (initial): /home/user/contiki/tools/cooja/build:/home/user/contiki/tools/cooja/lib/jdom.jar:/home/user/contiki/tools/cooja/lib/log4j.jar:/home/user/contiki/tools/cooja/lib/jsyntaxpane.jar:/home/user/contiki/tools/cooja/lib/swingx-all-1.6.4.jar
Launcher Type: SUN_STANDARD

Environment Variables:
JAVA_HOME=/usr/lib/jvm/java-8-openjdk-amd64
CLASSPATH=:/usr/src/tinyos/support/sdk/java/tinyos.jar
PATH=/usr/local/bin/gcf/src:/usr/local/bin/gcf/examples:/opt/msp430-47-expr/bin/:/home/user/bin:/home/user/.local/bin:/usr/local/sbin:/usr/local/bin:/usr/sbin:/usr/bin:/sbin:/bin:/usr/games:/usr/local/games:/snap/bin:/usr/lib/jvm/java-8-oracle/bin:/usr/lib/jvm/java-8-oracle/db/bin:/usr/lib/jvm/java-8-oracle/jre/bin
LD_LIBRARY_PATH=.
SHELL=/bin/bash
DISPLAY=:0

Signal Handlers:
SIGSEGV: [libjvm.so+0xa783e0], sa_mask[0]=11111111011111111101111111111110, sa_flags=SA_RESTART|SA_SIGINFO
SIGBUS: [libjvm.so+0xa783e0], sa_mask[0]=11111111011111111101111111111110, sa_flags=SA_RESTART|SA_SIGINFO
SIGFPE: [libjvm.so+0x8c0e10], sa_mask[0]=11111111011111111101111111111110, sa_flags=SA_RESTART|SA_SIGINFO
SIGPIPE: [libjvm.so+0x8c0e10], sa_mask[0]=11111111011111111101111111111110, sa_flags=SA_RESTART|SA_SIGINFO
SIGXFSZ: [libjvm.so+0x8c0e10], sa_mask[0]=11111111011111111101111111111110, sa_flags=SA_RESTART|SA_SIGINFO
SIGILL: [libjvm.so+0x8c0e10], sa_mask[0]=11111111011111111101111111111110, sa_flags=SA_RESTART|SA_SIGINFO
SIGUSR1: SIG_DFL, sa_mask[0]=00000000000000000000000000000000, sa_flags=none
SIGUSR2: [libjvm.so+0x8c0cc0], sa_mask[0]=00100000000000000000000000000000, sa_flags=SA_RESTART|SA_SIGINFO
SIGHUP: [libjvm.so+0x8c1350], sa_mask[0]=11111111011111111101111111111110, sa_flags=SA_RESTART|SA_SIGINFO
SIGINT: [libjvm.so+0x8c1350], sa_mask[0]=11111111011111111101111111111110, sa_flags=SA_RESTART|SA_SIGINFO
SIGTERM: [libjvm.so+0x8c1350], sa_mask[0]=11111111011111111101111111111110, sa_flags=SA_RESTART|SA_SIGINFO
SIGQUIT: [libjvm.so+0x8c1350], sa_mask[0]=11111111011111111101111111111110, sa_flags=SA_RESTART|SA_SIGINFO


---------------  S Y S T E M  ---------------

OS:DISTRIB_ID=Ubuntu
DISTRIB_RELEASE=16.04
DISTRIB_CODENAME=xenial
DISTRIB_DESCRIPTION="Ubuntu 16.04.6 LTS"

uname:Linux 4.4.0-170-generic #199-Ubuntu SMP Thu Nov 14 01:45:04 UTC 2019 x86_64
libc:glibc 2.23 NPTL 2.23 
rlimit: STACK 8192k, CORE 0k, NPROC 31693, NOFILE 1048576, AS infinity
load average:2.30 2.06 1.90

/proc/meminfo:
MemTotal:        8157268 kB
MemFree:          529940 kB
MemAvailable:     445244 kB
Buffers:            1256 kB
Cached:            90872 kB
SwapCached:            0 kB
Active:          5141712 kB
Inactive:        1895164 kB
Active(anon):    5115860 kB
Inactive(anon):  1862248 kB
Active(file):      25852 kB
Inactive(file):    32916 kB
Unevictable:         128 kB
Mlocked:             152 kB
SwapTotal:             0 kB
SwapFree:              0 kB
Dirty:               112 kB
Writeback:             0 kB
AnonPages:       6915084 kB
Mapped:            80688 kB
Shmem:             32800 kB
Slab:             126100 kB
SReclaimable:      45768 kB
SUnreclaim:        80332 kB
KernelStack:       14928 kB
PageTables:        51900 kB
NFS_Unstable:          0 kB
Bounce:                0 kB
WritebackTmp:          0 kB
CommitLimit:     4078632 kB
Committed_AS:   10952584 kB
VmallocTotal:   34359738367 kB
VmallocUsed:           0 kB
VmallocChunk:          0 kB
HardwareCorrupted:     0 kB
AnonHugePages:         0 kB
CmaTotal:              0 kB
CmaFree:               0 kB
HugePages_Total:       0
HugePages_Free:        0
HugePages_Rsvd:        0
HugePages_Surp:        0
Hugepagesize:       2048 kB
DirectMap4k:      255808 kB
DirectMap2M:     8132608 kB
DirectMap1G:     2097152 kB

container (cgroup) information:
container_type: cgroupv1
cpu_cpuset_cpus: 0-5
cpu_memory_nodes: 0
active_processor_count: 6
cpu_quota: -1
cpu_period: 100000
cpu_shares: -1
memory_limit_in_bytes: -1
memory_and_swap_limit_in_bytes: -2
memory_soft_limit_in_bytes: -1
memory_usage_in_bytes: 4944916480
memory_max_usage_in_bytes: 4957081600


CPU:total 6 (initial active 6) (6 cores per cpu, 1 threads per core) family 6 model 142 stepping 10, cmov, cx8, fxsr, mmx, sse, sse2, sse3, ssse3, sse4.1, sse4.2, popcnt, avx, avx2, aes, clmul, erms, 3dnowpref, lzcnt, tsc, tscinvbit, bmi1, bmi2, adx

/proc/cpuinfo:
processor	: 0
vendor_id	: GenuineIntel
cpu family	: 6
model		: 142
model name	: Intel(R) Core(TM) i7-8550U CPU @ 1.80GHz
stepping	: 10
microcode	: 0xb4
cpu MHz		: 1992.001
cache size	: 8192 KB
physical id	: 0
siblings	: 6
core id		: 0
cpu cores	: 6
apicid		: 0
initial apicid	: 0
fpu		: yes
fpu_exception	: yes
cpuid level	: 22
wp		: yes
flags		: fpu vme de pse tsc msr pae mce cx8 apic sep mtrr pge mca cmov pat pse36 clflush mmx fxsr sse sse2 ss ht syscall nx pdpe1gb rdtscp lm constant_tsc arch_perfmon nopl xtopology tsc_reliable nonstop_tsc pni pclmulqdq vmx ssse3 fma cx16 pcid sse4_1 sse4_2 x2apic movbe popcnt tsc_deadline_timer aes xsave avx f16c rdrand hypervisor lahf_lm abm 3dnowprefetch invpcid_single ssbd ibrs ibpb stibp kaiser tpr_shadow vnmi ept vpid fsgsbase tsc_adjust bmi1 avx2 smep bmi2 invpcid mpx rdseed adx smap clflushopt xsaveopt xsavec arat md_clear flush_l1d arch_capabilities
bugs		: cpu_meltdown spectre_v1 spectre_v2 spec_store_bypass l1tf mds swapgs itlb_multihit
bogomips	: 3984.00
clflush size	: 64
cache_alignment	: 64
address sizes	: 43 bits physical, 48 bits virtual
power management:

processor	: 1
vendor_id	: GenuineIntel
cpu family	: 6
model		: 142
model name	: Intel(R) Core(TM) i7-8550U CPU @ 1.80GHz
stepping	: 10
microcode	: 0xb4
cpu MHz		: 1992.001
cache size	: 8192 KB
physical id	: 0
siblings	: 6
core id		: 1
cpu cores	: 6
apicid		: 1
initial apicid	: 1
fpu		: yes
fpu_exception	: yes
cpuid level	: 22
wp		: yes
flags		: fpu vme de pse tsc msr pae mce cx8 apic sep mtrr pge mca cmov pat pse36 clflush mmx fxsr sse sse2 ss ht syscall nx pdpe1gb rdtscp lm constant_tsc arch_perfmon nopl xtopology tsc_reliable nonstop_tsc pni pclmulqdq vmx ssse3 fma cx16 pcid sse4_1 sse4_2 x2apic movbe popcnt tsc_deadline_timer aes xsave avx f16c rdrand hypervisor lahf_lm abm 3dnowprefetch invpcid_single ssbd ibrs ibpb stibp kaiser tpr_shadow vnmi ept vpid fsgsbase tsc_adjust bmi1 avx2 smep bmi2 invpcid mpx rdseed adx smap clflushopt xsaveopt xsavec arat md_clear flush_l1d arch_capabilities
bugs		: cpu_meltdown spectre_v1 spectre_v2 spec_store_bypass l1tf mds swapgs itlb_multihit
bogomips	: 3984.00
clflush size	: 64
cache_alignment	: 64
address sizes	: 43 bits physical, 48 bits virtual
power management:

processor	: 2
vendor_id	: GenuineIntel
cpu family	: 6
model		: 142
model name	: Intel(R) Core(TM) i7-8550U CPU @ 1.80GHz
stepping	: 10
microcode	: 0xb4
cpu MHz		: 1992.001
cache size	: 8192 KB
physical id	: 0
siblings	: 6
core id		: 2
cpu cores	: 6
apicid		: 2
initial apicid	: 2
fpu		: yes
fpu_exception	: yes
cpuid level	: 22
wp		: yes
flags		: fpu vme de pse tsc msr pae mce cx8 apic sep mtrr pge mca cmov pat pse36 clflush mmx fxsr sse sse2 ss ht syscall nx pdpe1gb rdtscp lm constant_tsc arch_perfmon nopl xtopology tsc_reliable nonstop_tsc pni pclmulqdq vmx ssse3 fma cx16 pcid sse4_1 sse4_2 x2apic movbe popcnt tsc_deadline_timer aes xsave avx f16c rdrand hypervisor lahf_lm abm 3dnowprefetch invpcid_single ssbd ibrs ibpb stibp kaiser tpr_shadow vnmi ept vpid fsgsbase tsc_adjust bmi1 avx2 smep bmi2 invpcid mpx rdseed adx smap clflushopt xsaveopt xsavec arat md_clear flush_l1d arch_capabilities
bugs		: cpu_meltdown spectre_v1 spectre_v2 spec_store_bypass l1tf mds swapgs itlb_multihit
bogomips	: 3984.00
clflush size	: 64
cache_alignment	: 64
address sizes	: 43 bits physical, 48 bits virtual
power management:

processor	: 3
vendor_id	: GenuineIntel
cpu family	: 6
model		: 142
model name	: Intel(R) Core(TM) i7-8550U CPU @ 1.80GHz
stepping	: 10
microcode	: 0xb4
cpu MHz		: 1992.001
cache size	: 8192 KB
physical id	: 0
siblings	: 6
core id		: 3
cpu cores	: 6
apicid		: 3
initial apicid	: 3
fpu		: yes
fpu_exception	: yes
cpuid level	: 22
wp		: yes
flags		: fpu vme de pse tsc msr pae mce cx8 apic sep mtrr pge mca cmov pat pse36 clflush mmx fxsr sse sse2 ss ht syscall nx pdpe1gb rdtscp lm constant_tsc arch_perfmon nopl xtopology tsc_reliable nonstop_tsc pni pclmulqdq vmx ssse3 fma cx16 pcid sse4_1 sse4_2 x2apic movbe popcnt tsc_deadline_timer aes xsave avx f16c rdrand hypervisor lahf_lm abm 3dnowprefetch invpcid_single ssbd ibrs ibpb stibp kaiser tpr_shadow vnmi ept vpid fsgsbase tsc_adjust bmi1 avx2 smep bmi2 invpcid mpx rdseed adx smap clflushopt xsaveopt xsavec arat md_clear flush_l1d arch_capabilities
bugs		: cpu_meltdown spectre_v1 spectre_v2 spec_store_bypass l1tf mds swapgs itlb_multihit
bogomips	: 3984.00
clflush size	: 64
cache_alignment	: 64
address sizes	: 43 bits physical, 48 bits virtual
power management:

processor	: 4
vendor_id	: GenuineIntel
cpu family	: 6
model		: 142
model name	: Intel(R) Core(TM) i7-8550U CPU @ 1.80GHz
stepping	: 10
microcode	: 0xb4
cpu MHz		: 1992.001
cache size	: 8192 KB
physical id	: 0
siblings	: 6
core id		: 4
cpu cores	: 6
apicid		: 4
initial apicid	: 4
fpu		: yes
fpu_exception	: yes
cpuid level	: 22
wp		: yes
flags		: fpu vme de pse tsc msr pae mce cx8 apic sep mtrr pge mca cmov pat pse36 clflush mmx fxsr sse sse2 ss ht syscall nx pdpe1gb rdtscp lm constant_tsc arch_perfmon nopl xtopology tsc_reliable nonstop_tsc pni pclmulqdq vmx ssse3 fma cx16 pcid sse4_1 sse4_2 x2apic movbe popcnt tsc_deadline_timer aes xsave avx f16c rdrand hypervisor lahf_lm abm 3dnowprefetch invpcid_single ssbd ibrs ibpb stibp kaiser tpr_shadow vnmi ept vpid fsgsbase tsc_adjust bmi1 avx2 smep bmi2 invpcid mpx rdseed adx smap clflushopt xsaveopt xsavec arat md_clear flush_l1d arch_capabilities
bugs		: cpu_meltdown spectre_v1 spectre_v2 spec_store_bypass l1tf mds swapgs itlb_multihit
bogomips	: 3984.00
clflush size	: 64
cache_alignment	: 64
address sizes	: 43 bits physical, 48 bits virtual
power management:

processor	: 5
vendor_id	: GenuineIntel
cpu family	: 6
model		: 142
model name	: Intel(R) Core(TM) i7-8550U CPU @ 1.80GHz
stepping	: 10
microcode	: 0xb4
cpu MHz		: 1992.001
cache size	: 8192 KB
physical id	: 0
siblings	: 6
core id		: 5
cpu cores	: 6
apicid		: 5
initial apicid	: 5
fpu		: yes
fpu_exception	: yes
cpuid level	: 22
wp		: yes
flags		: fpu vme de pse tsc msr pae mce cx8 apic sep mtrr pge mca cmov pat pse36 clflush mmx fxsr sse sse2 ss ht syscall nx pdpe1gb rdtscp lm constant_tsc arch_perfmon nopl xtopology tsc_reliable nonstop_tsc pni pclmulqdq vmx ssse3 fma cx16 pcid sse4_1 sse4_2 x2apic movbe popcnt tsc_deadline_timer aes xsave avx f16c rdrand hypervisor lahf_lm abm 3dnowprefetch invpcid_single ssbd ibrs ibpb stibp kaiser tpr_shadow vnmi ept vpid fsgsbase tsc_adjust bmi1 avx2 smep bmi2 invpcid mpx rdseed adx smap clflushopt xsaveopt xsavec arat md_clear flush_l1d arch_capabilities
bugs		: cpu_meltdown spectre_v1 spectre_v2 spec_store_bypass l1tf mds swapgs itlb_multihit
bogomips	: 3984.00
clflush size	: 64
cache_alignment	: 64
address sizes	: 43 bits physical, 48 bits virtual
power management:



Memory: 4k page, physical 8157268k(566660k free), swap 0k(0k free)

vm_info: OpenJDK 64-Bit Server VM (25.222-b10) for linux-amd64 JRE (1.8.0_222-8u222-b10-1ubuntu1~16.04.1-b10), built on Jul 18 2019 20:25:18 by "buildd" with gcc 5.4.0 20160609

time: Tue Dec 10 11:31:11 2019
timezone: +03
elapsed time: 10260 seconds (0d 2h 51m 0s)

