#
# There is insufficient memory for the Java Runtime Environment to continue.
# Native memory allocation (mmap) failed to map 7340032 bytes for committing reserved memory.
# Possible reasons:
#   The system is out of physical RAM or swap space
#   The process is running with CompressedOops enabled, and the Java Heap may be blocking the growth of the native heap
# Possible solutions:
#   Reduce memory load on the system
#   Increase physical memory or swap space
#   Check if swap backing store is full
#   Decrease Java heap size (-Xmx/-Xms)
#   Decrease number of Java threads
#   Decrease Java thread stack sizes (-Xss)
#   Set larger code cache with -XX:ReservedCodeCacheSize=
#   JVM is running with Unscaled Compressed Oops mode in which the Java heap is
#     placed in the first 4GB address space. The Java Heap base address is the
#     maximum limit for the native heap growth. Please use -XX:HeapBaseMinAddress
#     to set the Java Heap base and to place the Java Heap above 4GB virtual address.
# This output file may be truncated or incomplete.
#
#  Out of Memory Error (os_linux.cpp:2757), pid=3559, tid=0x00007fadc86f6700
#
# JRE version: OpenJDK Runtime Environment (8.0_222-b10) (build 1.8.0_222-8u222-b10-1ubuntu1~16.04.1-b10)
# Java VM: OpenJDK 64-Bit Server VM (25.222-b10 mixed mode linux-amd64 compressed oops)
# Failed to write core dump. Core dumps have been disabled. To enable core dumping, try "ulimit -c unlimited" before starting Java again
#

---------------  T H R E A D  ---------------

Current thread (0x00007fadd807c800):  VMThread [stack: 0x00007fadc85f6000,0x00007fadc86f7000] [id=3571]

Stack: [0x00007fadc85f6000,0x00007fadc86f7000],  sp=0x00007fadc86f54e0,  free space=1021k
Native frames: (J=compiled Java code, j=interpreted, Vv=VM code, C=native code)
V  [libjvm.so+0xa7787b]
V  [libjvm.so+0x4caa8c]
V  [libjvm.so+0x8c5da8]
V  [libjvm.so+0x8bd3ee]
V  [libjvm.so+0x93b476]
V  [libjvm.so+0x93c7a3]
V  [libjvm.so+0x938e84]
V  [libjvm.so+0x93911c]
V  [libjvm.so+0x8eaa73]
V  [libjvm.so+0xa79532]
V  [libjvm.so+0xa7e587]
V  [libjvm.so+0xa7bde7]
V  [libjvm.so+0xa7d0cf]
V  [libjvm.so+0xa7d5f2]
V  [libjvm.so+0x8c3102]

VM_Operation (0x00007fadb0ca2290): ParallelGCFailedAllocation, mode: safepoint, requested by thread 0x00007fadd83ea800


---------------  P R O C E S S  ---------------

Java Threads: ( => current thread )
  0x00007fad640cb800 JavaThread "Thread-13" [_thread_blocked, id=4482, stack(0x00007fadb0168000,0x00007fadb0269000)]
  0x00007fad640ca800 JavaThread "Thread-12" [_thread_in_native, id=4479, stack(0x00007fadb0067000,0x00007fadb0168000)]
  0x00007fad6c045800 JavaThread "TimerQueue" daemon [_thread_blocked, id=3584, stack(0x00007fadb08a4000,0x00007fadb09a5000)]
  0x00007fadd800a800 JavaThread "DestroyJavaVM" [_thread_blocked, id=3561, stack(0x00007fade21c0000,0x00007fade22c1000)]
  0x00007fadd83ea800 JavaThread "AWT-EventQueue-0" [_thread_blocked, id=3583, stack(0x00007fadb0ba5000,0x00007fadb0ca6000)]
  0x00007fadd83e0800 JavaThread "AWT-Shutdown" [_thread_blocked, id=3582, stack(0x00007fadb0ca6000,0x00007fadb0da7000)]
  0x00007fadd8367800 JavaThread "AWT-XAWT" daemon [_thread_blocked, id=3581, stack(0x00007fadb14c3000,0x00007fadb15c4000)]
  0x00007fadd834a000 JavaThread "Java2D Disposer" daemon [_thread_blocked, id=3580, stack(0x00007fadb19d4000,0x00007fadb1ad5000)]
  0x00007fadd80cc000 JavaThread "Service Thread" daemon [_thread_blocked, id=3578, stack(0x00007fadb3bfc000,0x00007fadb3cfd000)]
  0x00007fadd80c1000 JavaThread "C1 CompilerThread2" daemon [_thread_blocked, id=3577, stack(0x00007fadb3cfd000,0x00007fadb3dfe000)]
  0x00007fadd80bf000 JavaThread "C2 CompilerThread1" daemon [_thread_blocked, id=3576, stack(0x00007fadb3dfe000,0x00007fadb3eff000)]
  0x00007fadd80bc800 JavaThread "C2 CompilerThread0" daemon [_thread_blocked, id=3575, stack(0x00007fadb3eff000,0x00007fadb4000000)]
  0x00007fadd80bb000 JavaThread "Signal Dispatcher" daemon [_thread_blocked, id=3574, stack(0x00007fadc801b000,0x00007fadc811c000)]
  0x00007fadd8088800 JavaThread "Finalizer" daemon [_thread_blocked, id=3573, stack(0x00007fadc83f4000,0x00007fadc84f5000)]
  0x00007fadd8086000 JavaThread "Reference Handler" daemon [_thread_blocked, id=3572, stack(0x00007fadc84f5000,0x00007fadc85f6000)]

Other Threads:
=>0x00007fadd807c800 VMThread [stack: 0x00007fadc85f6000,0x00007fadc86f7000] [id=3571]
  0x00007fadd80ce800 WatcherThread [stack: 0x00007fadb3afb000,0x00007fadb3bfc000] [id=3579]

VM state:at safepoint (normal execution)

VM Mutex/Monitor currently owned by a thread:  ([mutex/lock_event])
[0x00007fadd80070d0] Threads_lock - owner thread: 0x00007fadd807c800
[0x00007fadd80075d0] Heap_lock - owner thread: 0x00007fadd83ea800

heap address: 0x0000000080000000, size: 2048 MB, Compressed Oops mode: 32-bit
Narrow klass base: 0x0000000000000000, Narrow klass shift: 3
Compressed class space size: 1073741824 Address: 0x0000000100000000

Heap:
 PSYoungGen      total 223744K, used 1536K [0x00000000d5580000, 0x00000000e3200000, 0x0000000100000000)
  eden space 222208K, 0% used [0x00000000d5580000,0x00000000d5580000,0x00000000e2e80000)
  from space 1536K, 100% used [0x00000000e2e80000,0x00000000e3000000,0x00000000e3000000)
  to   space 1536K, 0% used [0x00000000e3000000,0x00000000e3000000,0x00000000e3180000)
 ParOldGen       total 251392K, used 143175K [0x0000000080000000, 0x000000008f580000, 0x00000000d5580000)
  object space 251392K, 56% used [0x0000000080000000,0x0000000088bd1f78,0x000000008f580000)
 Metaspace       used 26956K, capacity 27252K, committed 27776K, reserved 1073152K
  class space    used 3256K, capacity 3345K, committed 3456K, reserved 1048576K

Card table byte_map: [0x00007fadde46c000,0x00007fadde86d000] byte_map_base: 0x00007fadde06c000

Marking Bits: (ParMarkBitMap*) 0x00007fade148e540
 Begin Bits: [0x00007fadb8000000, 0x00007fadba000000)
 End Bits:   [0x00007fadba000000, 0x00007fadbc000000)

Polling page: 0x00007fade22e1000

CodeCache: size=245760Kb used=18455Kb max_used=18474Kb free=227304Kb
 bounds [0x00007fadc9000000, 0x00007fadca250000, 0x00007fadd8000000]
 total_blobs=5997 nmethods=5345 adapters=562
 compilation: enabled

Compilation events (10 events):
Event: 1704.980 Thread 0x00007fadd80bf000 7220       4       java.util.Formatter$FormatSpecifier::print (463 bytes)
Event: 1705.040 Thread 0x00007fadd80bf000 nmethod 7220 0x00007fadca16d410 code [0x00007fadca16d680, 0x00007fadca16ec68]
Event: 1708.964 Thread 0x00007fadd80bc800 7221  s!   4       org.contikios.cooja.dialogs.UpdateAggregator::add (50 bytes)
Event: 1709.005 Thread 0x00007fadd80bc800 nmethod 7221 0x00007fadc9a47f50 code [0x00007fadc9a480c0, 0x00007fadc9a486d8]
Event: 1717.262 Thread 0x00007fadd80bf000 7222       4       javax.swing.JTable$5::setSizeAt (12 bytes)
Event: 1719.910 Thread 0x00007fadd80bf000 nmethod 7222 0x00007fadc9797050 code [0x00007fadc9797200, 0x00007fadc9797798]
Event: 1772.886 Thread 0x00007fadd80bf000 7223   !   4       java.awt.Component::resize (39 bytes)
Event: 1773.945 Thread 0x00007fadd80bf000 nmethod 7223 0x00007fadc9788010 code [0x00007fadc9788180, 0x00007fadc97884d8]
Event: 1785.518 Thread 0x00007fadd80bc800 7224       4       org.contikios.cooja.plugins.LogListener::getFormattedTime (146 bytes)
Event: 1820.023 Thread 0x00007fadd80bc800 nmethod 7224 0x00007fadca245010 code [0x00007fadca245380, 0x00007fadca2472b0]

GC Heap History (10 events):
Event: 1719.667 GC heap after
Heap after GC invocations=1373 (full 5):
 PSYoungGen      total 212992K, used 558K [0x00000000d5580000, 0x00000000e2700000, 0x0000000100000000)
  eden space 211968K, 0% used [0x00000000d5580000,0x00000000d5580000,0x00000000e2480000)
  from space 1024K, 54% used [0x00000000e2580000,0x00000000e260baf0,0x00000000e2680000)
  to   space 1024K, 0% used [0x00000000e2480000,0x00000000e2480000,0x00000000e2580000)
 ParOldGen       total 251392K, used 142095K [0x0000000080000000, 0x000000008f580000, 0x00000000d5580000)
  object space 251392K, 56% used [0x0000000080000000,0x0000000088ac3e78,0x000000008f580000)
 Metaspace       used 26956K, capacity 27252K, committed 27776K, reserved 1073152K
  class space    used 3256K, capacity 3345K, committed 3456K, reserved 1048576K
}
Event: 1730.776 GC heap before
{Heap before GC invocations=1374 (full 5):
 PSYoungGen      total 212992K, used 212526K [0x00000000d5580000, 0x00000000e2700000, 0x0000000100000000)
  eden space 211968K, 100% used [0x00000000d5580000,0x00000000e2480000,0x00000000e2480000)
  from space 1024K, 54% used [0x00000000e2580000,0x00000000e260baf0,0x00000000e2680000)
  to   space 1024K, 0% used [0x00000000e2480000,0x00000000e2480000,0x00000000e2580000)
 ParOldGen       total 251392K, used 142095K [0x0000000080000000, 0x000000008f580000, 0x00000000d5580000)
  object space 251392K, 56% used [0x0000000080000000,0x0000000088ac3e78,0x000000008f580000)
 Metaspace       used 26956K, capacity 27252K, committed 27776K, reserved 1073152K
  class space    used 3256K, capacity 3345K, committed 3456K, reserved 1048576K
Event: 1730.895 GC heap after
Heap after GC invocations=1374 (full 5):
 PSYoungGen      total 212992K, used 690K [0x00000000d5580000, 0x00000000e2c00000, 0x0000000100000000)
  eden space 211968K, 0% used [0x00000000d5580000,0x00000000d5580000,0x00000000e2480000)
  from space 1024K, 67% used [0x00000000e2480000,0x00000000e252c970,0x00000000e2580000)
  to   space 1024K, 0% used [0x00000000e2b00000,0x00000000e2b00000,0x00000000e2c00000)
 ParOldGen       total 251392K, used 142127K [0x0000000080000000, 0x000000008f580000, 0x00000000d5580000)
  object space 251392K, 56% used [0x0000000080000000,0x0000000088acbe78,0x000000008f580000)
 Metaspace       used 26956K, capacity 27252K, committed 27776K, reserved 1073152K
  class space    used 3256K, capacity 3345K, committed 3456K, reserved 1048576K
}
Event: 1765.044 GC heap before
{Heap before GC invocations=1375 (full 5):
 PSYoungGen      total 212992K, used 212658K [0x00000000d5580000, 0x00000000e2c00000, 0x0000000100000000)
  eden space 211968K, 100% used [0x00000000d5580000,0x00000000e2480000,0x00000000e2480000)
  from space 1024K, 67% used [0x00000000e2480000,0x00000000e252c970,0x00000000e2580000)
  to   space 1024K, 0% used [0x00000000e2b00000,0x00000000e2b00000,0x00000000e2c00000)
 ParOldGen       total 251392K, used 142127K [0x0000000080000000, 0x000000008f580000, 0x00000000d5580000)
  object space 251392K, 56% used [0x0000000080000000,0x0000000088acbe78,0x000000008f580000)
 Metaspace       used 26956K, capacity 27252K, committed 27776K, reserved 1073152K
  class space    used 3256K, capacity 3345K, committed 3456K, reserved 1048576K
Event: 1765.053 GC heap after
Heap after GC invocations=1375 (full 5):
 PSYoungGen      total 217600K, used 1000K [0x00000000d5580000, 0x00000000e2c00000, 0x0000000100000000)
  eden space 216576K, 0% used [0x00000000d5580000,0x00000000d5580000,0x00000000e2900000)
  from space 1024K, 97% used [0x00000000e2b00000,0x00000000e2bfa2b0,0x00000000e2c00000)
  to   space 1024K, 0% used [0x00000000e2a00000,0x00000000e2a00000,0x00000000e2b00000)
 ParOldGen       total 251392K, used 142270K [0x0000000080000000, 0x000000008f580000, 0x00000000d5580000)
  object space 251392K, 56% used [0x0000000080000000,0x0000000088aefa20,0x000000008f580000)
 Metaspace       used 26956K, capacity 27252K, committed 27776K, reserved 1073152K
  class space    used 3256K, capacity 3345K, committed 3456K, reserved 1048576K
}
Event: 1768.556 GC heap before
{Heap before GC invocations=1376 (full 5):
 PSYoungGen      total 217600K, used 217576K [0x00000000d5580000, 0x00000000e2c00000, 0x0000000100000000)
  eden space 216576K, 100% used [0x00000000d5580000,0x00000000e2900000,0x00000000e2900000)
  from space 1024K, 97% used [0x00000000e2b00000,0x00000000e2bfa2b0,0x00000000e2c00000)
  to   space 1024K, 0% used [0x00000000e2a00000,0x00000000e2a00000,0x00000000e2b00000)
 ParOldGen       total 251392K, used 142270K [0x0000000080000000, 0x000000008f580000, 0x00000000d5580000)
  object space 251392K, 56% used [0x0000000080000000,0x0000000088aefa20,0x000000008f580000)
 Metaspace       used 26956K, capacity 27252K, committed 27776K, reserved 1073152K
  class space    used 3256K, capacity 3345K, committed 3456K, reserved 1048576K
Event: 1768.622 GC heap after
Heap after GC invocations=1376 (full 5):
 PSYoungGen      total 218624K, used 950K [0x00000000d5580000, 0x00000000e3180000, 0x0000000100000000)
  eden space 217600K, 0% used [0x00000000d5580000,0x00000000d5580000,0x00000000e2a00000)
  from space 1024K, 92% used [0x00000000e2a00000,0x00000000e2aed9d8,0x00000000e2b00000)
  to   space 1536K, 0% used [0x00000000e3000000,0x00000000e3000000,0x00000000e3180000)
 ParOldGen       total 251392K, used 142400K [0x0000000080000000, 0x000000008f580000, 0x00000000d5580000)
  object space 251392K, 56% used [0x0000000080000000,0x0000000088b10390,0x000000008f580000)
 Metaspace       used 26956K, capacity 27252K, committed 27776K, reserved 1073152K
  class space    used 3256K, capacity 3345K, committed 3456K, reserved 1048576K
}
Event: 1782.265 GC heap before
{Heap before GC invocations=1377 (full 5):
 PSYoungGen      total 218624K, used 218550K [0x00000000d5580000, 0x00000000e3180000, 0x0000000100000000)
  eden space 217600K, 100% used [0x00000000d5580000,0x00000000e2a00000,0x00000000e2a00000)
  from space 1024K, 92% used [0x00000000e2a00000,0x00000000e2aed9d8,0x00000000e2b00000)
  to   space 1536K, 0% used [0x00000000e3000000,0x00000000e3000000,0x00000000e3180000)
 ParOldGen       total 251392K, used 142751K [0x0000000080000000, 0x000000008f580000, 0x00000000d5580000)
  object space 251392K, 56% used [0x0000000080000000,0x0000000088b67db8,0x000000008f580000)
 Metaspace       used 26956K, capacity 27252K, committed 27776K, reserved 1073152K
  class space    used 3256K, capacity 3345K, committed 3456K, reserved 1048576K
Event: 1782.345 GC heap after
Heap after GC invocations=1377 (full 5):
 PSYoungGen      total 223744K, used 1150K [0x00000000d5580000, 0x00000000e3200000, 0x0000000100000000)
  eden space 222208K, 0% used [0x00000000d5580000,0x00000000d5580000,0x00000000e2e80000)
  from space 1536K, 74% used [0x00000000e3000000,0x00000000e311fa40,0x00000000e3180000)
  to   space 1536K, 0% used [0x00000000e2e80000,0x00000000e2e80000,0x00000000e3000000)
 ParOldGen       total 251392K, used 142751K [0x0000000080000000, 0x000000008f580000, 0x00000000d5580000)
  object space 251392K, 56% used [0x0000000080000000,0x0000000088b67db8,0x000000008f580000)
 Metaspace       used 26956K, capacity 27252K, committed 27776K, reserved 1073152K
  class space    used 3256K, capacity 3345K, committed 3456K, reserved 1048576K
}
Event: 1826.627 GC heap before
{Heap before GC invocations=1378 (full 5):
 PSYoungGen      total 223744K, used 223358K [0x00000000d5580000, 0x00000000e3200000, 0x0000000100000000)
  eden space 222208K, 100% used [0x00000000d5580000,0x00000000e2e80000,0x00000000e2e80000)
  from space 1536K, 74% used [0x00000000e3000000,0x00000000e311fa40,0x00000000e3180000)
  to   space 1536K, 0% used [0x00000000e2e80000,0x00000000e2e80000,0x00000000e3000000)
 ParOldGen       total 251392K, used 142751K [0x0000000080000000, 0x000000008f580000, 0x00000000d5580000)
  object space 251392K, 56% used [0x0000000080000000,0x0000000088b67db8,0x000000008f580000)
 Metaspace       used 26956K, capacity 27252K, committed 27776K, reserved 1073152K
  class space    used 3256K, capacity 3345K, committed 3456K, reserved 1048576K

Deoptimization events (10 events):
Event: 1162.999 Thread 0x00007fadd83ea800 Uncommon trap: reason=unstable_if action=reinterpret pc=0x00007fadc9a3d9a4 method=sun.font.FontStrikeDesc.hashCode()I @ 4
Event: 1163.003 Thread 0x00007fadd83ea800 Uncommon trap: reason=unstable_if action=reinterpret pc=0x00007fadc9d233d0 method=sun.java2d.SunGraphics2D.checkFontInfo(Lsun/java2d/loops/FontInfo;Ljava/awt/Font;Ljava/awt/font/FontRenderContext;)Lsun/java2d/loops/FontInfo; @ 403
Event: 1163.005 Thread 0x00007fadd83ea800 Uncommon trap: reason=unstable_if action=reinterpret pc=0x00007fadc9b961bc method=javax.swing.plaf.nimbus.ImageScalingHelper.paint(Ljava/awt/Graphics;IIIILjava/awt/Image;Ljava/awt/Insets;Ljava/awt/Insets;Ljavax/swing/plaf/nimbus/ImageScalingHelper$PaintTy
Event: 1163.024 Thread 0x00007fadd83ea800 Uncommon trap: reason=unstable_if action=reinterpret pc=0x00007fadca114c24 method=java.awt.Rectangle.isEmpty()Z @ 11
Event: 1163.480 Thread 0x00007fad6c2b1800 Uncommon trap: reason=null_check action=make_not_entrant pc=0x00007fadc9fc00dc method=javax.swing.plaf.nimbus.NimbusStyle.isOpaque(Ljavax/swing/plaf/synth/SynthContext;)Z @ 9
Event: 1672.352 Thread 0x00007fad640cb800 Uncommon trap: reason=unstable_if action=reinterpret pc=0x00007fadc9cf0a10 method=se.sics.mspsim.chip.CC2420.receivedByte(B)V @ 456
Event: 1693.316 Thread 0x00007fad640cb800 Uncommon trap: reason=unstable_if action=reinterpret pc=0x00007fadc9fc1c44 method=org.contikios.cooja.plugins.LogListener.registerNewLogOutput(Lorg/contikios/cooja/SimEventCentral$LogOutputEvent;)V @ 15
Event: 1693.376 Thread 0x00007fadd83ea800 Uncommon trap: reason=unstable_if action=reinterpret pc=0x00007fadc9aaaf78 method=java.util.Formatter$FormatSpecifier.adjustWidth(ILjava/util/Formatter$Flags;Z)I @ 6
Event: 1693.376 Thread 0x00007fadd83ea800 Uncommon trap: reason=unstable_if action=reinterpret pc=0x00007fadc97675c8 method=java.util.Formatter$FormatSpecifier.localizedMagnitude(Ljava/lang/StringBuilder;[CLjava/util/Formatter$Flags;ILjava/util/Locale;)Ljava/lang/StringBuilder; @ 284
Event: 1693.416 Thread 0x00007fadd83ea800 Uncommon trap: reason=unstable_if action=reinterpret pc=0x00007fadc9276d30 method=org.contikios.cooja.plugins.LogListener.getFormattedTime(J)Ljava/lang/String; @ 66

Classes redefined (0 events):
No events

Internal exceptions (10 events):
Event: 854.970 Thread 0x00007fad6c1a5800 Implicit null exception at 0x00007fadc96ca8b6 to 0x00007fadc96cade9
Event: 854.971 Thread 0x00007fad6c1a5800 Implicit null exception at 0x00007fadc94c1ea6 to 0x00007fadc94c2131
Event: 855.030 Thread 0x00007fad6c1a5800 Implicit null exception at 0x00007fadc98b841b to 0x00007fadc98b89d9
Event: 855.311 Thread 0x00007fad6c1a5800 Implicit null exception at 0x00007fadc9e79954 to 0x00007fadc9e79975
Event: 856.915 Thread 0x00007fad6c1a5800 Implicit null exception at 0x00007fadc92a2a90 to 0x00007fadc92a2aa0
Event: 857.712 Thread 0x00007fadd83ea800 Implicit null exception at 0x00007fadc9bf1a83 to 0x00007fadc9bf35c9
Event: 857.712 Thread 0x00007fadd83ea800 Implicit null exception at 0x00007fadc9caffda to 0x00007fadc9cb0589
Event: 969.108 Thread 0x00007fad5c005000 Exception <a 'java/net/SocketException': Socket closed> (0x00000000d7bcbe08) thrown at [/build/openjdk-8-g3XteX/openjdk-8-8u222-b10/src/hotspot/src/share/vm/prims/jni.cpp, line 737]
Event: 1162.646 Thread 0x00007fadd83ea800 Exception <a 'java/lang/UnsupportedOperationException': > (0x00000000d6fa0898) thrown at [/build/openjdk-8-g3XteX/openjdk-8-8u222-b10/src/hotspot/src/share/vm/prims/jni.cpp, line 737]
Event: 1163.480 Thread 0x00007fad6c2b1800 Implicit null exception at 0x00007fadc9fbecff to 0x00007fadc9fc00d1

Events (10 events):
Event: 1765.054 Executing VM operation: ParallelGCFailedAllocation done
Event: 1768.530 Executing VM operation: ParallelGCFailedAllocation
Event: 1768.645 Executing VM operation: ParallelGCFailedAllocation done
Event: 1781.994 Executing VM operation: ParallelGCFailedAllocation
Event: 1782.059 Executing VM operation: ParallelGCFailedAllocation done
Event: 1782.070 Executing VM operation: ParallelGCFailedAllocation
Event: 1782.115 Executing VM operation: ParallelGCFailedAllocation done
Event: 1782.230 Executing VM operation: ParallelGCSystemGC
Event: 1782.393 Executing VM operation: ParallelGCSystemGC done
Event: 1826.582 Executing VM operation: ParallelGCFailedAllocation


Dynamic libraries:
00400000-00401000 r-xp 00000000 08:01 1314311                            /usr/lib/jvm/java-8-openjdk-amd64/jre/bin/java
00600000-00601000 r--p 00000000 08:01 1314311                            /usr/lib/jvm/java-8-openjdk-amd64/jre/bin/java
00601000-00602000 rw-p 00001000 08:01 1314311                            /usr/lib/jvm/java-8-openjdk-amd64/jre/bin/java
0164e000-0166f000 rw-p 00000000 00:00 0                                  [heap]
80000000-8f580000 rw-p 00000000 00:00 0 
8f580000-d5580000 ---p 00000000 00:00 0 
d5580000-e3200000 rw-p 00000000 00:00 0 
e3900000-100000000 ---p 00000000 00:00 0 
100000000-100360000 rw-p 00000000 00:00 0 
100360000-140000000 ---p 00000000 00:00 0 
7fad54000000-7fad54021000 rw-p 00000000 00:00 0 
7fad54021000-7fad58000000 ---p 00000000 00:00 0 
7fad5c000000-7fad5c0ba000 rw-p 00000000 00:00 0 
7fad5c0ba000-7fad60000000 ---p 00000000 00:00 0 
7fad60000000-7fad60021000 rw-p 00000000 00:00 0 
7fad60021000-7fad64000000 ---p 00000000 00:00 0 
7fad64000000-7fad6412c000 rw-p 00000000 00:00 0 
7fad6412c000-7fad68000000 ---p 00000000 00:00 0 
7fad68000000-7fad68021000 rw-p 00000000 00:00 0 
7fad68021000-7fad6c000000 ---p 00000000 00:00 0 
7fad6c000000-7fad6c2ba000 rw-p 00000000 00:00 0 
7fad6c2ba000-7fad70000000 ---p 00000000 00:00 0 
7fad70000000-7fad70021000 rw-p 00000000 00:00 0 
7fad70021000-7fad74000000 ---p 00000000 00:00 0 
7fad74000000-7fad74021000 rw-p 00000000 00:00 0 
7fad74021000-7fad78000000 ---p 00000000 00:00 0 
7fad789ff000-7fad78bbf000 rw-p 00000000 00:00 0 
7fad78bbf000-7fad78bff000 ---p 00000000 00:00 0 
7fad78bff000-7fad78dff000 rw-p 00000000 00:00 0 
7fad78dff000-7fad78fff000 rw-p 00000000 00:00 0 
7fad78fff000-7fad7c000000 rw-p 00000000 00:00 0 
7fad7c000000-7fad7c021000 rw-p 00000000 00:00 0 
7fad7c021000-7fad80000000 ---p 00000000 00:00 0 
7fad80000000-7fad80021000 rw-p 00000000 00:00 0 
7fad80021000-7fad84000000 ---p 00000000 00:00 0 
7fad84000000-7fad84021000 rw-p 00000000 00:00 0 
7fad84021000-7fad88000000 ---p 00000000 00:00 0 
7fad88000000-7fad88021000 rw-p 00000000 00:00 0 
7fad88021000-7fad8c000000 ---p 00000000 00:00 0 
7fad8c000000-7fad8d875000 rw-p 00000000 00:00 0 
7fad8d875000-7fad90000000 ---p 00000000 00:00 0 
7fad90000000-7fad90ae1000 rw-p 00000000 00:00 0 
7fad90ae1000-7fad94000000 ---p 00000000 00:00 0 
7fad94000000-7fad94021000 rw-p 00000000 00:00 0 
7fad94021000-7fad98000000 ---p 00000000 00:00 0 
7fad98000000-7fad9a621000 rw-p 00000000 00:00 0 
7fad9a621000-7fad9c000000 ---p 00000000 00:00 0 
7fad9c000000-7fad9c021000 rw-p 00000000 00:00 0 
7fad9c021000-7fada0000000 ---p 00000000 00:00 0 
7fada0000000-7fada0021000 rw-p 00000000 00:00 0 
7fada0021000-7fada4000000 ---p 00000000 00:00 0 
7fada4000000-7fada4021000 rw-p 00000000 00:00 0 
7fada4021000-7fada8000000 ---p 00000000 00:00 0 
7fada8000000-7fada80aa000 rw-p 00000000 00:00 0 
7fada80aa000-7fadac000000 ---p 00000000 00:00 0 
7fadac000000-7fadac021000 rw-p 00000000 00:00 0 
7fadac021000-7fadb0000000 ---p 00000000 00:00 0 
7fadb0067000-7fadb006a000 ---p 00000000 00:00 0 
7fadb006a000-7fadb0168000 rw-p 00000000 00:00 0 
7fadb0168000-7fadb016b000 ---p 00000000 00:00 0 
7fadb016b000-7fadb0269000 rw-p 00000000 00:00 0 
7fadb0269000-7fadb026c000 ---p 00000000 00:00 0 
7fadb026c000-7fadb036a000 rw-p 00000000 00:00 0 
7fadb036a000-7fadb036d000 ---p 00000000 00:00 0 
7fadb036d000-7fadb03a3000 rw-p 00000000 00:00 0 
7fadb03a3000-7fadb03a6000 ---p 00000000 00:00 0 
7fadb03a6000-7fadb06a4000 rw-p 00000000 00:00 0 
7fadb06a4000-7fadb08a4000 rw-p 00000000 00:00 0 
7fadb08a4000-7fadb08a7000 ---p 00000000 00:00 0 
7fadb08a7000-7fadb0ba5000 rw-p 00000000 00:00 0 
7fadb0ba5000-7fadb0ba8000 ---p 00000000 00:00 0 
7fadb0ba8000-7fadb0ca6000 rw-p 00000000 00:00 0 
7fadb0ca6000-7fadb0ca9000 ---p 00000000 00:00 0 
7fadb0ca9000-7fadb0da7000 rw-p 00000000 00:00 0 
7fadb0da7000-7fadb0db2000 r--s 00000000 08:01 1726198                    /var/cache/fontconfig/945677eb7aeaf62f1d50efc3fb3ec7d8-le64.cache-6
7fadb0db2000-7fadb0db8000 r--s 00000000 08:01 1730244                    /var/cache/fontconfig/2cd17615ca594fa2959ae173292e504c-le64.cache-6
7fadb0db8000-7fadb0db9000 r--s 00000000 08:01 1730243                    /var/cache/fontconfig/0d8c3b2ac0904cb8a57a757ad11a4a08-le64.cache-6
7fadb0db9000-7fadb0dbd000 r--s 00000000 08:01 1739929                    /var/cache/fontconfig/de156ccd2eddbdc19d37a45b8b2aac9c-le64.cache-6
7fadb0dbd000-7fadb0dd2000 r--s 00000000 08:01 1730242                    /var/cache/fontconfig/04aabc0a78ac019cf9454389977116d2-le64.cache-6
7fadb0dd2000-7fadb0dd3000 r--s 00000000 08:01 1730241                    /var/cache/fontconfig/1ac9eb803944fde146138c791f5cc56a-le64.cache-6
7fadb0dd3000-7fadb0dd7000 r--s 00000000 08:01 1730240                    /var/cache/fontconfig/385c0604a188198f04d133e54aba7fe7-le64.cache-6
7fadb0dd7000-7fadb0dda000 r--s 00000000 08:01 1730238                    /var/cache/fontconfig/767a8244fc0220cfb567a839d0392e0b-le64.cache-6
7fadb0dda000-7fadb0ddf000 r--s 00000000 08:01 1730236                    /var/cache/fontconfig/8801497958630a81b71ace7c5f9b32a8-le64.cache-6
7fadb0ddf000-7fadb0de6000 r--s 00000000 08:01 1730234                    /var/cache/fontconfig/3047814df9a2f067bd2d96a2b9c36e5a-le64.cache-6
7fadb0de6000-7fadb0dee000 r--s 00000000 08:01 1721585                    /var/cache/fontconfig/bf3b770c553c462765856025a94f1ce6-le64.cache-6
7fadb0dee000-7fadb0e01000 r--s 00000000 08:01 1730230                    /var/cache/fontconfig/d52a8644073d54c13679302ca1180695-le64.cache-6
7fadb0e01000-7fadb0e0c000 r--s 00000000 08:01 1730228                    /var/cache/fontconfig/d589a48862398ed80a3d6066f4f56f4c-le64.cache-6
7fadb0e0c000-7fadb0e1e000 r--s 00000000 08:01 1710755                    /var/cache/fontconfig/9b89f8e3dae116d678bbf48e5f21f69b-le64.cache-6
7fadb0e1e000-7fadb0e3f000 r--s 00000000 08:01 1714109                    /var/cache/fontconfig/467c019e582ee353435ea5c21d137ef6-le64.cache-6
7fadb0e40000-7fadb0e42000 r--s 00002000 08:01 525646                     /home/user/contiki/tools/cooja/apps/serial2pty/lib/serial2pty.jar
7fadb0e42000-7fadb0e44000 r--s 00008000 08:01 405835                     /home/user/contiki/tools/cooja/apps/serial_socket/lib/serial_socket.jar
7fadb0e44000-7fadb0e45000 r--s 00003000 08:01 405839                     /home/user/contiki/tools/cooja/apps/powertracker/lib/powertracker.jar
7fadb0e45000-7fadb0e47000 r--s 00010000 08:01 405858                     /home/user/contiki/tools/cooja/apps/mspsim/lib/jipv6.jar
7fadb0e47000-7fadb0e48000 r--s 00004000 08:01 405857                     /home/user/contiki/tools/cooja/apps/mspsim/lib/coffee.jar
7fadb0e48000-7fadb0e54000 r--s 000eb000 08:01 405859                     /home/user/contiki/tools/cooja/apps/mspsim/lib/mspsim.jar
7fadb0e54000-7fadb0e5a000 r--s 00063000 08:01 405856                     /home/user/contiki/tools/cooja/apps/mspsim/lib/cooja_mspsim.jar
7fadb0e5a000-7fadb0e5c000 r--s 0001e000 08:01 405869                     /home/user/contiki/tools/cooja/apps/mrm/lib/mrm.jar
7fadb0e5c000-7fadb0e5d000 r--s 00001000 08:01 411529                     /home/user/contiki/tools/cooja/apps/mobility/lib/mobility.jar
7fadb0e5d000-7fadb0e5e000 r--s 00002000 08:01 404701                     /home/user/contiki/tools/cooja/apps/collect-view/cooja-collect-view.jar
7fadb0e5e000-7fadb0e98000 r--s 001e1000 08:01 405880                     /home/user/contiki/tools/cooja/apps/avrora/lib/avrora-small.jar
7fadb0e98000-7fadb0e99000 r--s 00008000 08:01 405879                     /home/user/contiki/tools/cooja/apps/avrora/lib/cooja_avrora.jar
7fadb0e99000-7fadb1099000 rw-p 00000000 00:00 0 
7fadb1099000-7fadb10aa000 r-xp 00000000 08:01 1339430                    /usr/lib/jvm/java-8-openjdk-amd64/jre/lib/amd64/libnio.so
7fadb10aa000-7fadb12a9000 ---p 00011000 08:01 1339430                    /usr/lib/jvm/java-8-openjdk-amd64/jre/lib/amd64/libnio.so
7fadb12a9000-7fadb12aa000 r--p 00010000 08:01 1339430                    /usr/lib/jvm/java-8-openjdk-amd64/jre/lib/amd64/libnio.so
7fadb12aa000-7fadb12ab000 rw-p 00011000 08:01 1339430                    /usr/lib/jvm/java-8-openjdk-amd64/jre/lib/amd64/libnio.so
7fadb12ab000-7fadb12c1000 r-xp 00000000 08:01 1339413                    /usr/lib/jvm/java-8-openjdk-amd64/jre/lib/amd64/libnet.so
7fadb12c1000-7fadb14c1000 ---p 00016000 08:01 1339413                    /usr/lib/jvm/java-8-openjdk-amd64/jre/lib/amd64/libnet.so
7fadb14c1000-7fadb14c2000 r--p 00016000 08:01 1339413                    /usr/lib/jvm/java-8-openjdk-amd64/jre/lib/amd64/libnet.so
7fadb14c2000-7fadb14c3000 rw-p 00017000 08:01 1339413                    /usr/lib/jvm/java-8-openjdk-amd64/jre/lib/amd64/libnet.so
7fadb14c3000-7fadb14c6000 ---p 00000000 00:00 0 
7fadb14c6000-7fadb15c4000 rw-p 00000000 00:00 0 
7fadb15c4000-7fadb15c9000 r-xp 00000000 08:01 1321260                    /usr/lib/x86_64-linux-gnu/libXfixes.so.3.1.0
7fadb15c9000-7fadb17c8000 ---p 00005000 08:01 1321260                    /usr/lib/x86_64-linux-gnu/libXfixes.so.3.1.0
7fadb17c8000-7fadb17c9000 r--p 00004000 08:01 1321260                    /usr/lib/x86_64-linux-gnu/libXfixes.so.3.1.0
7fadb17c9000-7fadb17ca000 rw-p 00005000 08:01 1321260                    /usr/lib/x86_64-linux-gnu/libXfixes.so.3.1.0
7fadb17ca000-7fadb17d3000 r-xp 00000000 08:01 1311053                    /usr/lib/x86_64-linux-gnu/libXcursor.so.1.0.2
7fadb17d3000-7fadb19d2000 ---p 00009000 08:01 1311053                    /usr/lib/x86_64-linux-gnu/libXcursor.so.1.0.2
7fadb19d2000-7fadb19d3000 r--p 00008000 08:01 1311053                    /usr/lib/x86_64-linux-gnu/libXcursor.so.1.0.2
7fadb19d3000-7fadb19d4000 rw-p 00009000 08:01 1311053                    /usr/lib/x86_64-linux-gnu/libXcursor.so.1.0.2
7fadb19d4000-7fadb19d7000 ---p 00000000 00:00 0 
7fadb19d7000-7fadb1cd5000 rw-p 00000000 00:00 0 
7fadb1cd5000-7fadb1cf9000 r-xp 00000000 08:01 524469                     /lib/x86_64-linux-gnu/libpng12.so.0.54.0
7fadb1cf9000-7fadb1ef8000 ---p 00024000 08:01 524469                     /lib/x86_64-linux-gnu/libpng12.so.0.54.0
7fadb1ef8000-7fadb1ef9000 r--p 00023000 08:01 524469                     /lib/x86_64-linux-gnu/libpng12.so.0.54.0
7fadb1ef9000-7fadb1efa000 rw-p 00024000 08:01 524469                     /lib/x86_64-linux-gnu/libpng12.so.0.54.0
7fadb1efa000-7fadb1f9e000 r-xp 00000000 08:01 1312888                    /usr/lib/x86_64-linux-gnu/libfreetype.so.6.12.1
7fadb1f9e000-7fadb219d000 ---p 000a4000 08:01 1312888                    /usr/lib/x86_64-linux-gnu/libfreetype.so.6.12.1
7fadb219d000-7fadb21a3000 r--p 000a3000 08:01 1312888                    /usr/lib/x86_64-linux-gnu/libfreetype.so.6.12.1
7fadb21a3000-7fadb21a4000 rw-p 000a9000 08:01 1312888                    /usr/lib/x86_64-linux-gnu/libfreetype.so.6.12.1
7fadb21a4000-7fadb21f5000 r-xp 00000000 08:01 1339409                    /usr/lib/jvm/java-8-openjdk-amd64/jre/lib/amd64/libfontmanager.so
7fadb21f5000-7fadb23f5000 ---p 00051000 08:01 1339409                    /usr/lib/jvm/java-8-openjdk-amd64/jre/lib/amd64/libfontmanager.so
7fadb23f5000-7fadb23f7000 r--p 00051000 08:01 1339409                    /usr/lib/jvm/java-8-openjdk-amd64/jre/lib/amd64/libfontmanager.so
7fadb23f7000-7fadb23f8000 rw-p 00053000 08:01 1339409                    /usr/lib/jvm/java-8-openjdk-amd64/jre/lib/amd64/libfontmanager.so
7fadb23f8000-7fadb23fd000 r-xp 00000000 08:01 1321256                    /usr/lib/x86_64-linux-gnu/libXdmcp.so.6.0.0
7fadb23fd000-7fadb25fc000 ---p 00005000 08:01 1321256                    /usr/lib/x86_64-linux-gnu/libXdmcp.so.6.0.0
7fadb25fc000-7fadb25fd000 r--p 00004000 08:01 1321256                    /usr/lib/x86_64-linux-gnu/libXdmcp.so.6.0.0
7fadb25fd000-7fadb25fe000 rw-p 00005000 08:01 1321256                    /usr/lib/x86_64-linux-gnu/libXdmcp.so.6.0.0
7fadb25fe000-7fadb2600000 r-xp 00000000 08:01 1321245                    /usr/lib/x86_64-linux-gnu/libXau.so.6.0.0
7fadb2600000-7fadb2800000 ---p 00002000 08:01 1321245                    /usr/lib/x86_64-linux-gnu/libXau.so.6.0.0
7fadb2800000-7fadb2801000 r--p 00002000 08:01 1321245                    /usr/lib/x86_64-linux-gnu/libXau.so.6.0.0
7fadb2801000-7fadb2802000 rw-p 00003000 08:01 1321245                    /usr/lib/x86_64-linux-gnu/libXau.so.6.0.0
7fadb2802000-7fadb2823000 r-xp 00000000 08:01 1322623                    /usr/lib/x86_64-linux-gnu/libxcb.so.1.1.0
7fadb2823000-7fadb2a22000 ---p 00021000 08:01 1322623                    /usr/lib/x86_64-linux-gnu/libxcb.so.1.1.0
7fadb2a22000-7fadb2a23000 r--p 00020000 08:01 1322623                    /usr/lib/x86_64-linux-gnu/libxcb.so.1.1.0
7fadb2a23000-7fadb2a24000 rw-p 00021000 08:01 1322623                    /usr/lib/x86_64-linux-gnu/libxcb.so.1.1.0
7fadb2a24000-7fadb2a33000 r-xp 00000000 08:01 1321266                    /usr/lib/x86_64-linux-gnu/libXi.so.6.1.0
7fadb2a33000-7fadb2c32000 ---p 0000f000 08:01 1321266                    /usr/lib/x86_64-linux-gnu/libXi.so.6.1.0
7fadb2c32000-7fadb2c33000 r--p 0000e000 08:01 1321266                    /usr/lib/x86_64-linux-gnu/libXi.so.6.1.0
7fadb2c33000-7fadb2c34000 rw-p 0000f000 08:01 1321266                    /usr/lib/x86_64-linux-gnu/libXi.so.6.1.0
7fadb2c34000-7fadb2c39000 r-xp 00000000 08:01 1321284                    /usr/lib/x86_64-linux-gnu/libXtst.so.6.1.0
7fadb2c39000-7fadb2e38000 ---p 00005000 08:01 1321284                    /usr/lib/x86_64-linux-gnu/libXtst.so.6.1.0
7fadb2e38000-7fadb2e39000 r--p 00004000 08:01 1321284                    /usr/lib/x86_64-linux-gnu/libXtst.so.6.1.0
7fadb2e39000-7fadb2e3a000 rw-p 00005000 08:01 1321284                    /usr/lib/x86_64-linux-gnu/libXtst.so.6.1.0
7fadb2e3a000-7fadb2e43000 r-xp 00000000 08:01 1321278                    /usr/lib/x86_64-linux-gnu/libXrender.so.1.3.0
7fadb2e43000-7fadb3042000 ---p 00009000 08:01 1321278                    /usr/lib/x86_64-linux-gnu/libXrender.so.1.3.0
7fadb3042000-7fadb3043000 r--p 00008000 08:01 1321278                    /usr/lib/x86_64-linux-gnu/libXrender.so.1.3.0
7fadb3043000-7fadb3044000 rw-p 00009000 08:01 1321278                    /usr/lib/x86_64-linux-gnu/libXrender.so.1.3.0
7fadb3044000-7fadb3179000 r-xp 00000000 08:01 1331980                    /usr/lib/x86_64-linux-gnu/libX11.so.6.3.0
7fadb3179000-7fadb3379000 ---p 00135000 08:01 1331980                    /usr/lib/x86_64-linux-gnu/libX11.so.6.3.0
7fadb3379000-7fadb337a000 r--p 00135000 08:01 1331980                    /usr/lib/x86_64-linux-gnu/libX11.so.6.3.0
7fadb337a000-7fadb337e000 rw-p 00136000 08:01 1331980                    /usr/lib/x86_64-linux-gnu/libX11.so.6.3.0
7fadb337e000-7fadb338f000 r-xp 00000000 08:01 1321258                    /usr/lib/x86_64-linux-gnu/libXext.so.6.4.0
7fadb338f000-7fadb358e000 ---p 00011000 08:01 1321258                    /usr/lib/x86_64-linux-gnu/libXext.so.6.4.0
7fadb358e000-7fadb358f000 r--p 00010000 08:01 1321258                    /usr/lib/x86_64-linux-gnu/libXext.so.6.4.0
7fadb358f000-7fadb3590000 rw-p 00011000 08:01 1321258                    /usr/lib/x86_64-linux-gnu/libXext.so.6.4.0
7fadb3590000-7fadb3591000 r--s 00000000 08:01 1730239                    /var/cache/fontconfig/dc05db6664285cc2f12bf69c139ae4c3-le64.cache-6
7fadb3591000-7fadb3592000 r--s 00000000 08:01 1722666                    /var/cache/fontconfig/4794a0821666d79190d59a36cb4f44b5-le64.cache-6
7fadb3592000-7fadb3596000 r--s 00000000 08:01 1739928                    /var/cache/fontconfig/c57959a16110560c8d0fcea73374aeeb-le64.cache-6
7fadb3596000-7fadb35ad000 r--s 00000000 08:01 1721579                    /var/cache/fontconfig/e13b20fdb08344e0e664864cc2ede53d-le64.cache-6
7fadb35ad000-7fadb3609000 r-xp 00000000 08:01 1339423                    /usr/lib/jvm/java-8-openjdk-amd64/jre/lib/amd64/libawt_xawt.so
7fadb3609000-7fadb3808000 ---p 0005c000 08:01 1339423                    /usr/lib/jvm/java-8-openjdk-amd64/jre/lib/amd64/libawt_xawt.so
7fadb3808000-7fadb3809000 r--p 0005b000 08:01 1339423                    /usr/lib/jvm/java-8-openjdk-amd64/jre/lib/amd64/libawt_xawt.so
7fadb3809000-7fadb380c000 rw-p 0005c000 08:01 1339423                    /usr/lib/jvm/java-8-openjdk-amd64/jre/lib/amd64/libawt_xawt.so
7fadb380c000-7fadb380e000 rw-p 00000000 00:00 0 
7fadb380e000-7fadb38ad000 r-xp 00000000 08:01 1339424                    /usr/lib/jvm/java-8-openjdk-amd64/jre/lib/amd64/libawt.so
7fadb38ad000-7fadb3aad000 ---p 0009f000 08:01 1339424                    /usr/lib/jvm/java-8-openjdk-amd64/jre/lib/amd64/libawt.so
7fadb3aad000-7fadb3aae000 r--p 0009f000 08:01 1339424                    /usr/lib/jvm/java-8-openjdk-amd64/jre/lib/amd64/libawt.so
7fadb3aae000-7fadb3ab9000 rw-p 000a0000 08:01 1339424                    /usr/lib/jvm/java-8-openjdk-amd64/jre/lib/amd64/libawt.so
7fadb3ab9000-7fadb3ade000 rw-p 00000000 00:00 0 
7fadb3ade000-7fadb3afb000 r--s 0014f000 08:01 399893                     /home/user/contiki/tools/cooja/lib/swingx-all-1.6.4.jar
7fadb3afb000-7fadb3afc000 ---p 00000000 00:00 0 
7fadb3afc000-7fadb3bfc000 rw-p 00000000 00:00 0 
7fadb3bfc000-7fadb3bff000 ---p 00000000 00:00 0 
7fadb3bff000-7fadb3cfd000 rw-p 00000000 00:00 0 
7fadb3cfd000-7fadb3d00000 ---p 00000000 00:00 0 
7fadb3d00000-7fadb3dfe000 rw-p 00000000 00:00 0 
7fadb3dfe000-7fadb3e01000 ---p 00000000 00:00 0 
7fadb3e01000-7fadb3eff000 rw-p 00000000 00:00 0 
7fadb3eff000-7fadb3f02000 ---p 00000000 00:00 0 
7fadb3f02000-7fadb4000000 rw-p 00000000 00:00 0 
7fadb4000000-7fadb4025000 rw-p 00000000 00:00 0 
7fadb4025000-7fadb8000000 ---p 00000000 00:00 0 
7fadb8000000-7fadbc000000 rw-p 00000000 00:00 0 
7fadbc000000-7fadbc021000 rw-p 00000000 00:00 0 
7fadbc021000-7fadc0000000 ---p 00000000 00:00 0 
7fadc0000000-7fadc0021000 rw-p 00000000 00:00 0 
7fadc0021000-7fadc4000000 ---p 00000000 00:00 0 
7fadc4000000-7fadc4021000 rw-p 00000000 00:00 0 
7fadc4021000-7fadc8000000 ---p 00000000 00:00 0 
7fadc8000000-7fadc8001000 r--s 00000000 08:01 1730235                    /var/cache/fontconfig/bab58bb527bb656aaa9f116d68a48d89-le64.cache-6
7fadc8001000-7fadc8002000 r--s 00000000 08:01 1730233                    /var/cache/fontconfig/56cf4f4769d0f4abc89a4895d7bd3ae1-le64.cache-6
7fadc8002000-7fadc8008000 r--s 00000000 08:01 1730231                    /var/cache/fontconfig/b47c4e1ecd0709278f4910c18777a504-le64.cache-6
7fadc8008000-7fadc801b000 r--s 00346000 08:01 1350066                    /usr/lib/jvm/java-8-openjdk-amd64/jre/lib/resources.jar
7fadc801b000-7fadc801e000 ---p 00000000 00:00 0 
7fadc801e000-7fadc811c000 rw-p 00000000 00:00 0 
7fadc811c000-7fadc83f4000 r--p 00000000 08:01 1314277                    /usr/lib/locale/locale-archive
7fadc83f4000-7fadc83f7000 ---p 00000000 00:00 0 
7fadc83f7000-7fadc84f5000 rw-p 00000000 00:00 0 
7fadc84f5000-7fadc84f8000 ---p 00000000 00:00 0 
7fadc84f8000-7fadc85f6000 rw-p 00000000 00:00 0 
7fadc85f6000-7fadc85f7000 ---p 00000000 00:00 0 
7fadc85f7000-7fadc9000000 rw-p 00000000 00:00 0 
7fadc9000000-7fadca250000 rwxp 00000000 00:00 0 
7fadca250000-7fadd8000000 ---p 00000000 00:00 0 
7fadd8000000-7fadd83ec000 rw-p 00000000 00:00 0 
7fadd83ec000-7faddc000000 ---p 00000000 00:00 0 
7faddc000000-7faddc001000 r--s 00000000 08:01 1730232                    /var/cache/fontconfig/b9d506c9ac06c20b433354fa67a72993-le64.cache-6
7faddc001000-7faddc002000 r--s 00000000 08:01 1730229                    /var/cache/fontconfig/551ecf3b0e8b0bca0f25c0944f561853-le64.cache-6
7faddc002000-7faddc003000 r--s 00000000 08:01 1730227                    /var/cache/fontconfig/30829fa25452a46451e813d634d7f916-le64.cache-6
7faddc003000-7faddc006000 r--s 00000000 08:01 1730224                    /var/cache/fontconfig/75114ca45c98e8a441da0ff356701271-le64.cache-6
7faddc006000-7faddc011000 r--s 00000000 08:01 1730223                    /var/cache/fontconfig/83bf95040141907cd45bb53cf7c1c148-le64.cache-6
7faddc011000-7faddc018000 r--s 0005b000 08:01 399895                     /home/user/contiki/tools/cooja/lib/jsyntaxpane.jar
7faddc018000-7faddc01f000 r--s 0004f000 08:01 399894                     /home/user/contiki/tools/cooja/lib/log4j.jar
7faddc01f000-7faddc03a000 r--s 001d6000 08:01 1339389                    /usr/lib/jvm/java-8-openjdk-amd64/jre/lib/ext/nashorn.jar
7faddc03a000-7faddc055000 r--s 00394000 08:01 1339392                    /usr/lib/jvm/java-8-openjdk-amd64/jre/lib/ext/cldrdata.jar
7faddc055000-7faddcd75000 rw-p 00000000 00:00 0 
7faddcd75000-7faddcf45000 r--s 03c5c000 08:01 1339373                    /usr/lib/jvm/java-8-openjdk-amd64/jre/lib/rt.jar
7faddcf45000-7fadddbbb000 rw-p 00000000 00:00 0 
7fadddbbb000-7fadddbbc000 ---p 00000000 00:00 0 
7fadddbbc000-7fadddcbc000 rw-p 00000000 00:00 0 
7fadddcbc000-7fadddcbd000 ---p 00000000 00:00 0 
7fadddcbd000-7faddddbd000 rw-p 00000000 00:00 0 
7faddddbd000-7faddddbe000 ---p 00000000 00:00 0 
7faddddbe000-7fadddebe000 rw-p 00000000 00:00 0 
7fadddebe000-7fadddebf000 ---p 00000000 00:00 0 
7fadddebf000-7fadddfbf000 rw-p 00000000 00:00 0 
7fadddfbf000-7fadddfc0000 ---p 00000000 00:00 0 
7fadddfc0000-7fadde0c0000 rw-p 00000000 00:00 0 
7fadde0c0000-7fadde0c1000 ---p 00000000 00:00 0 
7fadde0c1000-7fadde23c000 rw-p 00000000 00:00 0 
7fadde23c000-7fadde46c000 ---p 00000000 00:00 0 
7fadde46c000-7fadde4e7000 rw-p 00000000 00:00 0 
7fadde4e7000-7fadde716000 ---p 00000000 00:00 0 
7fadde716000-7fadde785000 rw-p 00000000 00:00 0 
7fadde785000-7fadde86c000 ---p 00000000 00:00 0 
7fadde86c000-7fadde8b7000 rw-p 00000000 00:00 0 
7fadde8b7000-7faddec2d000 ---p 00000000 00:00 0 
7faddec2d000-7faddec35000 r-xp 00000000 08:01 1339427                    /usr/lib/jvm/java-8-openjdk-amd64/jre/lib/amd64/libzip.so
7faddec35000-7faddee34000 ---p 00008000 08:01 1339427                    /usr/lib/jvm/java-8-openjdk-amd64/jre/lib/amd64/libzip.so
7faddee34000-7faddee35000 r--p 00007000 08:01 1339427                    /usr/lib/jvm/java-8-openjdk-amd64/jre/lib/amd64/libzip.so
7faddee35000-7faddee36000 rw-p 00008000 08:01 1339427                    /usr/lib/jvm/java-8-openjdk-amd64/jre/lib/amd64/libzip.so
7faddee36000-7faddee41000 r-xp 00000000 08:01 526492                     /lib/x86_64-linux-gnu/libnss_files-2.23.so
7faddee41000-7faddf040000 ---p 0000b000 08:01 526492                     /lib/x86_64-linux-gnu/libnss_files-2.23.so
7faddf040000-7faddf041000 r--p 0000a000 08:01 526492                     /lib/x86_64-linux-gnu/libnss_files-2.23.so
7faddf041000-7faddf042000 rw-p 0000b000 08:01 526492                     /lib/x86_64-linux-gnu/libnss_files-2.23.so
7faddf042000-7faddf048000 rw-p 00000000 00:00 0 
7faddf048000-7faddf053000 r-xp 00000000 08:01 526263                     /lib/x86_64-linux-gnu/libnss_nis-2.23.so
7faddf053000-7faddf252000 ---p 0000b000 08:01 526263                     /lib/x86_64-linux-gnu/libnss_nis-2.23.so
7faddf252000-7faddf253000 r--p 0000a000 08:01 526263                     /lib/x86_64-linux-gnu/libnss_nis-2.23.so
7faddf253000-7faddf254000 rw-p 0000b000 08:01 526263                     /lib/x86_64-linux-gnu/libnss_nis-2.23.so
7faddf254000-7faddf26a000 r-xp 00000000 08:01 526484                     /lib/x86_64-linux-gnu/libnsl-2.23.so
7faddf26a000-7faddf469000 ---p 00016000 08:01 526484                     /lib/x86_64-linux-gnu/libnsl-2.23.so
7faddf469000-7faddf46a000 r--p 00015000 08:01 526484                     /lib/x86_64-linux-gnu/libnsl-2.23.so
7faddf46a000-7faddf46b000 rw-p 00016000 08:01 526484                     /lib/x86_64-linux-gnu/libnsl-2.23.so
7faddf46b000-7faddf46d000 rw-p 00000000 00:00 0 
7faddf46d000-7faddf475000 r-xp 00000000 08:01 526508                     /lib/x86_64-linux-gnu/libnss_compat-2.23.so
7faddf475000-7faddf674000 ---p 00008000 08:01 526508                     /lib/x86_64-linux-gnu/libnss_compat-2.23.so
7faddf674000-7faddf675000 r--p 00007000 08:01 526508                     /lib/x86_64-linux-gnu/libnss_compat-2.23.so
7faddf675000-7faddf676000 rw-p 00008000 08:01 526508                     /lib/x86_64-linux-gnu/libnss_compat-2.23.so
7faddf676000-7faddf69f000 r-xp 00000000 08:01 1339412                    /usr/lib/jvm/java-8-openjdk-amd64/jre/lib/amd64/libjava.so
7faddf69f000-7faddf89e000 ---p 00029000 08:01 1339412                    /usr/lib/jvm/java-8-openjdk-amd64/jre/lib/amd64/libjava.so
7faddf89e000-7faddf89f000 r--p 00028000 08:01 1339412                    /usr/lib/jvm/java-8-openjdk-amd64/jre/lib/amd64/libjava.so
7faddf89f000-7faddf8a1000 rw-p 00029000 08:01 1339412                    /usr/lib/jvm/java-8-openjdk-amd64/jre/lib/amd64/libjava.so
7faddf8a1000-7faddf8b0000 r-xp 00000000 08:01 1339429                    /usr/lib/jvm/java-8-openjdk-amd64/jre/lib/amd64/libverify.so
7faddf8b0000-7faddfaaf000 ---p 0000f000 08:01 1339429                    /usr/lib/jvm/java-8-openjdk-amd64/jre/lib/amd64/libverify.so
7faddfaaf000-7faddfab1000 r--p 0000e000 08:01 1339429                    /usr/lib/jvm/java-8-openjdk-amd64/jre/lib/amd64/libverify.so
7faddfab1000-7faddfab2000 rw-p 00010000 08:01 1339429                    /usr/lib/jvm/java-8-openjdk-amd64/jre/lib/amd64/libverify.so
7faddfab2000-7faddfab9000 r-xp 00000000 08:01 526249                     /lib/x86_64-linux-gnu/librt-2.23.so
7faddfab9000-7faddfcb8000 ---p 00007000 08:01 526249                     /lib/x86_64-linux-gnu/librt-2.23.so
7faddfcb8000-7faddfcb9000 r--p 00006000 08:01 526249                     /lib/x86_64-linux-gnu/librt-2.23.so
7faddfcb9000-7faddfcba000 rw-p 00007000 08:01 526249                     /lib/x86_64-linux-gnu/librt-2.23.so
7faddfcba000-7faddfcd0000 r-xp 00000000 08:01 529514                     /lib/x86_64-linux-gnu/libgcc_s.so.1
7faddfcd0000-7faddfecf000 ---p 00016000 08:01 529514                     /lib/x86_64-linux-gnu/libgcc_s.so.1
7faddfecf000-7faddfed0000 rw-p 00015000 08:01 529514                     /lib/x86_64-linux-gnu/libgcc_s.so.1
7faddfed0000-7faddffd8000 r-xp 00000000 08:01 526516                     /lib/x86_64-linux-gnu/libm-2.23.so
7faddffd8000-7fade01d7000 ---p 00108000 08:01 526516                     /lib/x86_64-linux-gnu/libm-2.23.so
7fade01d7000-7fade01d8000 r--p 00107000 08:01 526516                     /lib/x86_64-linux-gnu/libm-2.23.so
7fade01d8000-7fade01d9000 rw-p 00108000 08:01 526516                     /lib/x86_64-linux-gnu/libm-2.23.so
7fade01d9000-7fade034b000 r-xp 00000000 08:01 1311232                    /usr/lib/x86_64-linux-gnu/libstdc++.so.6.0.21
7fade034b000-7fade054b000 ---p 00172000 08:01 1311232                    /usr/lib/x86_64-linux-gnu/libstdc++.so.6.0.21
7fade054b000-7fade0555000 r--p 00172000 08:01 1311232                    /usr/lib/x86_64-linux-gnu/libstdc++.so.6.0.21
7fade0555000-7fade0557000 rw-p 0017c000 08:01 1311232                    /usr/lib/x86_64-linux-gnu/libstdc++.so.6.0.21
7fade0557000-7fade055b000 rw-p 00000000 00:00 0 
7fade055b000-7fade11bf000 r-xp 00000000 08:01 1350054                    /usr/lib/jvm/java-8-openjdk-amd64/jre/lib/amd64/server/libjvm.so
7fade11bf000-7fade13be000 ---p 00c64000 08:01 1350054                    /usr/lib/jvm/java-8-openjdk-amd64/jre/lib/amd64/server/libjvm.so
7fade13be000-7fade1452000 r--p 00c63000 08:01 1350054                    /usr/lib/jvm/java-8-openjdk-amd64/jre/lib/amd64/server/libjvm.so
7fade1452000-7fade147b000 rw-p 00cf7000 08:01 1350054                    /usr/lib/jvm/java-8-openjdk-amd64/jre/lib/amd64/server/libjvm.so
7fade147b000-7fade14ab000 rw-p 00000000 00:00 0 
7fade14ab000-7fade14c3000 r-xp 00000000 08:01 526257                     /lib/x86_64-linux-gnu/libpthread-2.23.so
7fade14c3000-7fade16c2000 ---p 00018000 08:01 526257                     /lib/x86_64-linux-gnu/libpthread-2.23.so
7fade16c2000-7fade16c3000 r--p 00017000 08:01 526257                     /lib/x86_64-linux-gnu/libpthread-2.23.so
7fade16c3000-7fade16c4000 rw-p 00018000 08:01 526257                     /lib/x86_64-linux-gnu/libpthread-2.23.so
7fade16c4000-7fade16c8000 rw-p 00000000 00:00 0 
7fade16c8000-7fade16cb000 r-xp 00000000 08:01 526253                     /lib/x86_64-linux-gnu/libdl-2.23.so
7fade16cb000-7fade18ca000 ---p 00003000 08:01 526253                     /lib/x86_64-linux-gnu/libdl-2.23.so
7fade18ca000-7fade18cb000 r--p 00002000 08:01 526253                     /lib/x86_64-linux-gnu/libdl-2.23.so
7fade18cb000-7fade18cc000 rw-p 00003000 08:01 526253                     /lib/x86_64-linux-gnu/libdl-2.23.so
7fade18cc000-7fade18e5000 r-xp 00000000 08:01 524389                     /lib/x86_64-linux-gnu/libz.so.1.2.8
7fade18e5000-7fade1ae4000 ---p 00019000 08:01 524389                     /lib/x86_64-linux-gnu/libz.so.1.2.8
7fade1ae4000-7fade1ae5000 r--p 00018000 08:01 524389                     /lib/x86_64-linux-gnu/libz.so.1.2.8
7fade1ae5000-7fade1ae6000 rw-p 00019000 08:01 524389                     /lib/x86_64-linux-gnu/libz.so.1.2.8
7fade1ae6000-7fade1ca6000 r-xp 00000000 08:01 526504                     /lib/x86_64-linux-gnu/libc-2.23.so
7fade1ca6000-7fade1ea6000 ---p 001c0000 08:01 526504                     /lib/x86_64-linux-gnu/libc-2.23.so
7fade1ea6000-7fade1eaa000 r--p 001c0000 08:01 526504                     /lib/x86_64-linux-gnu/libc-2.23.so
7fade1eaa000-7fade1eac000 rw-p 001c4000 08:01 526504                     /lib/x86_64-linux-gnu/libc-2.23.so
7fade1eac000-7fade1eb0000 rw-p 00000000 00:00 0 
7fade1eb0000-7fade1ebd000 r-xp 00000000 08:01 1339421                    /usr/lib/jvm/java-8-openjdk-amd64/jre/lib/amd64/jli/libjli.so
7fade1ebd000-7fade20bc000 ---p 0000d000 08:01 1339421                    /usr/lib/jvm/java-8-openjdk-amd64/jre/lib/amd64/jli/libjli.so
7fade20bc000-7fade20bd000 r--p 0000c000 08:01 1339421                    /usr/lib/jvm/java-8-openjdk-amd64/jre/lib/amd64/jli/libjli.so
7fade20bd000-7fade20be000 rw-p 0000d000 08:01 1339421                    /usr/lib/jvm/java-8-openjdk-amd64/jre/lib/amd64/jli/libjli.so
7fade20be000-7fade20e4000 r-xp 00000000 08:01 526255                     /lib/x86_64-linux-gnu/ld-2.23.so
7fade20e4000-7fade20e5000 r--s 00000000 08:01 1730226                    /var/cache/fontconfig/0c9eb80ebd1c36541ebe2852d3bb0c49-le64.cache-6
7fade20e5000-7fade20e9000 r--s 00000000 08:01 1713850                    /var/cache/fontconfig/7ef2298fde41cc6eeb7af42e48b7d293-le64.cache-6
7fade20e9000-7fade20ea000 r--s 00000000 08:01 1737369                    /var/cache/fontconfig/e0aa53bcfa504e64f87823c16bc01eb6-le64.cache-6
7fade20ea000-7fade20f4000 r--s 00116000 08:01 1339396                    /usr/lib/jvm/java-8-openjdk-amd64/jre/lib/ext/localedata.jar
7fade20f4000-7fade21c0000 rw-p 00000000 00:00 0 
7fade21c0000-7fade21c3000 ---p 00000000 00:00 0 
7fade21c3000-7fade22c5000 rw-p 00000000 00:00 0 
7fade22c5000-7fade22c8000 r--s 00022000 08:01 399896                     /home/user/contiki/tools/cooja/lib/jdom.jar
7fade22c8000-7fade22c9000 r--s 0000a000 08:01 1339390                    /usr/lib/jvm/java-8-openjdk-amd64/jre/lib/ext/jaccess.jar
7fade22c9000-7fade22ca000 r--s 00010000 08:01 1339395                    /usr/lib/jvm/java-8-openjdk-amd64/jre/lib/ext/zipfs.jar
7fade22ca000-7fade22cd000 r--s 0000f000 08:01 1339388                    /usr/lib/jvm/java-8-openjdk-amd64/jre/lib/ext/icedtea-sound.jar
7fade22cd000-7fade22cf000 r--s 00001000 08:01 1339393                    /usr/lib/jvm/java-8-openjdk-amd64/jre/lib/ext/dnsns.jar
7fade22cf000-7fade22d0000 r--s 0000d000 08:01 1339387                    /usr/lib/jvm/java-8-openjdk-amd64/jre/lib/ext/sunec.jar
7fade22d0000-7fade22d5000 r--s 0003c000 08:01 1339394                    /usr/lib/jvm/java-8-openjdk-amd64/jre/lib/ext/sunjce_provider.jar
7fade22d5000-7fade22d8000 r--s 00039000 08:01 1339391                    /usr/lib/jvm/java-8-openjdk-amd64/jre/lib/ext/sunpkcs11.jar
7fade22d8000-7fade22e0000 rw-s 00000000 08:01 1057131                    /tmp/hsperfdata_user/3559
7fade22e0000-7fade22e1000 rw-p 00000000 00:00 0 
7fade22e1000-7fade22e2000 ---p 00000000 00:00 0 
7fade22e2000-7fade22e3000 rw-p 00000000 00:00 0 
7fade22e3000-7fade22e4000 r--p 00025000 08:01 526255                     /lib/x86_64-linux-gnu/ld-2.23.so
7fade22e4000-7fade22e5000 rw-p 00026000 08:01 526255                     /lib/x86_64-linux-gnu/ld-2.23.so
7fade22e5000-7fade22e6000 rw-p 00000000 00:00 0 
7fffc2be5000-7fffc2c07000 rw-p 00000000 00:00 0                          [stack]
7fffc2d12000-7fffc2d14000 r--p 00000000 00:00 0                          [vvar]
7fffc2d14000-7fffc2d16000 r-xp 00000000 00:00 0                          [vdso]
ffffffffff600000-ffffffffff601000 r-xp 00000000 00:00 0                  [vsyscall]

VM Arguments:
jvm_args: -Xmx2048m 
java_command: org.contikios.cooja.Cooja
java_class_path (initial): /home/user/contiki/tools/cooja/build:/home/user/contiki/tools/cooja/lib/jdom.jar:/home/user/contiki/tools/cooja/lib/log4j.jar:/home/user/contiki/tools/cooja/lib/jsyntaxpane.jar:/home/user/contiki/tools/cooja/lib/swingx-all-1.6.4.jar
Launcher Type: SUN_STANDARD

Environment Variables:
JAVA_HOME=/usr/lib/jvm/java-8-openjdk-amd64
CLASSPATH=:/usr/src/tinyos/support/sdk/java/tinyos.jar
PATH=/usr/local/bin/gcf/src:/usr/local/bin/gcf/examples:/opt/msp430-47-expr/bin/:/home/user/bin:/home/user/.local/bin:/usr/local/sbin:/usr/local/bin:/usr/sbin:/usr/bin:/sbin:/bin:/usr/games:/usr/local/games:/snap/bin:/usr/lib/jvm/java-8-oracle/bin:/usr/lib/jvm/java-8-oracle/db/bin:/usr/lib/jvm/java-8-oracle/jre/bin
LD_LIBRARY_PATH=.
SHELL=/bin/bash
DISPLAY=:0

Signal Handlers:
SIGSEGV: [libjvm.so+0xa783e0], sa_mask[0]=11111111011111111101111111111110, sa_flags=SA_RESTART|SA_SIGINFO
SIGBUS: [libjvm.so+0xa783e0], sa_mask[0]=11111111011111111101111111111110, sa_flags=SA_RESTART|SA_SIGINFO
SIGFPE: [libjvm.so+0x8c0e10], sa_mask[0]=11111111011111111101111111111110, sa_flags=SA_RESTART|SA_SIGINFO
SIGPIPE: [libjvm.so+0x8c0e10], sa_mask[0]=11111111011111111101111111111110, sa_flags=SA_RESTART|SA_SIGINFO
SIGXFSZ: [libjvm.so+0x8c0e10], sa_mask[0]=11111111011111111101111111111110, sa_flags=SA_RESTART|SA_SIGINFO
SIGILL: [libjvm.so+0x8c0e10], sa_mask[0]=11111111011111111101111111111110, sa_flags=SA_RESTART|SA_SIGINFO
SIGUSR1: SIG_DFL, sa_mask[0]=00000000000000000000000000000000, sa_flags=none
SIGUSR2: [libjvm.so+0x8c0cc0], sa_mask[0]=00100000000000000000000000000000, sa_flags=SA_RESTART|SA_SIGINFO
SIGHUP: [libjvm.so+0x8c1350], sa_mask[0]=11111111011111111101111111111110, sa_flags=SA_RESTART|SA_SIGINFO
SIGINT: [libjvm.so+0x8c1350], sa_mask[0]=11111111011111111101111111111110, sa_flags=SA_RESTART|SA_SIGINFO
SIGTERM: [libjvm.so+0x8c1350], sa_mask[0]=11111111011111111101111111111110, sa_flags=SA_RESTART|SA_SIGINFO
SIGQUIT: [libjvm.so+0x8c1350], sa_mask[0]=11111111011111111101111111111110, sa_flags=SA_RESTART|SA_SIGINFO


---------------  S Y S T E M  ---------------

OS:DISTRIB_ID=Ubuntu
DISTRIB_RELEASE=16.04
DISTRIB_CODENAME=xenial
DISTRIB_DESCRIPTION="Ubuntu 16.04.6 LTS"

uname:Linux 4.4.0-166-generic #195-Ubuntu SMP Tue Oct 1 09:35:25 UTC 2019 x86_64
libc:glibc 2.23 NPTL 2.23 
rlimit: STACK 8192k, CORE 0k, NPROC 31693, NOFILE 1048576, AS infinity
load average:11.17 7.09 5.58

/proc/meminfo:
MemTotal:        8156756 kB
MemFree:          102740 kB
MemAvailable:          0 kB
Buffers:             200 kB
Cached:            54528 kB
SwapCached:            0 kB
Active:          7427580 kB
Inactive:          49860 kB
Active(anon):    7425068 kB
Inactive(anon):    46984 kB
Active(file):       2512 kB
Inactive(file):     2876 kB
Unevictable:          48 kB
Mlocked:              48 kB
SwapTotal:             0 kB
SwapFree:              0 kB
Dirty:                 0 kB
Writeback:             0 kB
AnonPages:       7422952 kB
Mapped:            29544 kB
Shmem:             49148 kB
Slab:             124340 kB
SReclaimable:      42404 kB
SUnreclaim:        81936 kB
KernelStack:       13760 kB
PageTables:        52572 kB
NFS_Unstable:          0 kB
Bounce:                0 kB
WritebackTmp:          0 kB
CommitLimit:     4078376 kB
Committed_AS:   12027476 kB
VmallocTotal:   34359738367 kB
VmallocUsed:           0 kB
VmallocChunk:          0 kB
HardwareCorrupted:     0 kB
AnonHugePages:         0 kB
CmaTotal:              0 kB
CmaFree:               0 kB
HugePages_Total:       0
HugePages_Free:        0
HugePages_Rsvd:        0
HugePages_Surp:        0
Hugepagesize:       2048 kB
DirectMap4k:      302912 kB
DirectMap2M:     8085504 kB
DirectMap1G:     2097152 kB

container (cgroup) information:
container_type: cgroupv1
cpu_cpuset_cpus: 0-5
cpu_memory_nodes: 0
active_processor_count: 6
cpu_quota: -1
cpu_period: 100000
cpu_shares: -1
memory_limit_in_bytes: -1
memory_and_swap_limit_in_bytes: -2
memory_soft_limit_in_bytes: -1
memory_usage_in_bytes: 7370469376
memory_max_usage_in_bytes: 7371653120


CPU:total 6 (initial active 6) (6 cores per cpu, 1 threads per core) family 6 model 142 stepping 10, cmov, cx8, fxsr, mmx, sse, sse2, sse3, ssse3, sse4.1, sse4.2, popcnt, avx, avx2, aes, clmul, erms, 3dnowpref, lzcnt, tsc, tscinvbit, bmi1, bmi2, adx

/proc/cpuinfo:
processor	: 0
vendor_id	: GenuineIntel
cpu family	: 6
model		: 142
model name	: Intel(R) Core(TM) i7-8550U CPU @ 1.80GHz
stepping	: 10
microcode	: 0xb4
cpu MHz		: 1992.002
cache size	: 8192 KB
physical id	: 0
siblings	: 6
core id		: 0
cpu cores	: 6
apicid		: 0
initial apicid	: 0
fpu		: yes
fpu_exception	: yes
cpuid level	: 22
wp		: yes
flags		: fpu vme de pse tsc msr pae mce cx8 apic sep mtrr pge mca cmov pat pse36 clflush mmx fxsr sse sse2 ss ht syscall nx pdpe1gb rdtscp lm constant_tsc arch_perfmon nopl xtopology tsc_reliable nonstop_tsc pni pclmulqdq vmx ssse3 fma cx16 pcid sse4_1 sse4_2 x2apic movbe popcnt tsc_deadline_timer aes xsave avx f16c rdrand hypervisor lahf_lm abm 3dnowprefetch invpcid_single ssbd ibrs ibpb stibp kaiser tpr_shadow vnmi ept vpid fsgsbase tsc_adjust bmi1 avx2 smep bmi2 invpcid mpx rdseed adx smap clflushopt xsaveopt xsavec arat md_clear flush_l1d arch_capabilities
bugs		: cpu_meltdown spectre_v1 spectre_v2 spec_store_bypass l1tf mds swapgs
bogomips	: 3984.00
clflush size	: 64
cache_alignment	: 64
address sizes	: 43 bits physical, 48 bits virtual
power management:

processor	: 1
vendor_id	: GenuineIntel
cpu family	: 6
model		: 142
model name	: Intel(R) Core(TM) i7-8550U CPU @ 1.80GHz
stepping	: 10
microcode	: 0xb4
cpu MHz		: 1992.002
cache size	: 8192 KB
physical id	: 0
siblings	: 6
core id		: 1
cpu cores	: 6
apicid		: 1
initial apicid	: 1
fpu		: yes
fpu_exception	: yes
cpuid level	: 22
wp		: yes
flags		: fpu vme de pse tsc msr pae mce cx8 apic sep mtrr pge mca cmov pat pse36 clflush mmx fxsr sse sse2 ss ht syscall nx pdpe1gb rdtscp lm constant_tsc arch_perfmon nopl xtopology tsc_reliable nonstop_tsc pni pclmulqdq vmx ssse3 fma cx16 pcid sse4_1 sse4_2 x2apic movbe popcnt tsc_deadline_timer aes xsave avx f16c rdrand hypervisor lahf_lm abm 3dnowprefetch invpcid_single ssbd ibrs ibpb stibp kaiser tpr_shadow vnmi ept vpid fsgsbase tsc_adjust bmi1 avx2 smep bmi2 invpcid mpx rdseed adx smap clflushopt xsaveopt xsavec arat md_clear flush_l1d arch_capabilities
bugs		: cpu_meltdown spectre_v1 spectre_v2 spec_store_bypass l1tf mds swapgs
bogomips	: 3984.00
clflush size	: 64
cache_alignment	: 64
address sizes	: 43 bits physical, 48 bits virtual
power management:

processor	: 2
vendor_id	: GenuineIntel
cpu family	: 6
model		: 142
model name	: Intel(R) Core(TM) i7-8550U CPU @ 1.80GHz
stepping	: 10
microcode	: 0xb4
cpu MHz		: 1992.002
cache size	: 8192 KB
physical id	: 0
siblings	: 6
core id		: 2
cpu cores	: 6
apicid		: 2
initial apicid	: 2
fpu		: yes
fpu_exception	: yes
cpuid level	: 22
wp		: yes
flags		: fpu vme de pse tsc msr pae mce cx8 apic sep mtrr pge mca cmov pat pse36 clflush mmx fxsr sse sse2 ss ht syscall nx pdpe1gb rdtscp lm constant_tsc arch_perfmon nopl xtopology tsc_reliable nonstop_tsc pni pclmulqdq vmx ssse3 fma cx16 pcid sse4_1 sse4_2 x2apic movbe popcnt tsc_deadline_timer aes xsave avx f16c rdrand hypervisor lahf_lm abm 3dnowprefetch invpcid_single ssbd ibrs ibpb stibp kaiser tpr_shadow vnmi ept vpid fsgsbase tsc_adjust bmi1 avx2 smep bmi2 invpcid mpx rdseed adx smap clflushopt xsaveopt xsavec arat md_clear flush_l1d arch_capabilities
bugs		: cpu_meltdown spectre_v1 spectre_v2 spec_store_bypass l1tf mds swapgs
bogomips	: 3984.00
clflush size	: 64
cache_alignment	: 64
address sizes	: 43 bits physical, 48 bits virtual
power management:

processor	: 3
vendor_id	: GenuineIntel
cpu family	: 6
model		: 142
model name	: Intel(R) Core(TM) i7-8550U CPU @ 1.80GHz
stepping	: 10
microcode	: 0xb4
cpu MHz		: 1992.002
cache size	: 8192 KB
physical id	: 0
siblings	: 6
core id		: 3
cpu cores	: 6
apicid		: 3
initial apicid	: 3
fpu		: yes
fpu_exception	: yes
cpuid level	: 22
wp		: yes
flags		: fpu vme de pse tsc msr pae mce cx8 apic sep mtrr pge mca cmov pat pse36 clflush mmx fxsr sse sse2 ss ht syscall nx pdpe1gb rdtscp lm constant_tsc arch_perfmon nopl xtopology tsc_reliable nonstop_tsc pni pclmulqdq vmx ssse3 fma cx16 pcid sse4_1 sse4_2 x2apic movbe popcnt tsc_deadline_timer aes xsave avx f16c rdrand hypervisor lahf_lm abm 3dnowprefetch invpcid_single ssbd ibrs ibpb stibp kaiser tpr_shadow vnmi ept vpid fsgsbase tsc_adjust bmi1 avx2 smep bmi2 invpcid mpx rdseed adx smap clflushopt xsaveopt xsavec arat md_clear flush_l1d arch_capabilities
bugs		: cpu_meltdown spectre_v1 spectre_v2 spec_store_bypass l1tf mds swapgs
bogomips	: 3984.00
clflush size	: 64
cache_alignment	: 64
address sizes	: 43 bits physical, 48 bits virtual
power management:

processor	: 4
vendor_id	: GenuineIntel
cpu family	: 6
model		: 142
model name	: Intel(R) Core(TM) i7-8550U CPU @ 1.80GHz
stepping	: 10
microcode	: 0xb4
cpu MHz		: 1992.002
cache size	: 8192 KB
physical id	: 0
siblings	: 6
core id		: 4
cpu cores	: 6
apicid		: 4
initial apicid	: 4
fpu		: yes
fpu_exception	: yes
cpuid level	: 22
wp		: yes
flags		: fpu vme de pse tsc msr pae mce cx8 apic sep mtrr pge mca cmov pat pse36 clflush mmx fxsr sse sse2 ss ht syscall nx pdpe1gb rdtscp lm constant_tsc arch_perfmon nopl xtopology tsc_reliable nonstop_tsc pni pclmulqdq vmx ssse3 fma cx16 pcid sse4_1 sse4_2 x2apic movbe popcnt tsc_deadline_timer aes xsave avx f16c rdrand hypervisor lahf_lm abm 3dnowprefetch invpcid_single ssbd ibrs ibpb stibp kaiser tpr_shadow vnmi ept vpid fsgsbase tsc_adjust bmi1 avx2 smep bmi2 invpcid mpx rdseed adx smap clflushopt xsaveopt xsavec arat md_clear flush_l1d arch_capabilities
bugs		: cpu_meltdown spectre_v1 spectre_v2 spec_store_bypass l1tf mds swapgs
bogomips	: 3984.00
clflush size	: 64
cache_alignment	: 64
address sizes	: 43 bits physical, 48 bits virtual
power management:

processor	: 5
vendor_id	: GenuineIntel
cpu family	: 6
model		: 142
model name	: Intel(R) Core(TM) i7-8550U CPU @ 1.80GHz
stepping	: 10
microcode	: 0xb4
cpu MHz		: 1992.002
cache size	: 8192 KB
physical id	: 0
siblings	: 6
core id		: 5
cpu cores	: 6
apicid		: 5
initial apicid	: 5
fpu		: yes
fpu_exception	: yes
cpuid level	: 22
wp		: yes
flags		: fpu vme de pse tsc msr pae mce cx8 apic sep mtrr pge mca cmov pat pse36 clflush mmx fxsr sse sse2 ss ht syscall nx pdpe1gb rdtscp lm constant_tsc arch_perfmon nopl xtopology tsc_reliable nonstop_tsc pni pclmulqdq vmx ssse3 fma cx16 pcid sse4_1 sse4_2 x2apic movbe popcnt tsc_deadline_timer aes xsave avx f16c rdrand hypervisor lahf_lm abm 3dnowprefetch invpcid_single ssbd ibrs ibpb stibp kaiser tpr_shadow vnmi ept vpid fsgsbase tsc_adjust bmi1 avx2 smep bmi2 invpcid mpx rdseed adx smap clflushopt xsaveopt xsavec arat md_clear flush_l1d arch_capabilities
bugs		: cpu_meltdown spectre_v1 spectre_v2 spec_store_bypass l1tf mds swapgs
bogomips	: 3984.00
clflush size	: 64
cache_alignment	: 64
address sizes	: 43 bits physical, 48 bits virtual
power management:



Memory: 4k page, physical 8156756k(103980k free), swap 0k(0k free)

vm_info: OpenJDK 64-Bit Server VM (25.222-b10) for linux-amd64 JRE (1.8.0_222-8u222-b10-1ubuntu1~16.04.1-b10), built on Jul 18 2019 20:25:18 by "buildd" with gcc 5.4.0 20160609

time: Thu Oct 31 07:32:55 2019
timezone: +03
elapsed time: 1836 seconds (0d 0h 30m 36s)

